{
  "uid" : "93b414f5d431ef32",
  "name" : "test_OpenRoaming_2g_WPA2_EAP_NAT[push_ap_profile0-setup_profiles0]",
  "fullName" : "e2e.interOp.iOS.OpenRoamingPassPoint.test_OpenRoaming_NatMode.TestOpenRoamingNAT#test_OpenRoaming_2g_WPA2_EAP_NAT",
  "historyId" : "67efd3ad6c8b2f48b2b961394cee9526",
  "time" : {
    "start" : 1629678518144,
    "stop" : 1629678518144,
    "duration" : 0
  },
  "status" : "broken",
  "statusMessage" : "KeyError: 'interop'",
  "statusTrace" : "testbed = 'interop'\nrequest = <SubRequest 'get_configuration' for <Function test_AccessPointConnection_5g_WPA2_Personal[setup_profiles0]>>\n\n    @pytest.fixture(scope=\"session\")\n    def get_configuration(testbed, request):\n        \"\"\"yields the selected testbed information from lab info file (configuration.py)\"\"\"\n        if request.config.getini(\"cloud_ctlr\") != \"0\":\n            CONFIGURATION[testbed][\"controller\"][\"url\"] = request.config.getini(\"cloud_ctlr\")\n>       yield CONFIGURATION[testbed]\nE       KeyError: 'interop'\n\nconftest.py:225: KeyError",
  "flaky" : false,
  "newFailed" : false,
  "beforeStages" : [ {
    "name" : "passpoint_profile_info",
    "time" : {
      "start" : 1629678518059,
      "stop" : 1629678518060,
      "duration" : 1
    },
    "status" : "passed",
    "steps" : [ ],
    "attachments" : [ {
      "uid" : "daca9774b3ebfc75",
      "name" : "Passpoint profile Info: ",
      "source" : "daca9774b3ebfc75.attach",
      "type" : "text/plain",
      "size" : 928
    } ],
    "parameters" : [ ],
    "stepsCount" : 0,
    "attachmentsCount" : 1,
    "shouldDisplayMessage" : false,
    "hasContent" : true
  }, {
    "name" : "get_configuration",
    "time" : {
      "start" : 1629678517270,
      "stop" : 1629678517270,
      "duration" : 0
    },
    "status" : "broken",
    "statusMessage" : "KeyError: 'interop'\n",
    "statusTrace" : "  File \"/usr/local/lib/python3.8/site-packages/pluggy/callers.py\", line 187, in _multicall\n    res = hook_impl.function(*args)\n  File \"/usr/local/lib/python3.8/site-packages/_pytest/fixtures.py\", line 1126, in pytest_fixture_setup\n    result = call_fixture_func(fixturefunc, request, kwargs)\n  File \"/usr/local/lib/python3.8/site-packages/_pytest/fixtures.py\", line 925, in call_fixture_func\n    fixture_result = next(generator)\n  File \"/wlan-testing/tests/conftest.py\", line 225, in get_configuration\n    yield CONFIGURATION[testbed]\n",
    "steps" : [ ],
    "attachments" : [ ],
    "parameters" : [ ],
    "stepsCount" : 0,
    "attachmentsCount" : 0,
    "shouldDisplayMessage" : true,
    "hasContent" : true
  }, {
    "name" : "testbed",
    "time" : {
      "start" : 1629678517270,
      "stop" : 1629678517270,
      "duration" : 0
    },
    "status" : "passed",
    "steps" : [ ],
    "attachments" : [ ],
    "parameters" : [ ],
    "stepsCount" : 0,
    "attachmentsCount" : 0,
    "shouldDisplayMessage" : false,
    "hasContent" : false
  }, {
    "name" : "add_allure_environment_property",
    "time" : {
      "start" : 1629678517269,
      "stop" : 1629678517270,
      "duration" : 1
    },
    "status" : "passed",
    "steps" : [ ],
    "attachments" : [ ],
    "parameters" : [ ],
    "stepsCount" : 0,
    "attachmentsCount" : 0,
    "shouldDisplayMessage" : false,
    "hasContent" : false
  } ],
  "afterStages" : [ {
    "name" : "passpoint_profile_info::0",
    "time" : {
      "start" : 1629678519339,
      "stop" : 1629678519339,
      "duration" : 0
    },
    "status" : "passed",
    "steps" : [ ],
    "attachments" : [ ],
    "parameters" : [ ],
    "stepsCount" : 0,
    "attachmentsCount" : 0,
    "shouldDisplayMessage" : false,
    "hasContent" : false
  }, {
    "name" : "testbed::0",
    "time" : {
      "start" : 1629678519332,
      "stop" : 1629678519332,
      "duration" : 0
    },
    "status" : "passed",
    "steps" : [ ],
    "attachments" : [ ],
    "parameters" : [ ],
    "stepsCount" : 0,
    "attachmentsCount" : 0,
    "shouldDisplayMessage" : false,
    "hasContent" : false
  }, {
    "name" : "add_allure_environment_property::0",
    "time" : {
      "start" : 1629678519332,
      "stop" : 1629678519333,
      "duration" : 1
    },
    "status" : "passed",
    "steps" : [ ],
    "attachments" : [ ],
    "parameters" : [ ],
    "stepsCount" : 0,
    "attachmentsCount" : 0,
    "shouldDisplayMessage" : false,
    "hasContent" : false
  } ],
  "labels" : [ {
    "name" : "feature",
    "value" : "NAT MODE EAP PASSPOINT SETUP"
  }, {
    "name" : "tag",
    "value" : "twog"
  }, {
    "name" : "tag",
    "value" : "interop_ios"
  }, {
    "name" : "tag",
    "value" : "nat"
  }, {
    "name" : "tag",
    "value" : "sanity"
  }, {
    "name" : "tag",
    "value" : "@pytest.mark.usefixtures('push_ap_profile')"
  }, {
    "name" : "tag",
    "value" : "interop"
  }, {
    "name" : "tag",
    "value" : "wpa2_eap"
  }, {
    "name" : "tag",
    "value" : "openRoaming"
  }, {
    "name" : "tag",
    "value" : "ios"
  }, {
    "name" : "parentSuite",
    "value" : "e2e.interOp.iOS.OpenRoamingPassPoint"
  }, {
    "name" : "suite",
    "value" : "test_OpenRoaming_NatMode"
  }, {
    "name" : "subSuite",
    "value" : "TestOpenRoamingNAT"
  }, {
    "name" : "host",
    "value" : "interop-ci-171-ios-vrtnh"
  }, {
    "name" : "thread",
    "value" : "8-MainThread"
  }, {
    "name" : "framework",
    "value" : "pytest"
  }, {
    "name" : "language",
    "value" : "cpython3"
  }, {
    "name" : "package",
    "value" : "e2e.interOp.iOS.OpenRoamingPassPoint.test_OpenRoaming_NatMode"
  }, {
    "name" : "resultFormat",
    "value" : "allure2"
  } ],
  "parameters" : [ {
    "name" : "push_ap_profile",
    "value" : "{'ssid_names': ['ssid_wpa2_eap_passpoint_2g', 'passpoint_profile_download']}"
  }, {
    "name" : "setup_profiles",
    "value" : "{'mode': 'NAT', 'ssid_modes': {'open': [{'ssid_name': 'passpoint_profile_download', 'appliedRadios': ['is2dot4GHz']}], 'wpa2_eap': [{'ssid_name': 'ssid_wpa2_eap_passpoint_2g', 'appliedRadios': ['is2dot4GHz']}, {'ssid_name': 'ssid_wpa2_eap_passpoint_5g', 'appliedRadios': ['is5GHz']}], 'wpa2_only_eap': [{'ssid_name': 'ssid_wpa2_only_eap_passpoint_2g', 'appliedRadios': ['is2dot4GHz']}, {'ssid_name': 'ssid_wpa2_only_eap_passpoint_5g', 'appliedRadios': ['is5GHz']}]}}"
  } ],
  "links" : [ ],
  "hidden" : false,
  "retry" : false,
  "extra" : {
    "severity" : "normal",
    "retries" : [ ],
    "categories" : [ {
      "name" : "Test defects",
      "matchedStatuses" : [ ],
      "flaky" : false
    } ],
    "history" : {
      "statistic" : {
        "failed" : 33,
        "broken" : 11,
        "skipped" : 1,
        "passed" : 0,
        "unknown" : 0,
        "total" : 45
      },
      "items" : [ {
        "uid" : "86cced711ce696c6",
        "status" : "broken",
        "statusDetails" : "KeyError: 'interop'",
        "time" : {
          "start" : 1629649270739,
          "stop" : 1629649270739,
          "duration" : 0
        }
      }, {
        "uid" : "7845abb2602c2c3c",
        "status" : "skipped",
        "statusDetails" : "XFAIL reason: SSID NOT AVAILABLE IN VIF STATE\n\n_pytest.outcomes.XFailed: SSID NOT AVAILABLE IN VIF STATE",
        "time" : {
          "start" : 1629611243825,
          "stop" : 1629611243825,
          "duration" : 0
        }
      }, {
        "uid" : "1e6636bf5d58f18b",
        "status" : "failed",
        "statusDetails" : "AssertionError: assert False",
        "time" : {
          "start" : 1629520187856,
          "stop" : 1629520187857,
          "duration" : 1
        }
      }, {
        "uid" : "2d6b0487771c433b",
        "status" : "failed",
        "statusDetails" : "AssertionError: assert False",
        "time" : {
          "start" : 1629433967110,
          "stop" : 1629433967110,
          "duration" : 0
        }
      }, {
        "uid" : "da551faf1f4fd74e",
        "status" : "broken",
        "statusDetails" : "AttributeError: 'Controller' object has no attribute 'equipment_client'",
        "time" : {
          "start" : 1629340532357,
          "stop" : 1629340532357,
          "duration" : 0
        }
      }, {
        "uid" : "a68b7ffc0c62b834",
        "status" : "failed",
        "statusDetails" : "AssertionError: assert False",
        "time" : {
          "start" : 1629169955805,
          "stop" : 1629169955805,
          "duration" : 0
        }
      }, {
        "uid" : "bd6c5fc8173f1e2c",
        "status" : "failed",
        "statusDetails" : "AssertionError: assert False",
        "time" : {
          "start" : 1629083911643,
          "stop" : 1629083911643,
          "duration" : 0
        }
      }, {
        "uid" : "3962df7ceb7872d6",
        "status" : "failed",
        "statusDetails" : "AssertionError: assert False",
        "time" : {
          "start" : 1628997227907,
          "stop" : 1628997227908,
          "duration" : 1
        }
      }, {
        "uid" : "7748be9fd0bb6bd2",
        "status" : "failed",
        "statusDetails" : "AssertionError: assert False",
        "time" : {
          "start" : 1628905827429,
          "stop" : 1628905827430,
          "duration" : 1
        }
      }, {
        "uid" : "d96770c4db9790c4",
        "status" : "broken",
        "statusDetails" : "NameError: name 'request' is not defined",
        "time" : {
          "start" : 1628382430090,
          "stop" : 1628382430090,
          "duration" : 0
        }
      }, {
        "uid" : "31be7cde2293f493",
        "status" : "broken",
        "statusDetails" : "IndexError: list index out of range",
        "time" : {
          "start" : 1628296120010,
          "stop" : 1628296120010,
          "duration" : 0
        }
      }, {
        "uid" : "36cfca3ee9e77019",
        "status" : "broken",
        "statusDetails" : "IndexError: list index out of range",
        "time" : {
          "start" : 1628209751663,
          "stop" : 1628209751663,
          "duration" : 0
        }
      }, {
        "uid" : "3521390acebdc6c8",
        "status" : "failed",
        "statusDetails" : "AssertionError: assert False",
        "time" : {
          "start" : 1628133654131,
          "stop" : 1628133924293,
          "duration" : 270162
        }
      }, {
        "uid" : "618d342e6168294d",
        "status" : "failed",
        "statusDetails" : "AssertionError: assert False",
        "time" : {
          "start" : 1628047553462,
          "stop" : 1628047819681,
          "duration" : 266219
        }
      }, {
        "uid" : "2675994ad3c73b77",
        "status" : "failed",
        "statusDetails" : "AssertionError",
        "time" : {
          "start" : 1627960859916,
          "stop" : 1627961029422,
          "duration" : 169506
        }
      }, {
        "uid" : "f7cd28d8dd73fed8",
        "status" : "broken",
        "statusDetails" : "selenium.common.exceptions.TimeoutException: Message: \nStacktrace:\n    at sun.reflect.GeneratedConstructorAccessor397.newInstance (None:-1)\n    at sun.reflect.DelegatingConstructorAccessorImpl.newInstance (DelegatingConstructorAccessorImpl.java:45)\n    at java.lang.reflect.Constructor.newInstance (Constructor.java:423)\n    at org.openqa.selenium.remote.http.W3CHttpResponseCodec.createException (W3CHttpResponseCodec.java:187)\n    at org.openqa.selenium.remote.http.W3CHttpResponseCodec.decode (W3CHttpResponseCodec.java:122)\n    at org.openqa.selenium.remote.http.W3CHttpResponseCodec.decode (W3CHttpResponseCodec.java:49)\n    at org.openqa.selenium.remote.HttpCommandExecutor.execute (HttpCommandExecutor.java:158)\n    at io.appium.java_client.remote.AppiumCommandExecutor.execute (AppiumCommandExecutor.java:239)\n    at org.openqa.selenium.remote.RemoteWebDriver.execute (RemoteWebDriver.java:552)\n    at io.appium.java_client.DefaultGenericMobileDriver.execute (DefaultGenericMobileDriver.java:41)\n    at io.appium.java_client.AppiumDriver.execute (AppiumDriver.java:1)\n    at io.appium.java_client.ios.IOSDriver.execute (IOSDriver.java:1)\n    at org.openqa.selenium.remote.RemoteWebDriver.findElement (RemoteWebDriver.java:323)\n    at io.appium.java_client.DefaultGenericMobileDriver.findElement (DefaultGenericMobileDriver.java:61)\n    at io.appium.java_client.AppiumDriver.findElement (AppiumDriver.java:1)\n    at io.appium.java_client.ios.IOSDriver.findElement (IOSDriver.java:1)\n    at org.openqa.selenium.remote.RemoteWebDriver.findElementByXPath (RemoteWebDriver.java:428)\n    at io.appium.java_client.DefaultGenericMobileDriver.findElementByXPath (DefaultGenericMobileDriver.java:151)\n    at io.appium.java_client.AppiumDriver.findElementByXPath (AppiumDriver.java:1)\n    at io.appium.java_client.ios.IOSDriver.findElementByXPath (IOSDriver.java:1)\n    at org.openqa.selenium.By$ByXPath.findElement (By.java:353)\n    at org.openqa.selenium.remote.RemoteWebDriver.findElement (RemoteWebDriver.java:315)\n    at io.appium.java_client.DefaultGenericMobileDriver.findElement (DefaultGenericMobileDriver.java:57)\n    at io.appium.java_client.AppiumDriver.findElement (AppiumDriver.java:1)\n    at io.appium.java_client.ios.IOSDriver.findElement (IOSDriver.java:1)\n    at com.perfectomobile.selenium.server.appium.AppiumIOSDriverWrapper$2.call (AppiumIOSDriverWrapper.java:94)\n    at com.nexperience.function.execute.ExecuteCallableCommand.process (ExecuteCallableCommand.java:30)\n    at com.nexperience.engine.script.command.AbstractScriptCommand.doExecute (AbstractScriptCommand.java:173)\n    at com.nexperience.engine.script.command.ScriptCommandBase.execute (ScriptCommandBase.java:105)\n    at com.nexperience.engine.script.tcl.event.CommandTclEvent.processEvent (CommandTclEvent.java:43)\n    at com.nexperience.engine.script.tcl.event.MaseTclEvent.processEvent (MaseTclEvent.java:56)\n    at tcl.lang.Notifier.serviceEvent (Notifier.java:457)\n    at tcl.lang.Notifier.doOneEvent (Notifier.java:610)\n    at tcl.lang.Notifier.processTclEvents (Notifier.java:786)\n    at com.nexperience.engine.script.tcl.event.TclEventProcessor.start (TclEventProcessor.java:80)\n    at com.nexperience.engine.script.tcl.TclInterpreter.startEventProcessing (TclInterpreter.java:552)\n    at com.nexperience.engine.script.execution.step.StepExecutionEventProcessor.callImpl (StepExecutionEventProcessor.java:85)\n    at com.nexperience.engine.script.execution.step.StepExecutionEventProcessor.callImpl (StepExecutionEventProcessor.java:21)\n    at com.nexperience.util.thread.WrappedCallable.call (WrappedCallable.java:31)\n    at java.util.concurrent.FutureTask.run (FutureTask.java:266)\n    at java.util.concurrent.ThreadPoolExecutor.runWorker (ThreadPoolExecutor.java:1142)\n    at java.util.concurrent.ThreadPoolExecutor$Worker.run (ThreadPoolExecutor.java:617)\n    at java.lang.Thread.run (Thread.java:748)",
        "time" : {
          "start" : 1627898894085,
          "stop" : 1627898975661,
          "duration" : 81576
        }
      }, {
        "uid" : "34749271e6fa6899",
        "status" : "failed",
        "statusDetails" : "AssertionError: assert False",
        "time" : {
          "start" : 1627787039310,
          "stop" : 1627787039310,
          "duration" : 0
        }
      }, {
        "uid" : "342f85447e37a0a",
        "status" : "broken",
        "statusDetails" : "selenium.common.exceptions.TimeoutException: Message: \nStacktrace:\n    at sun.reflect.GeneratedConstructorAccessor2271.newInstance (None:-1)\n    at sun.reflect.DelegatingConstructorAccessorImpl.newInstance (DelegatingConstructorAccessorImpl.java:45)\n    at java.lang.reflect.Constructor.newInstance (Constructor.java:423)\n    at org.openqa.selenium.remote.http.W3CHttpResponseCodec.createException (W3CHttpResponseCodec.java:187)\n    at org.openqa.selenium.remote.http.W3CHttpResponseCodec.decode (W3CHttpResponseCodec.java:122)\n    at org.openqa.selenium.remote.http.W3CHttpResponseCodec.decode (W3CHttpResponseCodec.java:49)\n    at org.openqa.selenium.remote.HttpCommandExecutor.execute (HttpCommandExecutor.java:158)\n    at io.appium.java_client.remote.AppiumCommandExecutor.execute (AppiumCommandExecutor.java:239)\n    at org.openqa.selenium.remote.RemoteWebDriver.execute (RemoteWebDriver.java:552)\n    at io.appium.java_client.DefaultGenericMobileDriver.execute (DefaultGenericMobileDriver.java:41)\n    at io.appium.java_client.AppiumDriver.execute (AppiumDriver.java:1)\n    at io.appium.java_client.ios.IOSDriver.execute (IOSDriver.java:1)\n    at org.openqa.selenium.remote.RemoteWebDriver.findElement (RemoteWebDriver.java:323)\n    at io.appium.java_client.DefaultGenericMobileDriver.findElement (DefaultGenericMobileDriver.java:61)\n    at io.appium.java_client.AppiumDriver.findElement (AppiumDriver.java:1)\n    at io.appium.java_client.ios.IOSDriver.findElement (IOSDriver.java:1)\n    at org.openqa.selenium.remote.RemoteWebDriver.findElementByXPath (RemoteWebDriver.java:428)\n    at io.appium.java_client.DefaultGenericMobileDriver.findElementByXPath (DefaultGenericMobileDriver.java:151)\n    at io.appium.java_client.AppiumDriver.findElementByXPath (AppiumDriver.java:1)\n    at io.appium.java_client.ios.IOSDriver.findElementByXPath (IOSDriver.java:1)\n    at org.openqa.selenium.By$ByXPath.findElement (By.java:353)\n    at org.openqa.selenium.remote.RemoteWebDriver.findElement (RemoteWebDriver.java:315)\n    at io.appium.java_client.DefaultGenericMobileDriver.findElement (DefaultGenericMobileDriver.java:57)\n    at io.appium.java_client.AppiumDriver.findElement (AppiumDriver.java:1)\n    at io.appium.java_client.ios.IOSDriver.findElement (IOSDriver.java:1)\n    at com.perfectomobile.selenium.server.appium.AppiumIOSDriverWrapper$2.call (AppiumIOSDriverWrapper.java:94)\n    at com.nexperience.function.execute.ExecuteCallableCommand.process (ExecuteCallableCommand.java:30)\n    at com.nexperience.engine.script.command.AbstractScriptCommand.doExecute (AbstractScriptCommand.java:173)\n    at com.nexperience.engine.script.command.ScriptCommandBase.execute (ScriptCommandBase.java:105)\n    at com.nexperience.engine.script.tcl.event.CommandTclEvent.processEvent (CommandTclEvent.java:43)\n    at com.nexperience.engine.script.tcl.event.MaseTclEvent.processEvent (MaseTclEvent.java:56)\n    at tcl.lang.Notifier.serviceEvent (Notifier.java:457)\n    at tcl.lang.Notifier.doOneEvent (Notifier.java:610)\n    at tcl.lang.Notifier.processTclEvents (Notifier.java:786)\n    at com.nexperience.engine.script.tcl.event.TclEventProcessor.start (TclEventProcessor.java:80)\n    at com.nexperience.engine.script.tcl.TclInterpreter.startEventProcessing (TclInterpreter.java:552)\n    at com.nexperience.engine.script.execution.step.StepExecutionEventProcessor.callImpl (StepExecutionEventProcessor.java:85)\n    at com.nexperience.engine.script.execution.step.StepExecutionEventProcessor.callImpl (StepExecutionEventProcessor.java:21)\n    at com.nexperience.util.thread.WrappedCallable.call (WrappedCallable.java:31)\n    at java.util.concurrent.FutureTask.run (FutureTask.java:266)\n    at java.util.concurrent.ThreadPoolExecutor.runWorker (ThreadPoolExecutor.java:1142)\n    at java.util.concurrent.ThreadPoolExecutor$Worker.run (ThreadPoolExecutor.java:617)\n    at java.lang.Thread.run (Thread.java:748)",
        "time" : {
          "start" : 1627613579006,
          "stop" : 1627613660891,
          "duration" : 81885
        }
      }, {
        "uid" : "a4d8f3f2fbc11289",
        "status" : "failed",
        "statusDetails" : "AssertionError: assert False",
        "time" : {
          "start" : 1627439023076,
          "stop" : 1627439023077,
          "duration" : 1
        }
      }, {
        "uid" : "aa28722f001612f8",
        "status" : "broken",
        "statusDetails" : "selenium.common.exceptions.TimeoutException: Message: \nStacktrace:\n    at sun.reflect.GeneratedConstructorAccessor1868.newInstance (None:-1)\n    at sun.reflect.DelegatingConstructorAccessorImpl.newInstance (DelegatingConstructorAccessorImpl.java:45)\n    at java.lang.reflect.Constructor.newInstance (Constructor.java:423)\n    at org.openqa.selenium.remote.http.W3CHttpResponseCodec.createException (W3CHttpResponseCodec.java:187)\n    at org.openqa.selenium.remote.http.W3CHttpResponseCodec.decode (W3CHttpResponseCodec.java:122)\n    at org.openqa.selenium.remote.http.W3CHttpResponseCodec.decode (W3CHttpResponseCodec.java:49)\n    at org.openqa.selenium.remote.HttpCommandExecutor.execute (HttpCommandExecutor.java:158)\n    at io.appium.java_client.remote.AppiumCommandExecutor.execute (AppiumCommandExecutor.java:239)\n    at org.openqa.selenium.remote.RemoteWebDriver.execute (RemoteWebDriver.java:552)\n    at io.appium.java_client.DefaultGenericMobileDriver.execute (DefaultGenericMobileDriver.java:41)\n    at io.appium.java_client.AppiumDriver.execute (AppiumDriver.java:1)\n    at io.appium.java_client.ios.IOSDriver.execute (IOSDriver.java:1)\n    at org.openqa.selenium.remote.RemoteWebDriver.findElement (RemoteWebDriver.java:323)\n    at io.appium.java_client.DefaultGenericMobileDriver.findElement (DefaultGenericMobileDriver.java:61)\n    at io.appium.java_client.AppiumDriver.findElement (AppiumDriver.java:1)\n    at io.appium.java_client.ios.IOSDriver.findElement (IOSDriver.java:1)\n    at org.openqa.selenium.remote.RemoteWebDriver.findElementByXPath (RemoteWebDriver.java:428)\n    at io.appium.java_client.DefaultGenericMobileDriver.findElementByXPath (DefaultGenericMobileDriver.java:151)\n    at io.appium.java_client.AppiumDriver.findElementByXPath (AppiumDriver.java:1)\n    at io.appium.java_client.ios.IOSDriver.findElementByXPath (IOSDriver.java:1)\n    at org.openqa.selenium.By$ByXPath.findElement (By.java:353)\n    at org.openqa.selenium.remote.RemoteWebDriver.findElement (RemoteWebDriver.java:315)\n    at io.appium.java_client.DefaultGenericMobileDriver.findElement (DefaultGenericMobileDriver.java:57)\n    at io.appium.java_client.AppiumDriver.findElement (AppiumDriver.java:1)\n    at io.appium.java_client.ios.IOSDriver.findElement (IOSDriver.java:1)\n    at com.perfectomobile.selenium.server.appium.AppiumIOSDriverWrapper$2.call (AppiumIOSDriverWrapper.java:94)\n    at com.nexperience.function.execute.ExecuteCallableCommand.process (ExecuteCallableCommand.java:30)\n    at com.nexperience.engine.script.command.AbstractScriptCommand.doExecute (AbstractScriptCommand.java:173)\n    at com.nexperience.engine.script.command.ScriptCommandBase.execute (ScriptCommandBase.java:105)\n    at com.nexperience.engine.script.tcl.event.CommandTclEvent.processEvent (CommandTclEvent.java:43)\n    at com.nexperience.engine.script.tcl.event.MaseTclEvent.processEvent (MaseTclEvent.java:56)\n    at tcl.lang.Notifier.serviceEvent (Notifier.java:457)\n    at tcl.lang.Notifier.doOneEvent (Notifier.java:610)\n    at tcl.lang.Notifier.processTclEvents (Notifier.java:786)\n    at com.nexperience.engine.script.tcl.event.TclEventProcessor.start (TclEventProcessor.java:80)\n    at com.nexperience.engine.script.tcl.TclInterpreter.startEventProcessing (TclInterpreter.java:552)\n    at com.nexperience.engine.script.execution.step.StepExecutionEventProcessor.callImpl (StepExecutionEventProcessor.java:85)\n    at com.nexperience.engine.script.execution.step.StepExecutionEventProcessor.callImpl (StepExecutionEventProcessor.java:21)\n    at com.nexperience.util.thread.WrappedCallable.call (WrappedCallable.java:31)\n    at java.util.concurrent.FutureTask.run (FutureTask.java:266)\n    at java.util.concurrent.ThreadPoolExecutor.runWorker (ThreadPoolExecutor.java:1142)\n    at java.util.concurrent.ThreadPoolExecutor$Worker.run (ThreadPoolExecutor.java:617)\n    at java.lang.Thread.run (Thread.java:748)",
        "time" : {
          "start" : 1627355952395,
          "stop" : 1627356033525,
          "duration" : 81130
        }
      } ]
    },
    "tags" : [ "nat", "openRoaming", "wpa2_eap", "interop_ios", "interop", "sanity", "@pytest.mark.usefixtures('push_ap_profile')", "ios", "twog" ]
  },
  "source" : "93b414f5d431ef32.json",
  "parameterValues" : [ "{'ssid_names': ['ssid_wpa2_eap_passpoint_2g', 'passpoint_profile_download']}", "{'mode': 'NAT', 'ssid_modes': {'open': [{'ssid_name': 'passpoint_profile_download', 'appliedRadios': ['is2dot4GHz']}], 'wpa2_eap': [{'ssid_name': 'ssid_wpa2_eap_passpoint_2g', 'appliedRadios': ['is2dot4GHz']}, {'ssid_name': 'ssid_wpa2_eap_passpoint_5g', 'appliedRadios': ['is5GHz']}], 'wpa2_only_eap': [{'ssid_name': 'ssid_wpa2_only_eap_passpoint_2g', 'appliedRadios': ['is2dot4GHz']}, {'ssid_name': 'ssid_wpa2_only_eap_passpoint_5g', 'appliedRadios': ['is5GHz']}]}}" ]
}