{"name": "test_ClientConnectivity_5g_WPA[setup_profiles0]", "status": "broken", "statusDetails": {"message": "selenium.common.exceptions.NoSuchElementException: Message: Element with by xpath '//*[@class='gLFyf']' wasn't found.\nFor documentation on this error, please visit: https://www.seleniumhq.org/exceptions/no_such_element.html\nBuild info: version: '3.141.59', revision: 'e82be7d358', time: '2018-11-14T08:17:03'\nDriver info: driver.version: PerfectoMobileDriver\nStacktrace:\n    at com.perfectomobile.selenium.MobileApplication.getSingleElement (MobileApplication.java:337)\n    at com.perfectomobile.selenium.MobileApplication.findElementByXPath (MobileApplication.java:193)\n    at org.openqa.selenium.By$ByXPath.findElement (By.java:353)\n    at com.perfectomobile.selenium.MobileApplication.findElement (MobileApplication.java:132)\n    at com.perfectomobile.selenium.server.PerfectoMobileDriver.findElement (PerfectoMobileDriver.java:1045)\n    at org.openqa.selenium.remote.server.handler.FindElement.call (FindElement.java:49)\n    at org.openqa.selenium.remote.server.handler.FindElement.call (FindElement.java:32)\n    at org.openqa.selenium.remote.server.handler.WebDriverHandler.handle (WebDriverHandler.java:41)\n    at org.openqa.selenium.remote.server.rest.ResultConfig.handle (ResultConfig.java:125)\n    at org.openqa.selenium.remote.server.JsonHttpCommandHandler.handleRequest (JsonHttpCommandHandler.java:200)\n    at org.openqa.selenium.remote.server.PerfectoMobileSession.execute (PerfectoMobileSession.java:68)\n    at org.openqa.selenium.remote.server.MobileWebDriverServlet.lambda$handle$2 (MobileWebDriverServlet.java:298)\n    at java.util.concurrent.Executors$RunnableAdapter.call (Executors.java:511)\n    at java.util.concurrent.FutureTask.run (FutureTask.java:266)\n    at java.util.concurrent.ThreadPoolExecutor.runWorker (ThreadPoolExecutor.java:1142)\n    at java.util.concurrent.ThreadPoolExecutor$Worker.run (ThreadPoolExecutor.java:617)\n    at java.lang.Thread.run (Thread.java:748)", "trace": "self = <tests.e2e.interOp.iOS.client_connectivity.test_NatMode.TestNatMode object at 0x7fd6f02b6340>\nrequest = <FixtureRequest for <Function test_ClientConnectivity_5g_WPA[setup_profiles0]>>\nget_vif_state = ['ssid_open_2g', 'ssid_open_5g', 'ssid_wpa_2g', 'ssid_wpa_5g', 'ssid_wpa2_2g', 'ssid_wpa2_5g', ...]\nget_APToMobileDevice_data = {'BtnRunSpeedTest': \"//*[text()='RUN SPEED TEST']\", 'UploadMbps': \"//*[@id='knowledge-verticals-internetspeedtest__upl...[@class='spiqle']\", 'appPackage-android': 'com.android.settings', 'bundleId-iOS-Safari': 'com.apple.mobilesafari', ...}\nsetup_perfectoMobile_iOS = (<appium.webdriver.webdriver.WebDriver (session=\"7236d1ef-abfe-4f77-9d73-b067fb3cbace\")>, <perfecto.client.PerfectoReportiumClient.PerfectoReportiumClient object at 0x7fd6f0135ee0>)\n\n    @pytest.mark.fiveg\n    @pytest.mark.wpa\n    def test_ClientConnectivity_5g_WPA(self, request, get_vif_state, get_APToMobileDevice_data, setup_perfectoMobile_iOS):\n    \n        profile_data = setup_params_general[\"ssid_modes\"][\"wpa\"][1]\n        ssidName = profile_data[\"ssid_name\"]\n        ssidPassword = profile_data[\"security_key\"]\n        print (\"SSID_NAME: \" + ssidName)\n        print (\"SSID_PASS: \" + ssidPassword)\n        if ssidName not in get_vif_state:\n            allure.attach(name=\"retest,vif state ssid not available:\", body=str(get_vif_state))\n            pytest.xfail(\"SSID NOT AVAILABLE IN VIF STATE\")\n    \n        report = setup_perfectoMobile_iOS[1]\n        driver = setup_perfectoMobile_iOS[0]\n        connData = get_APToMobileDevice_data\n    \n        #Set Wifi/AP Mode\n        set_APconnMobileDevice_iOS(request, ssidName, ssidPassword, setup_perfectoMobile_iOS, connData)\n    \n        #Verify Upload download Speed from device Selection\n>       verifyUploadDownloadSpeediOS(request, setup_perfectoMobile_iOS, connData)\n\ne2e/interOp/iOS/client_connectivity/test_NatMode.py:152: \n_ _ _ _ _ _ _ _ _ _ _ _ _ _ _ _ _ _ _ _ _ _ _ _ _ _ _ _ _ _ _ _ _ _ _ _ _ _ _ _ \n../libs/perfecto_libs/iOS_lib.py:522: in verifyUploadDownloadSpeediOS\n    elementFindTxt = driver.find_element_by_xpath(connData[\"lblSearch\"])\n/usr/local/lib/python3.8/site-packages/selenium/webdriver/remote/webdriver.py:394: in find_element_by_xpath\n    return self.find_element(by=By.XPATH, value=xpath)\n/usr/local/lib/python3.8/site-packages/appium/webdriver/webdriver.py:283: in find_element\n    return self.execute(RemoteCommand.FIND_ELEMENT, {'using': by, 'value': value})['value']\n/usr/local/lib/python3.8/site-packages/selenium/webdriver/remote/webdriver.py:321: in execute\n    self.error_handler.check_response(response)\n/usr/local/lib/python3.8/site-packages/appium/webdriver/errorhandler.py:31: in check_response\n    raise wde\n/usr/local/lib/python3.8/site-packages/appium/webdriver/errorhandler.py:26: in check_response\n    super().check_response(response)\n_ _ _ _ _ _ _ _ _ _ _ _ _ _ _ _ _ _ _ _ _ _ _ _ _ _ _ _ _ _ _ _ _ _ _ _ _ _ _ _ \n\nself = <appium.webdriver.errorhandler.MobileErrorHandler object at 0x7fd6f01356d0>\nresponse = {'status': 500, 'value': '{\\n  \"sessionId\": \"5bde5cec-0378-43f5-bebc-ab2346147c85\",\\n  \"state\": \"no such element\",\\n  ...8\",\\n      \"releaseLabel\": \"3.141.59\",\\n      \"class\": \"org.openqa.selenium.BuildInfo\"\\n    }\\n  },\\n  \"status\": 7\\n}'}\n\n    def check_response(self, response):\n        \"\"\"\n        Checks that a JSON response from the WebDriver does not have an error.\n    \n        :Args:\n         - response - The JSON response from the WebDriver server as a dictionary\n           object.\n    \n        :Raises: If the response contains an error message.\n        \"\"\"\n        status = response.get('status', None)\n        if status is None or status == ErrorCode.SUCCESS:\n            return\n        value = None\n        message = response.get(\"message\", \"\")\n        screen = response.get(\"screen\", \"\")\n        stacktrace = None\n        if isinstance(status, int):\n            value_json = response.get('value', None)\n            if value_json and isinstance(value_json, basestring):\n                import json\n                try:\n                    value = json.loads(value_json)\n                    if len(value.keys()) == 1:\n                        value = value['value']\n                    status = value.get('error', None)\n                    if status is None:\n                        status = value[\"status\"]\n                        message = value[\"value\"]\n                        if not isinstance(message, basestring):\n                            value = message\n                            message = message.get('message')\n                    else:\n                        message = value.get('message', None)\n                except ValueError:\n                    pass\n    \n        exception_class = ErrorInResponseException\n        if status in ErrorCode.NO_SUCH_ELEMENT:\n            exception_class = NoSuchElementException\n        elif status in ErrorCode.NO_SUCH_FRAME:\n            exception_class = NoSuchFrameException\n        elif status in ErrorCode.NO_SUCH_WINDOW:\n            exception_class = NoSuchWindowException\n        elif status in ErrorCode.STALE_ELEMENT_REFERENCE:\n            exception_class = StaleElementReferenceException\n        elif status in ErrorCode.ELEMENT_NOT_VISIBLE:\n            exception_class = ElementNotVisibleException\n        elif status in ErrorCode.INVALID_ELEMENT_STATE:\n            exception_class = InvalidElementStateException\n        elif status in ErrorCode.INVALID_SELECTOR \\\n                or status in ErrorCode.INVALID_XPATH_SELECTOR \\\n                or status in ErrorCode.INVALID_XPATH_SELECTOR_RETURN_TYPER:\n            exception_class = InvalidSelectorException\n        elif status in ErrorCode.ELEMENT_IS_NOT_SELECTABLE:\n            exception_class = ElementNotSelectableException\n        elif status in ErrorCode.ELEMENT_NOT_INTERACTABLE:\n            exception_class = ElementNotInteractableException\n        elif status in ErrorCode.INVALID_COOKIE_DOMAIN:\n            exception_class = InvalidCookieDomainException\n        elif status in ErrorCode.UNABLE_TO_SET_COOKIE:\n            exception_class = UnableToSetCookieException\n        elif status in ErrorCode.TIMEOUT:\n            exception_class = TimeoutException\n        elif status in ErrorCode.SCRIPT_TIMEOUT:\n            exception_class = TimeoutException\n        elif status in ErrorCode.UNKNOWN_ERROR:\n            exception_class = WebDriverException\n        elif status in ErrorCode.UNEXPECTED_ALERT_OPEN:\n            exception_class = UnexpectedAlertPresentException\n        elif status in ErrorCode.NO_ALERT_OPEN:\n            exception_class = NoAlertPresentException\n        elif status in ErrorCode.IME_NOT_AVAILABLE:\n            exception_class = ImeNotAvailableException\n        elif status in ErrorCode.IME_ENGINE_ACTIVATION_FAILED:\n            exception_class = ImeActivationFailedException\n        elif status in ErrorCode.MOVE_TARGET_OUT_OF_BOUNDS:\n            exception_class = MoveTargetOutOfBoundsException\n        elif status in ErrorCode.JAVASCRIPT_ERROR:\n            exception_class = JavascriptException\n        elif status in ErrorCode.SESSION_NOT_CREATED:\n            exception_class = SessionNotCreatedException\n        elif status in ErrorCode.INVALID_ARGUMENT:\n            exception_class = InvalidArgumentException\n        elif status in ErrorCode.NO_SUCH_COOKIE:\n            exception_class = NoSuchCookieException\n        elif status in ErrorCode.UNABLE_TO_CAPTURE_SCREEN:\n            exception_class = ScreenshotException\n        elif status in ErrorCode.ELEMENT_CLICK_INTERCEPTED:\n            exception_class = ElementClickInterceptedException\n        elif status in ErrorCode.INSECURE_CERTIFICATE:\n            exception_class = InsecureCertificateException\n        elif status in ErrorCode.INVALID_COORDINATES:\n            exception_class = InvalidCoordinatesException\n        elif status in ErrorCode.INVALID_SESSION_ID:\n            exception_class = InvalidSessionIdException\n        elif status in ErrorCode.UNKNOWN_METHOD:\n            exception_class = UnknownMethodException\n        else:\n            exception_class = WebDriverException\n        if value == '' or value is None:\n            value = response['value']\n        if isinstance(value, basestring):\n            if exception_class == ErrorInResponseException:\n                raise exception_class(response, value)\n            raise exception_class(value)\n        if message == \"\" and 'message' in value:\n            message = value['message']\n    \n        screen = None\n        if 'screen' in value:\n            screen = value['screen']\n    \n        stacktrace = None\n        if 'stackTrace' in value and value['stackTrace']:\n            stacktrace = []\n            try:\n                for frame in value['stackTrace']:\n                    line = self._value_or_default(frame, 'lineNumber', '')\n                    file = self._value_or_default(frame, 'fileName', '<anonymous>')\n                    if line:\n                        file = \"%s:%s\" % (file, line)\n                    meth = self._value_or_default(frame, 'methodName', '<anonymous>')\n                    if 'className' in frame:\n                        meth = \"%s.%s\" % (frame['className'], meth)\n                    msg = \"    at %s (%s)\"\n                    msg = msg % (meth, file)\n                    stacktrace.append(msg)\n            except TypeError:\n                pass\n        if exception_class == ErrorInResponseException:\n            raise exception_class(response, message)\n        elif exception_class == UnexpectedAlertPresentException:\n            alert_text = None\n            if 'data' in value:\n                alert_text = value['data'].get('text')\n            elif 'alert' in value:\n                alert_text = value['alert'].get('text')\n            raise exception_class(message, screen, stacktrace, alert_text)\n>       raise exception_class(message, screen, stacktrace)\nE       selenium.common.exceptions.NoSuchElementException: Message: Element with by xpath '//*[@class='gLFyf']' wasn't found.\nE       For documentation on this error, please visit: https://www.seleniumhq.org/exceptions/no_such_element.html\nE       Build info: version: '3.141.59', revision: 'e82be7d358', time: '2018-11-14T08:17:03'\nE       Driver info: driver.version: PerfectoMobileDriver\nE       Stacktrace:\nE           at com.perfectomobile.selenium.MobileApplication.getSingleElement (MobileApplication.java:337)\nE           at com.perfectomobile.selenium.MobileApplication.findElementByXPath (MobileApplication.java:193)\nE           at org.openqa.selenium.By$ByXPath.findElement (By.java:353)\nE           at com.perfectomobile.selenium.MobileApplication.findElement (MobileApplication.java:132)\nE           at com.perfectomobile.selenium.server.PerfectoMobileDriver.findElement (PerfectoMobileDriver.java:1045)\nE           at org.openqa.selenium.remote.server.handler.FindElement.call (FindElement.java:49)\nE           at org.openqa.selenium.remote.server.handler.FindElement.call (FindElement.java:32)\nE           at org.openqa.selenium.remote.server.handler.WebDriverHandler.handle (WebDriverHandler.java:41)\nE           at org.openqa.selenium.remote.server.rest.ResultConfig.handle (ResultConfig.java:125)\nE           at org.openqa.selenium.remote.server.JsonHttpCommandHandler.handleRequest (JsonHttpCommandHandler.java:200)\nE           at org.openqa.selenium.remote.server.PerfectoMobileSession.execute (PerfectoMobileSession.java:68)\nE           at org.openqa.selenium.remote.server.MobileWebDriverServlet.lambda$handle$2 (MobileWebDriverServlet.java:298)\nE           at java.util.concurrent.Executors$RunnableAdapter.call (Executors.java:511)\nE           at java.util.concurrent.FutureTask.run (FutureTask.java:266)\nE           at java.util.concurrent.ThreadPoolExecutor.runWorker (ThreadPoolExecutor.java:1142)\nE           at java.util.concurrent.ThreadPoolExecutor$Worker.run (ThreadPoolExecutor.java:617)\nE           at java.lang.Thread.run (Thread.java:748)\n\n/usr/local/lib/python3.8/site-packages/selenium/webdriver/remote/errorhandler.py:242: NoSuchElementException"}, "parameters": [{"name": "setup_profiles", "value": "{'mode': 'NAT', 'ssid_modes': {'open': [{'ssid_name': 'ssid_open_2g', 'appliedRadios': ['2G'], 'security': 'none'}, {'ssid_name': 'ssid_open_5g', 'appliedRadios': ['5G'], 'security': 'none'}], 'wpa': [{'ssid_name': 'ssid_wpa_2g', 'appliedRadios': ['2G'], 'security_key': 'something', 'security': 'psk'}, {'ssid_name': 'ssid_wpa_5g', 'appliedRadios': ['5G'], 'security_key': 'something', 'security': 'psk'}], 'wpa2_personal': [{'ssid_name': 'ssid_wpa2_2g', 'appliedRadios': ['2G'], 'security_key': 'something', 'security': 'psk2'}, {'ssid_name': 'ssid_wpa2_5g', 'appliedRadios': ['5G'], 'security_key': 'something', 'security': 'psk2'}]}, 'rf': {}, 'radius': False}"}], "start": 1630648614706, "stop": 1630648714544, "uuid": "0507e912-2f6e-4c01-9d9a-d4028a17fee5", "historyId": "e415179047a76df451fdf2dccced73db", "testCaseId": "46f7213cbda94270e18f87d0cfa7941e", "fullName": "e2e.interOp.iOS.client_connectivity.test_NatMode.TestNatMode#test_ClientConnectivity_5g_WPA", "labels": [{"name": "feature", "value": "NAT MODE CLIENT CONNECTIVITY"}, {"name": "tag", "value": "@pytest.mark.usefixtures('setup_profiles')"}, {"name": "tag", "value": "ClientConnectivity"}, {"name": "tag", "value": "sanity"}, {"name": "tag", "value": "wpa"}, {"name": "tag", "value": "fiveg"}, {"name": "tag", "value": "interop"}, {"name": "tag", "value": "interop_ios"}, {"name": "parentSuite", "value": "e2e.interOp.iOS.client_connectivity"}, {"name": "suite", "value": "test_NatMode"}, {"name": "subSuite", "value": "TestNatMode"}, {"name": "host", "value": "interop-ci-187-ios-6h9d5"}, {"name": "thread", "value": "7-MainThread"}, {"name": "framework", "value": "pytest"}, {"name": "language", "value": "cpython3"}, {"name": "package", "value": "e2e.interOp.iOS.client_connectivity.test_NatMode"}]}