{
  "uid" : "8dd757183f74b9b9",
  "name" : "test_ToogleAirplaneMode_5g_WPA[setup_profiles0]",
  "fullName" : "e2e.interOp.iOS.AirplaneMode.test_ToggleAirplaneMode.TestToggleAirplaneMode#test_ToogleAirplaneMode_5g_WPA",
  "historyId" : "b9d45b237305218706a3f293409e5c08",
  "time" : {
    "start" : 1629340531840,
    "stop" : 1629340531840,
    "duration" : 0
  },
  "status" : "broken",
  "statusMessage" : "AttributeError: 'Controller' object has no attribute 'equipment_client'",
  "statusTrace" : "setup_controller = <controller.controller_1x.controller.Controller object at 0x7f5eadfecb50>\ntestbed = 'interop'\nget_configuration = {'access_point': [{'ip': '10.28.3.102', 'jumphost': True, 'jumphost_tty': '/dev/ttyAP1', 'mode': 'wifi5', ...}], 'cont...iJvcGVuaWQgcHJvZmlsZSBvZmZsaW5lX2FjY2VzcyBlbWFpbCJ9.SOL-wlZiQ4BoLLfaeIW8QoxJ6xzrgxBjwSiSzkLBPYw'}, 'name': 'Perfecto'}}\n\n    @pytest.fixture(scope=\"session\")\n    def get_equipment_id(setup_controller, testbed, get_configuration):\n        equipment_id_list = []\n        for i in get_configuration['access_point']:\n>           equipment_id_list.append(setup_controller.get_equipment_id(\n                serial_number=i['serial']))\n\ne2e/interOp/conftest.py:140: \n_ _ _ _ _ _ _ _ _ _ _ _ _ _ _ _ _ _ _ _ _ _ _ _ _ _ _ _ _ _ _ _ _ _ _ _ _ _ _ _ \n../libs/controller/controller_1x/controller.py:183: in get_equipment_id\n    equipment_data = self.get_equipment_by_customer_id(max_items=100)\n_ _ _ _ _ _ _ _ _ _ _ _ _ _ _ _ _ _ _ _ _ _ _ _ _ _ _ _ _ _ _ _ _ _ _ _ _ _ _ _ \n\nself = <controller.controller_1x.controller.Controller object at 0x7f5eadfecb50>\nmax_items = 100\n\n    def get_equipment_by_customer_id(self, max_items=10):\n        self.refresh_instance()\n        pagination_context = \"\"\"{\n                \"model_type\": \"PaginationContext\",\n                \"maxItemsPerPage\": \"\"\" + str(max_items) + \"\"\"\n        }\"\"\"\n        self.refresh_instance()\n>       equipment_data = self.equipment_client.get_equipment_by_customer_id(customer_id=self.customer_id,\n                                                                            pagination_context=pagination_context)\nE       AttributeError: 'Controller' object has no attribute 'equipment_client'\n\n../libs/controller/controller_1x/controller.py:162: AttributeError",
  "flaky" : false,
  "newFailed" : false,
  "beforeStages" : [ {
    "name" : "get_apnos",
    "time" : {
      "start" : 1629340525430,
      "stop" : 1629340525430,
      "duration" : 0
    },
    "status" : "passed",
    "steps" : [ ],
    "attachments" : [ ],
    "parameters" : [ ],
    "stepsCount" : 0,
    "attachmentsCount" : 0,
    "shouldDisplayMessage" : false,
    "hasContent" : false
  }, {
    "name" : "setup_vlan",
    "time" : {
      "start" : 1629340529682,
      "stop" : 1629340529682,
      "duration" : 0
    },
    "status" : "passed",
    "steps" : [ ],
    "attachments" : [ ],
    "parameters" : [ ],
    "stepsCount" : 0,
    "attachmentsCount" : 0,
    "shouldDisplayMessage" : false,
    "hasContent" : false
  }, {
    "name" : "add_allure_environment_property",
    "time" : {
      "start" : 1629340525429,
      "stop" : 1629340525429,
      "duration" : 0
    },
    "status" : "passed",
    "steps" : [ ],
    "attachments" : [ ],
    "parameters" : [ ],
    "stepsCount" : 0,
    "attachmentsCount" : 0,
    "shouldDisplayMessage" : false,
    "hasContent" : false
  }, {
    "name" : "setup_controller",
    "time" : {
      "start" : 1629340529681,
      "stop" : 1629340529681,
      "duration" : 0
    },
    "status" : "passed",
    "steps" : [ ],
    "attachments" : [ ],
    "parameters" : [ ],
    "stepsCount" : 0,
    "attachmentsCount" : 0,
    "shouldDisplayMessage" : false,
    "hasContent" : false
  }, {
    "name" : "get_configuration",
    "time" : {
      "start" : 1629340525430,
      "stop" : 1629340525430,
      "duration" : 0
    },
    "status" : "passed",
    "steps" : [ ],
    "attachments" : [ ],
    "parameters" : [ ],
    "stepsCount" : 0,
    "attachmentsCount" : 0,
    "shouldDisplayMessage" : false,
    "hasContent" : false
  }, {
    "name" : "testbed",
    "time" : {
      "start" : 1629340525429,
      "stop" : 1629340525429,
      "duration" : 0
    },
    "status" : "passed",
    "steps" : [ ],
    "attachments" : [ ],
    "parameters" : [ ],
    "stepsCount" : 0,
    "attachmentsCount" : 0,
    "shouldDisplayMessage" : false,
    "hasContent" : false
  }, {
    "name" : "fixtures_ver",
    "time" : {
      "start" : 1629340529545,
      "stop" : 1629340529680,
      "duration" : 135
    },
    "status" : "passed",
    "steps" : [ ],
    "attachments" : [ ],
    "parameters" : [ ],
    "stepsCount" : 0,
    "attachmentsCount" : 0,
    "shouldDisplayMessage" : false,
    "hasContent" : false
  }, {
    "name" : "test_access_point",
    "time" : {
      "start" : 1629340525430,
      "stop" : 1629340529545,
      "duration" : 4115
    },
    "status" : "passed",
    "steps" : [ ],
    "attachments" : [ ],
    "parameters" : [ ],
    "stepsCount" : 0,
    "attachmentsCount" : 0,
    "shouldDisplayMessage" : false,
    "hasContent" : false
  }, {
    "name" : "get_equipment_id",
    "time" : {
      "start" : 1629340529682,
      "stop" : 1629340529682,
      "duration" : 0
    },
    "status" : "broken",
    "statusMessage" : "AttributeError: 'Controller' object has no attribute 'equipment_client'\n",
    "statusTrace" : "  File \"/usr/local/lib/python3.8/site-packages/pluggy/callers.py\", line 187, in _multicall\n    res = hook_impl.function(*args)\n  File \"/usr/local/lib/python3.8/site-packages/_pytest/fixtures.py\", line 1126, in pytest_fixture_setup\n    result = call_fixture_func(fixturefunc, request, kwargs)\n  File \"/usr/local/lib/python3.8/site-packages/_pytest/fixtures.py\", line 925, in call_fixture_func\n    fixture_result = next(generator)\n  File \"/wlan-testing/tests/e2e/interOp/conftest.py\", line 140, in get_equipment_id\n    equipment_id_list.append(setup_controller.get_equipment_id(\n  File \"/wlan-testing/tests/../libs/controller/controller_1x/controller.py\", line 183, in get_equipment_id\n    equipment_data = self.get_equipment_by_customer_id(max_items=100)\n  File \"/wlan-testing/tests/../libs/controller/controller_1x/controller.py\", line 162, in get_equipment_by_customer_id\n    equipment_data = self.equipment_client.get_equipment_by_customer_id(customer_id=self.customer_id,\n",
    "steps" : [ ],
    "attachments" : [ ],
    "parameters" : [ ],
    "stepsCount" : 0,
    "attachmentsCount" : 0,
    "shouldDisplayMessage" : true,
    "hasContent" : true
  }, {
    "name" : "add_env_properties",
    "time" : {
      "start" : 1629340529681,
      "stop" : 1629340529681,
      "duration" : 0
    },
    "status" : "passed",
    "steps" : [ ],
    "attachments" : [ ],
    "parameters" : [ ],
    "stepsCount" : 0,
    "attachmentsCount" : 0,
    "shouldDisplayMessage" : false,
    "hasContent" : false
  } ],
  "afterStages" : [ {
    "name" : "get_apnos::0",
    "time" : {
      "start" : 1629340537306,
      "stop" : 1629340537306,
      "duration" : 0
    },
    "status" : "passed",
    "steps" : [ ],
    "attachments" : [ ],
    "parameters" : [ ],
    "stepsCount" : 0,
    "attachmentsCount" : 0,
    "shouldDisplayMessage" : false,
    "hasContent" : false
  }, {
    "name" : "setup_vlan::0",
    "time" : {
      "start" : 1629340537290,
      "stop" : 1629340537290,
      "duration" : 0
    },
    "status" : "passed",
    "steps" : [ ],
    "attachments" : [ ],
    "parameters" : [ ],
    "stepsCount" : 0,
    "attachmentsCount" : 0,
    "shouldDisplayMessage" : false,
    "hasContent" : false
  }, {
    "name" : "add_allure_environment_property::0",
    "time" : {
      "start" : 1629340537321,
      "stop" : 1629340537321,
      "duration" : 0
    },
    "status" : "passed",
    "steps" : [ ],
    "attachments" : [ ],
    "parameters" : [ ],
    "stepsCount" : 0,
    "attachmentsCount" : 0,
    "shouldDisplayMessage" : false,
    "hasContent" : false
  }, {
    "name" : "setup_controller::1",
    "time" : {
      "start" : 1629340537292,
      "stop" : 1629340537292,
      "duration" : 0
    },
    "status" : "passed",
    "steps" : [ ],
    "attachments" : [ ],
    "parameters" : [ ],
    "stepsCount" : 0,
    "attachmentsCount" : 0,
    "shouldDisplayMessage" : false,
    "hasContent" : false
  }, {
    "name" : "setup_controller::disconnect",
    "time" : {
      "start" : 1629340537292,
      "stop" : 1629340537293,
      "duration" : 1
    },
    "status" : "passed",
    "steps" : [ ],
    "attachments" : [ ],
    "parameters" : [ ],
    "stepsCount" : 0,
    "attachmentsCount" : 0,
    "shouldDisplayMessage" : false,
    "hasContent" : false
  }, {
    "name" : "get_configuration::0",
    "time" : {
      "start" : 1629340537314,
      "stop" : 1629340537314,
      "duration" : 0
    },
    "status" : "passed",
    "steps" : [ ],
    "attachments" : [ ],
    "parameters" : [ ],
    "stepsCount" : 0,
    "attachmentsCount" : 0,
    "shouldDisplayMessage" : false,
    "hasContent" : false
  }, {
    "name" : "testbed::0",
    "time" : {
      "start" : 1629340537319,
      "stop" : 1629340537319,
      "duration" : 0
    },
    "status" : "passed",
    "steps" : [ ],
    "attachments" : [ ],
    "parameters" : [ ],
    "stepsCount" : 0,
    "attachmentsCount" : 0,
    "shouldDisplayMessage" : false,
    "hasContent" : false
  }, {
    "name" : "fixtures_ver::0",
    "time" : {
      "start" : 1629340537300,
      "stop" : 1629340537300,
      "duration" : 0
    },
    "status" : "passed",
    "steps" : [ ],
    "attachments" : [ ],
    "parameters" : [ ],
    "stepsCount" : 0,
    "attachmentsCount" : 0,
    "shouldDisplayMessage" : false,
    "hasContent" : false
  }, {
    "name" : "test_access_point::0",
    "time" : {
      "start" : 1629340537302,
      "stop" : 1629340537302,
      "duration" : 0
    },
    "status" : "passed",
    "steps" : [ ],
    "attachments" : [ ],
    "parameters" : [ ],
    "stepsCount" : 0,
    "attachmentsCount" : 0,
    "shouldDisplayMessage" : false,
    "hasContent" : false
  } ],
  "labels" : [ {
    "name" : "feature",
    "value" : "NAT MODE CLIENT CONNECTIVITY"
  }, {
    "name" : "tag",
    "value" : "interop_ios"
  }, {
    "name" : "tag",
    "value" : "fiveg"
  }, {
    "name" : "tag",
    "value" : "@pytest.mark.usefixtures('setup_profiles')"
  }, {
    "name" : "tag",
    "value" : "sanity"
  }, {
    "name" : "tag",
    "value" : "interop"
  }, {
    "name" : "tag",
    "value" : "wpa"
  }, {
    "name" : "tag",
    "value" : "ios"
  }, {
    "name" : "tag",
    "value" : "ToggleAirplaneMode"
  }, {
    "name" : "parentSuite",
    "value" : "e2e.interOp.iOS.AirplaneMode"
  }, {
    "name" : "suite",
    "value" : "test_ToggleAirplaneMode"
  }, {
    "name" : "subSuite",
    "value" : "TestToggleAirplaneMode"
  }, {
    "name" : "host",
    "value" : "interop-ci-159-ios-2gv9q"
  }, {
    "name" : "thread",
    "value" : "7-MainThread"
  }, {
    "name" : "framework",
    "value" : "pytest"
  }, {
    "name" : "language",
    "value" : "cpython3"
  }, {
    "name" : "package",
    "value" : "e2e.interOp.iOS.AirplaneMode.test_ToggleAirplaneMode"
  }, {
    "name" : "resultFormat",
    "value" : "allure2"
  } ],
  "parameters" : [ {
    "name" : "setup_profiles",
    "value" : "{'mode': 'NAT', 'ssid_modes': {'wpa': [{'ssid_name': 'ssid_wpa_2g', 'appliedRadios': ['is2dot4GHz'], 'security_key': 'something'}, {'ssid_name': 'ssid_wpa_5g', 'appliedRadios': ['is5GHzU', 'is5GHz', 'is5GHzL'], 'security_key': 'something'}], 'wpa2_personal': [{'ssid_name': 'ssid_wpa2_2g', 'appliedRadios': ['is2dot4GHz'], 'security_key': 'something'}, {'ssid_name': 'ssid_wpa2_5g', 'appliedRadios': ['is5GHzU', 'is5GHz', 'is5GHzL'], 'security_key': 'something'}]}, 'rf': {}, 'radius': False}"
  } ],
  "links" : [ ],
  "hidden" : false,
  "retry" : false,
  "extra" : {
    "severity" : "normal",
    "retries" : [ ],
    "categories" : [ {
      "name" : "Test defects",
      "matchedStatuses" : [ ],
      "flaky" : false
    } ],
    "history" : {
      "statistic" : {
        "failed" : 9,
        "broken" : 10,
        "skipped" : 1,
        "passed" : 21,
        "unknown" : 0,
        "total" : 41
      },
      "items" : [ {
        "uid" : "7f6ea077e60845eb",
        "status" : "passed",
        "time" : {
          "start" : 1629167866285,
          "stop" : 1629167968400,
          "duration" : 102115
        }
      }, {
        "uid" : "cf647efe924ff15",
        "status" : "passed",
        "time" : {
          "start" : 1629081823387,
          "stop" : 1629081925770,
          "duration" : 102383
        }
      }, {
        "uid" : "6b9bd06d3cbf1f79",
        "status" : "passed",
        "time" : {
          "start" : 1628995100518,
          "stop" : 1628995202411,
          "duration" : 101893
        }
      }, {
        "uid" : "b0e4100fe78cab9f",
        "status" : "passed",
        "time" : {
          "start" : 1628903867681,
          "stop" : 1628903970021,
          "duration" : 102340
        }
      }, {
        "uid" : "46462f12c730d40e",
        "status" : "broken",
        "statusDetails" : "NameError: name 'request' is not defined",
        "time" : {
          "start" : 1628382429935,
          "stop" : 1628382429935,
          "duration" : 0
        }
      }, {
        "uid" : "f65c5f2edb7ff5fe",
        "status" : "broken",
        "statusDetails" : "IndexError: list index out of range",
        "time" : {
          "start" : 1628296119864,
          "stop" : 1628296119864,
          "duration" : 0
        }
      }, {
        "uid" : "944d2fecf3290005",
        "status" : "broken",
        "statusDetails" : "IndexError: list index out of range",
        "time" : {
          "start" : 1628209751584,
          "stop" : 1628209751584,
          "duration" : 0
        }
      }, {
        "uid" : "fa1ea2c0c91a5246",
        "status" : "passed",
        "time" : {
          "start" : 1628131414278,
          "stop" : 1628131515244,
          "duration" : 100966
        }
      }, {
        "uid" : "bb887c25a3b0fd28",
        "status" : "failed",
        "statusDetails" : "AssertionError",
        "time" : {
          "start" : 1628045259700,
          "stop" : 1628045428064,
          "duration" : 168364
        }
      }, {
        "uid" : "b66eb45b310a4c26",
        "status" : "passed",
        "time" : {
          "start" : 1627958777478,
          "stop" : 1627958877786,
          "duration" : 100308
        }
      }, {
        "uid" : "a88c1049c034d3a2",
        "status" : "broken",
        "statusDetails" : "selenium.common.exceptions.TimeoutException: Message: \nStacktrace:\n    at sun.reflect.GeneratedConstructorAccessor397.newInstance (None:-1)\n    at sun.reflect.DelegatingConstructorAccessorImpl.newInstance (DelegatingConstructorAccessorImpl.java:45)\n    at java.lang.reflect.Constructor.newInstance (Constructor.java:423)\n    at org.openqa.selenium.remote.http.W3CHttpResponseCodec.createException (W3CHttpResponseCodec.java:187)\n    at org.openqa.selenium.remote.http.W3CHttpResponseCodec.decode (W3CHttpResponseCodec.java:122)\n    at org.openqa.selenium.remote.http.W3CHttpResponseCodec.decode (W3CHttpResponseCodec.java:49)\n    at org.openqa.selenium.remote.HttpCommandExecutor.execute (HttpCommandExecutor.java:158)\n    at io.appium.java_client.remote.AppiumCommandExecutor.execute (AppiumCommandExecutor.java:239)\n    at org.openqa.selenium.remote.RemoteWebDriver.execute (RemoteWebDriver.java:552)\n    at io.appium.java_client.DefaultGenericMobileDriver.execute (DefaultGenericMobileDriver.java:41)\n    at io.appium.java_client.AppiumDriver.execute (AppiumDriver.java:1)\n    at io.appium.java_client.ios.IOSDriver.execute (IOSDriver.java:1)\n    at org.openqa.selenium.remote.RemoteWebDriver.findElement (RemoteWebDriver.java:323)\n    at io.appium.java_client.DefaultGenericMobileDriver.findElement (DefaultGenericMobileDriver.java:61)\n    at io.appium.java_client.AppiumDriver.findElement (AppiumDriver.java:1)\n    at io.appium.java_client.ios.IOSDriver.findElement (IOSDriver.java:1)\n    at org.openqa.selenium.remote.RemoteWebDriver.findElementByXPath (RemoteWebDriver.java:428)\n    at io.appium.java_client.DefaultGenericMobileDriver.findElementByXPath (DefaultGenericMobileDriver.java:151)\n    at io.appium.java_client.AppiumDriver.findElementByXPath (AppiumDriver.java:1)\n    at io.appium.java_client.ios.IOSDriver.findElementByXPath (IOSDriver.java:1)\n    at org.openqa.selenium.By$ByXPath.findElement (By.java:353)\n    at org.openqa.selenium.remote.RemoteWebDriver.findElement (RemoteWebDriver.java:315)\n    at io.appium.java_client.DefaultGenericMobileDriver.findElement (DefaultGenericMobileDriver.java:57)\n    at io.appium.java_client.AppiumDriver.findElement (AppiumDriver.java:1)\n    at io.appium.java_client.ios.IOSDriver.findElement (IOSDriver.java:1)\n    at com.perfectomobile.selenium.server.appium.AppiumIOSDriverWrapper$2.call (AppiumIOSDriverWrapper.java:94)\n    at com.nexperience.function.execute.ExecuteCallableCommand.process (ExecuteCallableCommand.java:30)\n    at com.nexperience.engine.script.command.AbstractScriptCommand.doExecute (AbstractScriptCommand.java:173)\n    at com.nexperience.engine.script.command.ScriptCommandBase.execute (ScriptCommandBase.java:105)\n    at com.nexperience.engine.script.tcl.event.CommandTclEvent.processEvent (CommandTclEvent.java:43)\n    at com.nexperience.engine.script.tcl.event.MaseTclEvent.processEvent (MaseTclEvent.java:56)\n    at tcl.lang.Notifier.serviceEvent (Notifier.java:457)\n    at tcl.lang.Notifier.doOneEvent (Notifier.java:610)\n    at tcl.lang.Notifier.processTclEvents (Notifier.java:786)\n    at com.nexperience.engine.script.tcl.event.TclEventProcessor.start (TclEventProcessor.java:80)\n    at com.nexperience.engine.script.tcl.TclInterpreter.startEventProcessing (TclInterpreter.java:552)\n    at com.nexperience.engine.script.execution.step.StepExecutionEventProcessor.callImpl (StepExecutionEventProcessor.java:85)\n    at com.nexperience.engine.script.execution.step.StepExecutionEventProcessor.callImpl (StepExecutionEventProcessor.java:21)\n    at com.nexperience.util.thread.WrappedCallable.call (WrappedCallable.java:31)\n    at java.util.concurrent.FutureTask.run (FutureTask.java:266)\n    at java.util.concurrent.ThreadPoolExecutor.runWorker (ThreadPoolExecutor.java:1142)\n    at java.util.concurrent.ThreadPoolExecutor$Worker.run (ThreadPoolExecutor.java:617)\n    at java.lang.Thread.run (Thread.java:748)",
        "time" : {
          "start" : 1627896829404,
          "stop" : 1627896879644,
          "duration" : 50240
        }
      }, {
        "uid" : "aa1364361a7f2933",
        "status" : "broken",
        "statusDetails" : "selenium.common.exceptions.TimeoutException: Message: \nStacktrace:\n    at sun.reflect.GeneratedConstructorAccessor2411.newInstance (None:-1)\n    at sun.reflect.DelegatingConstructorAccessorImpl.newInstance (DelegatingConstructorAccessorImpl.java:45)\n    at java.lang.reflect.Constructor.newInstance (Constructor.java:423)\n    at org.openqa.selenium.remote.http.W3CHttpResponseCodec.createException (W3CHttpResponseCodec.java:187)\n    at org.openqa.selenium.remote.http.W3CHttpResponseCodec.decode (W3CHttpResponseCodec.java:122)\n    at org.openqa.selenium.remote.http.W3CHttpResponseCodec.decode (W3CHttpResponseCodec.java:49)\n    at org.openqa.selenium.remote.HttpCommandExecutor.execute (HttpCommandExecutor.java:158)\n    at io.appium.java_client.remote.AppiumCommandExecutor.execute (AppiumCommandExecutor.java:239)\n    at org.openqa.selenium.remote.RemoteWebDriver.execute (RemoteWebDriver.java:552)\n    at io.appium.java_client.DefaultGenericMobileDriver.execute (DefaultGenericMobileDriver.java:41)\n    at io.appium.java_client.AppiumDriver.execute (AppiumDriver.java:1)\n    at io.appium.java_client.ios.IOSDriver.execute (IOSDriver.java:1)\n    at org.openqa.selenium.remote.RemoteWebDriver.findElement (RemoteWebDriver.java:323)\n    at io.appium.java_client.DefaultGenericMobileDriver.findElement (DefaultGenericMobileDriver.java:61)\n    at io.appium.java_client.AppiumDriver.findElement (AppiumDriver.java:1)\n    at io.appium.java_client.ios.IOSDriver.findElement (IOSDriver.java:1)\n    at org.openqa.selenium.remote.RemoteWebDriver.findElementByXPath (RemoteWebDriver.java:428)\n    at io.appium.java_client.DefaultGenericMobileDriver.findElementByXPath (DefaultGenericMobileDriver.java:151)\n    at io.appium.java_client.AppiumDriver.findElementByXPath (AppiumDriver.java:1)\n    at io.appium.java_client.ios.IOSDriver.findElementByXPath (IOSDriver.java:1)\n    at org.openqa.selenium.By$ByXPath.findElement (By.java:353)\n    at org.openqa.selenium.remote.RemoteWebDriver.findElement (RemoteWebDriver.java:315)\n    at io.appium.java_client.DefaultGenericMobileDriver.findElement (DefaultGenericMobileDriver.java:57)\n    at io.appium.java_client.AppiumDriver.findElement (AppiumDriver.java:1)\n    at io.appium.java_client.ios.IOSDriver.findElement (IOSDriver.java:1)\n    at com.perfectomobile.selenium.server.appium.AppiumIOSDriverWrapper$2.call (AppiumIOSDriverWrapper.java:94)\n    at com.nexperience.function.execute.ExecuteCallableCommand.process (ExecuteCallableCommand.java:30)\n    at com.nexperience.engine.script.command.AbstractScriptCommand.doExecute (AbstractScriptCommand.java:173)\n    at com.nexperience.engine.script.command.ScriptCommandBase.execute (ScriptCommandBase.java:105)\n    at com.nexperience.engine.script.tcl.event.CommandTclEvent.processEvent (CommandTclEvent.java:43)\n    at com.nexperience.engine.script.tcl.event.MaseTclEvent.processEvent (MaseTclEvent.java:56)\n    at tcl.lang.Notifier.serviceEvent (Notifier.java:457)\n    at tcl.lang.Notifier.doOneEvent (Notifier.java:610)\n    at tcl.lang.Notifier.processTclEvents (Notifier.java:786)\n    at com.nexperience.engine.script.tcl.event.TclEventProcessor.start (TclEventProcessor.java:80)\n    at com.nexperience.engine.script.tcl.TclInterpreter.startEventProcessing (TclInterpreter.java:552)\n    at com.nexperience.engine.script.execution.step.StepExecutionEventProcessor.callImpl (StepExecutionEventProcessor.java:85)\n    at com.nexperience.engine.script.execution.step.StepExecutionEventProcessor.callImpl (StepExecutionEventProcessor.java:21)\n    at com.nexperience.util.thread.WrappedCallable.call (WrappedCallable.java:31)\n    at java.util.concurrent.FutureTask.run (FutureTask.java:266)\n    at java.util.concurrent.ThreadPoolExecutor.runWorker (ThreadPoolExecutor.java:1142)\n    at java.util.concurrent.ThreadPoolExecutor$Worker.run (ThreadPoolExecutor.java:617)\n    at java.lang.Thread.run (Thread.java:748)",
        "time" : {
          "start" : 1627785058183,
          "stop" : 1627785109228,
          "duration" : 51045
        }
      }, {
        "uid" : "ee886a7d1ce6fd2c",
        "status" : "broken",
        "statusDetails" : "selenium.common.exceptions.TimeoutException: Message: \nStacktrace:\n    at sun.reflect.GeneratedConstructorAccessor2271.newInstance (None:-1)\n    at sun.reflect.DelegatingConstructorAccessorImpl.newInstance (DelegatingConstructorAccessorImpl.java:45)\n    at java.lang.reflect.Constructor.newInstance (Constructor.java:423)\n    at org.openqa.selenium.remote.http.W3CHttpResponseCodec.createException (W3CHttpResponseCodec.java:187)\n    at org.openqa.selenium.remote.http.W3CHttpResponseCodec.decode (W3CHttpResponseCodec.java:122)\n    at org.openqa.selenium.remote.http.W3CHttpResponseCodec.decode (W3CHttpResponseCodec.java:49)\n    at org.openqa.selenium.remote.HttpCommandExecutor.execute (HttpCommandExecutor.java:158)\n    at io.appium.java_client.remote.AppiumCommandExecutor.execute (AppiumCommandExecutor.java:239)\n    at org.openqa.selenium.remote.RemoteWebDriver.execute (RemoteWebDriver.java:552)\n    at io.appium.java_client.DefaultGenericMobileDriver.execute (DefaultGenericMobileDriver.java:41)\n    at io.appium.java_client.AppiumDriver.execute (AppiumDriver.java:1)\n    at io.appium.java_client.ios.IOSDriver.execute (IOSDriver.java:1)\n    at org.openqa.selenium.remote.RemoteWebDriver.findElement (RemoteWebDriver.java:323)\n    at io.appium.java_client.DefaultGenericMobileDriver.findElement (DefaultGenericMobileDriver.java:61)\n    at io.appium.java_client.AppiumDriver.findElement (AppiumDriver.java:1)\n    at io.appium.java_client.ios.IOSDriver.findElement (IOSDriver.java:1)\n    at org.openqa.selenium.remote.RemoteWebDriver.findElementByXPath (RemoteWebDriver.java:428)\n    at io.appium.java_client.DefaultGenericMobileDriver.findElementByXPath (DefaultGenericMobileDriver.java:151)\n    at io.appium.java_client.AppiumDriver.findElementByXPath (AppiumDriver.java:1)\n    at io.appium.java_client.ios.IOSDriver.findElementByXPath (IOSDriver.java:1)\n    at org.openqa.selenium.By$ByXPath.findElement (By.java:353)\n    at org.openqa.selenium.remote.RemoteWebDriver.findElement (RemoteWebDriver.java:315)\n    at io.appium.java_client.DefaultGenericMobileDriver.findElement (DefaultGenericMobileDriver.java:57)\n    at io.appium.java_client.AppiumDriver.findElement (AppiumDriver.java:1)\n    at io.appium.java_client.ios.IOSDriver.findElement (IOSDriver.java:1)\n    at com.perfectomobile.selenium.server.appium.AppiumIOSDriverWrapper$2.call (AppiumIOSDriverWrapper.java:94)\n    at com.nexperience.function.execute.ExecuteCallableCommand.process (ExecuteCallableCommand.java:30)\n    at com.nexperience.engine.script.command.AbstractScriptCommand.doExecute (AbstractScriptCommand.java:173)\n    at com.nexperience.engine.script.command.ScriptCommandBase.execute (ScriptCommandBase.java:105)\n    at com.nexperience.engine.script.tcl.event.CommandTclEvent.processEvent (CommandTclEvent.java:43)\n    at com.nexperience.engine.script.tcl.event.MaseTclEvent.processEvent (MaseTclEvent.java:56)\n    at tcl.lang.Notifier.serviceEvent (Notifier.java:457)\n    at tcl.lang.Notifier.doOneEvent (Notifier.java:610)\n    at tcl.lang.Notifier.processTclEvents (Notifier.java:786)\n    at com.nexperience.engine.script.tcl.event.TclEventProcessor.start (TclEventProcessor.java:80)\n    at com.nexperience.engine.script.tcl.TclInterpreter.startEventProcessing (TclInterpreter.java:552)\n    at com.nexperience.engine.script.execution.step.StepExecutionEventProcessor.callImpl (StepExecutionEventProcessor.java:85)\n    at com.nexperience.engine.script.execution.step.StepExecutionEventProcessor.callImpl (StepExecutionEventProcessor.java:21)\n    at com.nexperience.util.thread.WrappedCallable.call (WrappedCallable.java:31)\n    at java.util.concurrent.FutureTask.run (FutureTask.java:266)\n    at java.util.concurrent.ThreadPoolExecutor.runWorker (ThreadPoolExecutor.java:1142)\n    at java.util.concurrent.ThreadPoolExecutor$Worker.run (ThreadPoolExecutor.java:617)\n    at java.lang.Thread.run (Thread.java:748)",
        "time" : {
          "start" : 1627611580159,
          "stop" : 1627611630598,
          "duration" : 50439
        }
      }, {
        "uid" : "f9dcc363f12c06af",
        "status" : "skipped",
        "statusDetails" : "XFAIL reason: SSID NOT AVAILABLE IN VIF STATE\n\n_pytest.outcomes.XFailed: SSID NOT AVAILABLE IN VIF STATE",
        "time" : {
          "start" : 1627437309232,
          "stop" : 1627437309232,
          "duration" : 0
        }
      }, {
        "uid" : "2b3b71bd475a5e48",
        "status" : "broken",
        "statusDetails" : "selenium.common.exceptions.TimeoutException: Message: \nStacktrace:\n    at sun.reflect.GeneratedConstructorAccessor1868.newInstance (None:-1)\n    at sun.reflect.DelegatingConstructorAccessorImpl.newInstance (DelegatingConstructorAccessorImpl.java:45)\n    at java.lang.reflect.Constructor.newInstance (Constructor.java:423)\n    at org.openqa.selenium.remote.http.W3CHttpResponseCodec.createException (W3CHttpResponseCodec.java:187)\n    at org.openqa.selenium.remote.http.W3CHttpResponseCodec.decode (W3CHttpResponseCodec.java:122)\n    at org.openqa.selenium.remote.http.W3CHttpResponseCodec.decode (W3CHttpResponseCodec.java:49)\n    at org.openqa.selenium.remote.HttpCommandExecutor.execute (HttpCommandExecutor.java:158)\n    at io.appium.java_client.remote.AppiumCommandExecutor.execute (AppiumCommandExecutor.java:239)\n    at org.openqa.selenium.remote.RemoteWebDriver.execute (RemoteWebDriver.java:552)\n    at io.appium.java_client.DefaultGenericMobileDriver.execute (DefaultGenericMobileDriver.java:41)\n    at io.appium.java_client.AppiumDriver.execute (AppiumDriver.java:1)\n    at io.appium.java_client.ios.IOSDriver.execute (IOSDriver.java:1)\n    at org.openqa.selenium.remote.RemoteWebDriver.findElement (RemoteWebDriver.java:323)\n    at io.appium.java_client.DefaultGenericMobileDriver.findElement (DefaultGenericMobileDriver.java:61)\n    at io.appium.java_client.AppiumDriver.findElement (AppiumDriver.java:1)\n    at io.appium.java_client.ios.IOSDriver.findElement (IOSDriver.java:1)\n    at org.openqa.selenium.remote.RemoteWebDriver.findElementByXPath (RemoteWebDriver.java:428)\n    at io.appium.java_client.DefaultGenericMobileDriver.findElementByXPath (DefaultGenericMobileDriver.java:151)\n    at io.appium.java_client.AppiumDriver.findElementByXPath (AppiumDriver.java:1)\n    at io.appium.java_client.ios.IOSDriver.findElementByXPath (IOSDriver.java:1)\n    at org.openqa.selenium.By$ByXPath.findElement (By.java:353)\n    at org.openqa.selenium.remote.RemoteWebDriver.findElement (RemoteWebDriver.java:315)\n    at io.appium.java_client.DefaultGenericMobileDriver.findElement (DefaultGenericMobileDriver.java:57)\n    at io.appium.java_client.AppiumDriver.findElement (AppiumDriver.java:1)\n    at io.appium.java_client.ios.IOSDriver.findElement (IOSDriver.java:1)\n    at com.perfectomobile.selenium.server.appium.AppiumIOSDriverWrapper$2.call (AppiumIOSDriverWrapper.java:94)\n    at com.nexperience.function.execute.ExecuteCallableCommand.process (ExecuteCallableCommand.java:30)\n    at com.nexperience.engine.script.command.AbstractScriptCommand.doExecute (AbstractScriptCommand.java:173)\n    at com.nexperience.engine.script.command.ScriptCommandBase.execute (ScriptCommandBase.java:105)\n    at com.nexperience.engine.script.tcl.event.CommandTclEvent.processEvent (CommandTclEvent.java:43)\n    at com.nexperience.engine.script.tcl.event.MaseTclEvent.processEvent (MaseTclEvent.java:56)\n    at tcl.lang.Notifier.serviceEvent (Notifier.java:457)\n    at tcl.lang.Notifier.doOneEvent (Notifier.java:610)\n    at tcl.lang.Notifier.processTclEvents (Notifier.java:786)\n    at com.nexperience.engine.script.tcl.event.TclEventProcessor.start (TclEventProcessor.java:80)\n    at com.nexperience.engine.script.tcl.TclInterpreter.startEventProcessing (TclInterpreter.java:552)\n    at com.nexperience.engine.script.execution.step.StepExecutionEventProcessor.callImpl (StepExecutionEventProcessor.java:85)\n    at com.nexperience.engine.script.execution.step.StepExecutionEventProcessor.callImpl (StepExecutionEventProcessor.java:21)\n    at com.nexperience.util.thread.WrappedCallable.call (WrappedCallable.java:31)\n    at java.util.concurrent.FutureTask.run (FutureTask.java:266)\n    at java.util.concurrent.ThreadPoolExecutor.runWorker (ThreadPoolExecutor.java:1142)\n    at java.util.concurrent.ThreadPoolExecutor$Worker.run (ThreadPoolExecutor.java:617)\n    at java.lang.Thread.run (Thread.java:748)",
        "time" : {
          "start" : 1627353634743,
          "stop" : 1627353684161,
          "duration" : 49418
        }
      }, {
        "uid" : "e91e807792287884",
        "status" : "broken",
        "statusDetails" : "selenium.common.exceptions.TimeoutException: Message: \nStacktrace:\n    at sun.reflect.GeneratedConstructorAccessor1749.newInstance (None:-1)\n    at sun.reflect.DelegatingConstructorAccessorImpl.newInstance (DelegatingConstructorAccessorImpl.java:45)\n    at java.lang.reflect.Constructor.newInstance (Constructor.java:423)\n    at org.openqa.selenium.remote.http.W3CHttpResponseCodec.createException (W3CHttpResponseCodec.java:187)\n    at org.openqa.selenium.remote.http.W3CHttpResponseCodec.decode (W3CHttpResponseCodec.java:122)\n    at org.openqa.selenium.remote.http.W3CHttpResponseCodec.decode (W3CHttpResponseCodec.java:49)\n    at org.openqa.selenium.remote.HttpCommandExecutor.execute (HttpCommandExecutor.java:158)\n    at io.appium.java_client.remote.AppiumCommandExecutor.execute (AppiumCommandExecutor.java:239)\n    at org.openqa.selenium.remote.RemoteWebDriver.execute (RemoteWebDriver.java:552)\n    at io.appium.java_client.DefaultGenericMobileDriver.execute (DefaultGenericMobileDriver.java:41)\n    at io.appium.java_client.AppiumDriver.execute (AppiumDriver.java:1)\n    at io.appium.java_client.ios.IOSDriver.execute (IOSDriver.java:1)\n    at org.openqa.selenium.remote.RemoteWebDriver.findElement (RemoteWebDriver.java:323)\n    at io.appium.java_client.DefaultGenericMobileDriver.findElement (DefaultGenericMobileDriver.java:61)\n    at io.appium.java_client.AppiumDriver.findElement (AppiumDriver.java:1)\n    at io.appium.java_client.ios.IOSDriver.findElement (IOSDriver.java:1)\n    at org.openqa.selenium.remote.RemoteWebDriver.findElementByXPath (RemoteWebDriver.java:428)\n    at io.appium.java_client.DefaultGenericMobileDriver.findElementByXPath (DefaultGenericMobileDriver.java:151)\n    at io.appium.java_client.AppiumDriver.findElementByXPath (AppiumDriver.java:1)\n    at io.appium.java_client.ios.IOSDriver.findElementByXPath (IOSDriver.java:1)\n    at org.openqa.selenium.By$ByXPath.findElement (By.java:353)\n    at org.openqa.selenium.remote.RemoteWebDriver.findElement (RemoteWebDriver.java:315)\n    at io.appium.java_client.DefaultGenericMobileDriver.findElement (DefaultGenericMobileDriver.java:57)\n    at io.appium.java_client.AppiumDriver.findElement (AppiumDriver.java:1)\n    at io.appium.java_client.ios.IOSDriver.findElement (IOSDriver.java:1)\n    at com.perfectomobile.selenium.server.appium.AppiumIOSDriverWrapper$2.call (AppiumIOSDriverWrapper.java:94)\n    at com.nexperience.function.execute.ExecuteCallableCommand.process (ExecuteCallableCommand.java:30)\n    at com.nexperience.engine.script.command.AbstractScriptCommand.doExecute (AbstractScriptCommand.java:173)\n    at com.nexperience.engine.script.command.ScriptCommandBase.execute (ScriptCommandBase.java:105)\n    at com.nexperience.engine.script.tcl.event.CommandTclEvent.processEvent (CommandTclEvent.java:43)\n    at com.nexperience.engine.script.tcl.event.MaseTclEvent.processEvent (MaseTclEvent.java:56)\n    at tcl.lang.Notifier.serviceEvent (Notifier.java:457)\n    at tcl.lang.Notifier.doOneEvent (Notifier.java:610)\n    at tcl.lang.Notifier.processTclEvents (Notifier.java:786)\n    at com.nexperience.engine.script.tcl.event.TclEventProcessor.start (TclEventProcessor.java:80)\n    at com.nexperience.engine.script.tcl.TclInterpreter.startEventProcessing (TclInterpreter.java:552)\n    at com.nexperience.engine.script.execution.step.StepExecutionEventProcessor.callImpl (StepExecutionEventProcessor.java:85)\n    at com.nexperience.engine.script.execution.step.StepExecutionEventProcessor.callImpl (StepExecutionEventProcessor.java:21)\n    at com.nexperience.util.thread.WrappedCallable.call (WrappedCallable.java:31)\n    at java.util.concurrent.FutureTask.run (FutureTask.java:266)\n    at java.util.concurrent.ThreadPoolExecutor.runWorker (ThreadPoolExecutor.java:1142)\n    at java.util.concurrent.ThreadPoolExecutor$Worker.run (ThreadPoolExecutor.java:617)\n    at java.lang.Thread.run (Thread.java:748)",
        "time" : {
          "start" : 1627264679606,
          "stop" : 1627264730018,
          "duration" : 50412
        }
      }, {
        "uid" : "d9346ea038aa19f1",
        "status" : "failed",
        "statusDetails" : "AssertionError",
        "time" : {
          "start" : 1627179171535,
          "stop" : 1627179217824,
          "duration" : 46289
        }
      }, {
        "uid" : "95d0775b0692e8a6",
        "status" : "failed",
        "statusDetails" : "AssertionError",
        "time" : {
          "start" : 1627081548169,
          "stop" : 1627081594240,
          "duration" : 46071
        }
      }, {
        "uid" : "8128fd4cf51d4a03",
        "status" : "failed",
        "statusDetails" : "AssertionError",
        "time" : {
          "start" : 1627007629643,
          "stop" : 1627007675791,
          "duration" : 46148
        }
      }, {
        "uid" : "320d188821a3b280",
        "status" : "passed",
        "time" : {
          "start" : 1626834756130,
          "stop" : 1626834828135,
          "duration" : 72005
        }
      } ]
    },
    "tags" : [ "@pytest.mark.usefixtures('setup_profiles')", "interop_ios", "interop", "ToggleAirplaneMode", "sanity", "wpa", "fiveg", "ios" ]
  },
  "source" : "8dd757183f74b9b9.json",
  "parameterValues" : [ "{'mode': 'NAT', 'ssid_modes': {'wpa': [{'ssid_name': 'ssid_wpa_2g', 'appliedRadios': ['is2dot4GHz'], 'security_key': 'something'}, {'ssid_name': 'ssid_wpa_5g', 'appliedRadios': ['is5GHzU', 'is5GHz', 'is5GHzL'], 'security_key': 'something'}], 'wpa2_personal': [{'ssid_name': 'ssid_wpa2_2g', 'appliedRadios': ['is2dot4GHz'], 'security_key': 'something'}, {'ssid_name': 'ssid_wpa2_5g', 'appliedRadios': ['is5GHzU', 'is5GHz', 'is5GHzL'], 'security_key': 'something'}]}, 'rf': {}, 'radius': False}" ]
}