{
  "uid" : "973ab9d25cc637aa",
  "name" : "test_AccessPointConnection_2g_WPA[setup_profiles0]",
  "fullName" : "e2e.interOp.iOS.AccessPointConnection.test_AccessPointConnection.TestAccessPointConnectivety#test_AccessPointConnection_2g_WPA",
  "historyId" : "efbd26c56d5db6b97a1ef5303240efe0",
  "time" : {
    "start" : 1629340530661,
    "stop" : 1629340530661,
    "duration" : 0
  },
  "status" : "broken",
  "statusMessage" : "AttributeError: 'Controller' object has no attribute 'equipment_client'",
  "statusTrace" : "setup_controller = <controller.controller_1x.controller.Controller object at 0x7f5eadfecb50>\ntestbed = 'interop'\nget_configuration = {'access_point': [{'ip': '10.28.3.102', 'jumphost': True, 'jumphost_tty': '/dev/ttyAP1', 'mode': 'wifi5', ...}], 'cont...iJvcGVuaWQgcHJvZmlsZSBvZmZsaW5lX2FjY2VzcyBlbWFpbCJ9.SOL-wlZiQ4BoLLfaeIW8QoxJ6xzrgxBjwSiSzkLBPYw'}, 'name': 'Perfecto'}}\n\n    @pytest.fixture(scope=\"session\")\n    def get_equipment_id(setup_controller, testbed, get_configuration):\n        equipment_id_list = []\n        for i in get_configuration['access_point']:\n>           equipment_id_list.append(setup_controller.get_equipment_id(\n                serial_number=i['serial']))\n\ne2e/interOp/conftest.py:140: \n_ _ _ _ _ _ _ _ _ _ _ _ _ _ _ _ _ _ _ _ _ _ _ _ _ _ _ _ _ _ _ _ _ _ _ _ _ _ _ _ \n../libs/controller/controller_1x/controller.py:183: in get_equipment_id\n    equipment_data = self.get_equipment_by_customer_id(max_items=100)\n_ _ _ _ _ _ _ _ _ _ _ _ _ _ _ _ _ _ _ _ _ _ _ _ _ _ _ _ _ _ _ _ _ _ _ _ _ _ _ _ \n\nself = <controller.controller_1x.controller.Controller object at 0x7f5eadfecb50>\nmax_items = 100\n\n    def get_equipment_by_customer_id(self, max_items=10):\n        self.refresh_instance()\n        pagination_context = \"\"\"{\n                \"model_type\": \"PaginationContext\",\n                \"maxItemsPerPage\": \"\"\" + str(max_items) + \"\"\"\n        }\"\"\"\n        self.refresh_instance()\n>       equipment_data = self.equipment_client.get_equipment_by_customer_id(customer_id=self.customer_id,\n                                                                            pagination_context=pagination_context)\nE       AttributeError: 'Controller' object has no attribute 'equipment_client'\n\n../libs/controller/controller_1x/controller.py:162: AttributeError",
  "flaky" : false,
  "newFailed" : false,
  "beforeStages" : [ {
    "name" : "get_apnos",
    "time" : {
      "start" : 1629340525430,
      "stop" : 1629340525430,
      "duration" : 0
    },
    "status" : "passed",
    "steps" : [ ],
    "attachments" : [ ],
    "parameters" : [ ],
    "stepsCount" : 0,
    "attachmentsCount" : 0,
    "shouldDisplayMessage" : false,
    "hasContent" : false
  }, {
    "name" : "setup_vlan",
    "time" : {
      "start" : 1629340529682,
      "stop" : 1629340529682,
      "duration" : 0
    },
    "status" : "passed",
    "steps" : [ ],
    "attachments" : [ ],
    "parameters" : [ ],
    "stepsCount" : 0,
    "attachmentsCount" : 0,
    "shouldDisplayMessage" : false,
    "hasContent" : false
  }, {
    "name" : "add_allure_environment_property",
    "time" : {
      "start" : 1629340525429,
      "stop" : 1629340525429,
      "duration" : 0
    },
    "status" : "passed",
    "steps" : [ ],
    "attachments" : [ ],
    "parameters" : [ ],
    "stepsCount" : 0,
    "attachmentsCount" : 0,
    "shouldDisplayMessage" : false,
    "hasContent" : false
  }, {
    "name" : "setup_controller",
    "time" : {
      "start" : 1629340529681,
      "stop" : 1629340529681,
      "duration" : 0
    },
    "status" : "passed",
    "steps" : [ ],
    "attachments" : [ ],
    "parameters" : [ ],
    "stepsCount" : 0,
    "attachmentsCount" : 0,
    "shouldDisplayMessage" : false,
    "hasContent" : false
  }, {
    "name" : "get_configuration",
    "time" : {
      "start" : 1629340525430,
      "stop" : 1629340525430,
      "duration" : 0
    },
    "status" : "passed",
    "steps" : [ ],
    "attachments" : [ ],
    "parameters" : [ ],
    "stepsCount" : 0,
    "attachmentsCount" : 0,
    "shouldDisplayMessage" : false,
    "hasContent" : false
  }, {
    "name" : "testbed",
    "time" : {
      "start" : 1629340525429,
      "stop" : 1629340525429,
      "duration" : 0
    },
    "status" : "passed",
    "steps" : [ ],
    "attachments" : [ ],
    "parameters" : [ ],
    "stepsCount" : 0,
    "attachmentsCount" : 0,
    "shouldDisplayMessage" : false,
    "hasContent" : false
  }, {
    "name" : "fixtures_ver",
    "time" : {
      "start" : 1629340529545,
      "stop" : 1629340529680,
      "duration" : 135
    },
    "status" : "passed",
    "steps" : [ ],
    "attachments" : [ ],
    "parameters" : [ ],
    "stepsCount" : 0,
    "attachmentsCount" : 0,
    "shouldDisplayMessage" : false,
    "hasContent" : false
  }, {
    "name" : "test_access_point",
    "time" : {
      "start" : 1629340525430,
      "stop" : 1629340529545,
      "duration" : 4115
    },
    "status" : "passed",
    "steps" : [ ],
    "attachments" : [ ],
    "parameters" : [ ],
    "stepsCount" : 0,
    "attachmentsCount" : 0,
    "shouldDisplayMessage" : false,
    "hasContent" : false
  }, {
    "name" : "get_equipment_id",
    "time" : {
      "start" : 1629340529682,
      "stop" : 1629340529682,
      "duration" : 0
    },
    "status" : "broken",
    "statusMessage" : "AttributeError: 'Controller' object has no attribute 'equipment_client'\n",
    "statusTrace" : "  File \"/usr/local/lib/python3.8/site-packages/pluggy/callers.py\", line 187, in _multicall\n    res = hook_impl.function(*args)\n  File \"/usr/local/lib/python3.8/site-packages/_pytest/fixtures.py\", line 1126, in pytest_fixture_setup\n    result = call_fixture_func(fixturefunc, request, kwargs)\n  File \"/usr/local/lib/python3.8/site-packages/_pytest/fixtures.py\", line 925, in call_fixture_func\n    fixture_result = next(generator)\n  File \"/wlan-testing/tests/e2e/interOp/conftest.py\", line 140, in get_equipment_id\n    equipment_id_list.append(setup_controller.get_equipment_id(\n  File \"/wlan-testing/tests/../libs/controller/controller_1x/controller.py\", line 183, in get_equipment_id\n    equipment_data = self.get_equipment_by_customer_id(max_items=100)\n  File \"/wlan-testing/tests/../libs/controller/controller_1x/controller.py\", line 162, in get_equipment_by_customer_id\n    equipment_data = self.equipment_client.get_equipment_by_customer_id(customer_id=self.customer_id,\n",
    "steps" : [ ],
    "attachments" : [ ],
    "parameters" : [ ],
    "stepsCount" : 0,
    "attachmentsCount" : 0,
    "shouldDisplayMessage" : true,
    "hasContent" : true
  }, {
    "name" : "add_env_properties",
    "time" : {
      "start" : 1629340529681,
      "stop" : 1629340529681,
      "duration" : 0
    },
    "status" : "passed",
    "steps" : [ ],
    "attachments" : [ ],
    "parameters" : [ ],
    "stepsCount" : 0,
    "attachmentsCount" : 0,
    "shouldDisplayMessage" : false,
    "hasContent" : false
  } ],
  "afterStages" : [ {
    "name" : "get_apnos::0",
    "time" : {
      "start" : 1629340537306,
      "stop" : 1629340537306,
      "duration" : 0
    },
    "status" : "passed",
    "steps" : [ ],
    "attachments" : [ ],
    "parameters" : [ ],
    "stepsCount" : 0,
    "attachmentsCount" : 0,
    "shouldDisplayMessage" : false,
    "hasContent" : false
  }, {
    "name" : "setup_vlan::0",
    "time" : {
      "start" : 1629340537290,
      "stop" : 1629340537290,
      "duration" : 0
    },
    "status" : "passed",
    "steps" : [ ],
    "attachments" : [ ],
    "parameters" : [ ],
    "stepsCount" : 0,
    "attachmentsCount" : 0,
    "shouldDisplayMessage" : false,
    "hasContent" : false
  }, {
    "name" : "add_allure_environment_property::0",
    "time" : {
      "start" : 1629340537321,
      "stop" : 1629340537321,
      "duration" : 0
    },
    "status" : "passed",
    "steps" : [ ],
    "attachments" : [ ],
    "parameters" : [ ],
    "stepsCount" : 0,
    "attachmentsCount" : 0,
    "shouldDisplayMessage" : false,
    "hasContent" : false
  }, {
    "name" : "setup_controller::1",
    "time" : {
      "start" : 1629340537292,
      "stop" : 1629340537292,
      "duration" : 0
    },
    "status" : "passed",
    "steps" : [ ],
    "attachments" : [ ],
    "parameters" : [ ],
    "stepsCount" : 0,
    "attachmentsCount" : 0,
    "shouldDisplayMessage" : false,
    "hasContent" : false
  }, {
    "name" : "setup_controller::disconnect",
    "time" : {
      "start" : 1629340537292,
      "stop" : 1629340537293,
      "duration" : 1
    },
    "status" : "passed",
    "steps" : [ ],
    "attachments" : [ ],
    "parameters" : [ ],
    "stepsCount" : 0,
    "attachmentsCount" : 0,
    "shouldDisplayMessage" : false,
    "hasContent" : false
  }, {
    "name" : "get_configuration::0",
    "time" : {
      "start" : 1629340537314,
      "stop" : 1629340537314,
      "duration" : 0
    },
    "status" : "passed",
    "steps" : [ ],
    "attachments" : [ ],
    "parameters" : [ ],
    "stepsCount" : 0,
    "attachmentsCount" : 0,
    "shouldDisplayMessage" : false,
    "hasContent" : false
  }, {
    "name" : "testbed::0",
    "time" : {
      "start" : 1629340537319,
      "stop" : 1629340537319,
      "duration" : 0
    },
    "status" : "passed",
    "steps" : [ ],
    "attachments" : [ ],
    "parameters" : [ ],
    "stepsCount" : 0,
    "attachmentsCount" : 0,
    "shouldDisplayMessage" : false,
    "hasContent" : false
  }, {
    "name" : "fixtures_ver::0",
    "time" : {
      "start" : 1629340537300,
      "stop" : 1629340537300,
      "duration" : 0
    },
    "status" : "passed",
    "steps" : [ ],
    "attachments" : [ ],
    "parameters" : [ ],
    "stepsCount" : 0,
    "attachmentsCount" : 0,
    "shouldDisplayMessage" : false,
    "hasContent" : false
  }, {
    "name" : "test_access_point::0",
    "time" : {
      "start" : 1629340537302,
      "stop" : 1629340537302,
      "duration" : 0
    },
    "status" : "passed",
    "steps" : [ ],
    "attachments" : [ ],
    "parameters" : [ ],
    "stepsCount" : 0,
    "attachmentsCount" : 0,
    "shouldDisplayMessage" : false,
    "hasContent" : false
  } ],
  "labels" : [ {
    "name" : "feature",
    "value" : "NAT MODE CLIENT CONNECTIVITY"
  }, {
    "name" : "tag",
    "value" : "interop_ios"
  }, {
    "name" : "tag",
    "value" : "sanity"
  }, {
    "name" : "tag",
    "value" : "interop"
  }, {
    "name" : "tag",
    "value" : "@pytest.mark.usefixtures('setup_profiles')"
  }, {
    "name" : "tag",
    "value" : "AccessPointConnection"
  }, {
    "name" : "tag",
    "value" : "wpa"
  }, {
    "name" : "tag",
    "value" : "ios"
  }, {
    "name" : "tag",
    "value" : "twog"
  }, {
    "name" : "parentSuite",
    "value" : "e2e.interOp.iOS.AccessPointConnection"
  }, {
    "name" : "suite",
    "value" : "test_AccessPointConnection"
  }, {
    "name" : "subSuite",
    "value" : "TestAccessPointConnectivety"
  }, {
    "name" : "host",
    "value" : "interop-ci-159-ios-2gv9q"
  }, {
    "name" : "thread",
    "value" : "7-MainThread"
  }, {
    "name" : "framework",
    "value" : "pytest"
  }, {
    "name" : "language",
    "value" : "cpython3"
  }, {
    "name" : "package",
    "value" : "e2e.interOp.iOS.AccessPointConnection.test_AccessPointConnection"
  }, {
    "name" : "resultFormat",
    "value" : "allure2"
  } ],
  "parameters" : [ {
    "name" : "setup_profiles",
    "value" : "{'mode': 'NAT', 'ssid_modes': {'wpa': [{'ssid_name': 'ssid_wpa_2g', 'appliedRadios': ['is2dot4GHz'], 'security_key': 'something'}, {'ssid_name': 'ssid_wpa_5g', 'appliedRadios': ['is5GHzU', 'is5GHz', 'is5GHzL'], 'security_key': 'something'}], 'open': [{'ssid_name': 'ssid_open_2g', 'appliedRadios': ['is2dot4GHz']}, {'ssid_name': 'ssid_open_5g', 'appliedRadios': ['is5GHzU', 'is5GHz', 'is5GHzL']}], 'wpa2_personal': [{'ssid_name': 'ssid_wpa2_2g', 'appliedRadios': ['is2dot4GHz'], 'security_key': 'something'}, {'ssid_name': 'ssid_wpa2_5g', 'appliedRadios': ['is5GHzU', 'is5GHz', 'is5GHzL'], 'security_key': 'something'}]}, 'rf': {}, 'radius': False}"
  } ],
  "links" : [ ],
  "hidden" : false,
  "retry" : false,
  "extra" : {
    "severity" : "normal",
    "retries" : [ ],
    "categories" : [ {
      "name" : "Test defects",
      "matchedStatuses" : [ ],
      "flaky" : false
    } ],
    "history" : {
      "statistic" : {
        "failed" : 10,
        "broken" : 9,
        "skipped" : 2,
        "passed" : 19,
        "unknown" : 0,
        "total" : 40
      },
      "items" : [ {
        "uid" : "439a45a39559436c",
        "status" : "passed",
        "time" : {
          "start" : 1629167213808,
          "stop" : 1629167337466,
          "duration" : 123658
        }
      }, {
        "uid" : "487a85b7370cc63",
        "status" : "passed",
        "time" : {
          "start" : 1629081236572,
          "stop" : 1629081359154,
          "duration" : 122582
        }
      }, {
        "uid" : "bfefb74ea3009512",
        "status" : "passed",
        "time" : {
          "start" : 1628994508532,
          "stop" : 1628994630595,
          "duration" : 122063
        }
      }, {
        "uid" : "330619696676d67b",
        "status" : "passed",
        "time" : {
          "start" : 1628903281808,
          "stop" : 1628903404018,
          "duration" : 122210
        }
      }, {
        "uid" : "8e80c99daf87745b",
        "status" : "broken",
        "statusDetails" : "NameError: name 'request' is not defined",
        "time" : {
          "start" : 1628382429865,
          "stop" : 1628382429865,
          "duration" : 0
        }
      }, {
        "uid" : "51885d667ec76d09",
        "status" : "broken",
        "statusDetails" : "IndexError: list index out of range",
        "time" : {
          "start" : 1628296119757,
          "stop" : 1628296119757,
          "duration" : 0
        }
      }, {
        "uid" : "195b4adaa7043d0a",
        "status" : "broken",
        "statusDetails" : "IndexError: list index out of range",
        "time" : {
          "start" : 1628209751546,
          "stop" : 1628209751546,
          "duration" : 0
        }
      }, {
        "uid" : "c076a9847b3dcdb2",
        "status" : "passed",
        "time" : {
          "start" : 1628130789386,
          "stop" : 1628130901402,
          "duration" : 112016
        }
      }, {
        "uid" : "350521ce5b690078",
        "status" : "passed",
        "time" : {
          "start" : 1628044663068,
          "stop" : 1628044784914,
          "duration" : 121846
        }
      }, {
        "uid" : "527661d38157a927",
        "status" : "passed",
        "time" : {
          "start" : 1627958207115,
          "stop" : 1627958319031,
          "duration" : 111916
        }
      }, {
        "uid" : "4203680ca6960370",
        "status" : "broken",
        "statusDetails" : "selenium.common.exceptions.TimeoutException: Message: \nStacktrace:\n    at sun.reflect.GeneratedConstructorAccessor397.newInstance (None:-1)\n    at sun.reflect.DelegatingConstructorAccessorImpl.newInstance (DelegatingConstructorAccessorImpl.java:45)\n    at java.lang.reflect.Constructor.newInstance (Constructor.java:423)\n    at org.openqa.selenium.remote.http.W3CHttpResponseCodec.createException (W3CHttpResponseCodec.java:187)\n    at org.openqa.selenium.remote.http.W3CHttpResponseCodec.decode (W3CHttpResponseCodec.java:122)\n    at org.openqa.selenium.remote.http.W3CHttpResponseCodec.decode (W3CHttpResponseCodec.java:49)\n    at org.openqa.selenium.remote.HttpCommandExecutor.execute (HttpCommandExecutor.java:158)\n    at io.appium.java_client.remote.AppiumCommandExecutor.execute (AppiumCommandExecutor.java:239)\n    at org.openqa.selenium.remote.RemoteWebDriver.execute (RemoteWebDriver.java:552)\n    at io.appium.java_client.DefaultGenericMobileDriver.execute (DefaultGenericMobileDriver.java:41)\n    at io.appium.java_client.AppiumDriver.execute (AppiumDriver.java:1)\n    at io.appium.java_client.ios.IOSDriver.execute (IOSDriver.java:1)\n    at org.openqa.selenium.remote.RemoteWebDriver.findElement (RemoteWebDriver.java:323)\n    at io.appium.java_client.DefaultGenericMobileDriver.findElement (DefaultGenericMobileDriver.java:61)\n    at io.appium.java_client.AppiumDriver.findElement (AppiumDriver.java:1)\n    at io.appium.java_client.ios.IOSDriver.findElement (IOSDriver.java:1)\n    at org.openqa.selenium.remote.RemoteWebDriver.findElementByXPath (RemoteWebDriver.java:428)\n    at io.appium.java_client.DefaultGenericMobileDriver.findElementByXPath (DefaultGenericMobileDriver.java:151)\n    at io.appium.java_client.AppiumDriver.findElementByXPath (AppiumDriver.java:1)\n    at io.appium.java_client.ios.IOSDriver.findElementByXPath (IOSDriver.java:1)\n    at org.openqa.selenium.By$ByXPath.findElement (By.java:353)\n    at org.openqa.selenium.remote.RemoteWebDriver.findElement (RemoteWebDriver.java:315)\n    at io.appium.java_client.DefaultGenericMobileDriver.findElement (DefaultGenericMobileDriver.java:57)\n    at io.appium.java_client.AppiumDriver.findElement (AppiumDriver.java:1)\n    at io.appium.java_client.ios.IOSDriver.findElement (IOSDriver.java:1)\n    at com.perfectomobile.selenium.server.appium.AppiumIOSDriverWrapper$2.call (AppiumIOSDriverWrapper.java:94)\n    at com.nexperience.function.execute.ExecuteCallableCommand.process (ExecuteCallableCommand.java:30)\n    at com.nexperience.engine.script.command.AbstractScriptCommand.doExecute (AbstractScriptCommand.java:173)\n    at com.nexperience.engine.script.command.ScriptCommandBase.execute (ScriptCommandBase.java:105)\n    at com.nexperience.engine.script.tcl.event.CommandTclEvent.processEvent (CommandTclEvent.java:43)\n    at com.nexperience.engine.script.tcl.event.MaseTclEvent.processEvent (MaseTclEvent.java:56)\n    at tcl.lang.Notifier.serviceEvent (Notifier.java:457)\n    at tcl.lang.Notifier.doOneEvent (Notifier.java:610)\n    at tcl.lang.Notifier.processTclEvents (Notifier.java:786)\n    at com.nexperience.engine.script.tcl.event.TclEventProcessor.start (TclEventProcessor.java:80)\n    at com.nexperience.engine.script.tcl.TclInterpreter.startEventProcessing (TclInterpreter.java:552)\n    at com.nexperience.engine.script.execution.step.StepExecutionEventProcessor.callImpl (StepExecutionEventProcessor.java:85)\n    at com.nexperience.engine.script.execution.step.StepExecutionEventProcessor.callImpl (StepExecutionEventProcessor.java:21)\n    at com.nexperience.util.thread.WrappedCallable.call (WrappedCallable.java:31)\n    at java.util.concurrent.FutureTask.run (FutureTask.java:266)\n    at java.util.concurrent.ThreadPoolExecutor.runWorker (ThreadPoolExecutor.java:1142)\n    at java.util.concurrent.ThreadPoolExecutor$Worker.run (ThreadPoolExecutor.java:617)\n    at java.lang.Thread.run (Thread.java:748)",
        "time" : {
          "start" : 1627896422294,
          "stop" : 1627896472683,
          "duration" : 50389
        }
      }, {
        "uid" : "ae344fcdfbb9b7a3",
        "status" : "broken",
        "statusDetails" : "selenium.common.exceptions.TimeoutException: Message: \nStacktrace:\n    at sun.reflect.GeneratedConstructorAccessor2411.newInstance (None:-1)\n    at sun.reflect.DelegatingConstructorAccessorImpl.newInstance (DelegatingConstructorAccessorImpl.java:45)\n    at java.lang.reflect.Constructor.newInstance (Constructor.java:423)\n    at org.openqa.selenium.remote.http.W3CHttpResponseCodec.createException (W3CHttpResponseCodec.java:187)\n    at org.openqa.selenium.remote.http.W3CHttpResponseCodec.decode (W3CHttpResponseCodec.java:122)\n    at org.openqa.selenium.remote.http.W3CHttpResponseCodec.decode (W3CHttpResponseCodec.java:49)\n    at org.openqa.selenium.remote.HttpCommandExecutor.execute (HttpCommandExecutor.java:158)\n    at io.appium.java_client.remote.AppiumCommandExecutor.execute (AppiumCommandExecutor.java:239)\n    at org.openqa.selenium.remote.RemoteWebDriver.execute (RemoteWebDriver.java:552)\n    at io.appium.java_client.DefaultGenericMobileDriver.execute (DefaultGenericMobileDriver.java:41)\n    at io.appium.java_client.AppiumDriver.execute (AppiumDriver.java:1)\n    at io.appium.java_client.ios.IOSDriver.execute (IOSDriver.java:1)\n    at org.openqa.selenium.remote.RemoteWebDriver.findElement (RemoteWebDriver.java:323)\n    at io.appium.java_client.DefaultGenericMobileDriver.findElement (DefaultGenericMobileDriver.java:61)\n    at io.appium.java_client.AppiumDriver.findElement (AppiumDriver.java:1)\n    at io.appium.java_client.ios.IOSDriver.findElement (IOSDriver.java:1)\n    at org.openqa.selenium.remote.RemoteWebDriver.findElementByXPath (RemoteWebDriver.java:428)\n    at io.appium.java_client.DefaultGenericMobileDriver.findElementByXPath (DefaultGenericMobileDriver.java:151)\n    at io.appium.java_client.AppiumDriver.findElementByXPath (AppiumDriver.java:1)\n    at io.appium.java_client.ios.IOSDriver.findElementByXPath (IOSDriver.java:1)\n    at org.openqa.selenium.By$ByXPath.findElement (By.java:353)\n    at org.openqa.selenium.remote.RemoteWebDriver.findElement (RemoteWebDriver.java:315)\n    at io.appium.java_client.DefaultGenericMobileDriver.findElement (DefaultGenericMobileDriver.java:57)\n    at io.appium.java_client.AppiumDriver.findElement (AppiumDriver.java:1)\n    at io.appium.java_client.ios.IOSDriver.findElement (IOSDriver.java:1)\n    at com.perfectomobile.selenium.server.appium.AppiumIOSDriverWrapper$2.call (AppiumIOSDriverWrapper.java:94)\n    at com.nexperience.function.execute.ExecuteCallableCommand.process (ExecuteCallableCommand.java:30)\n    at com.nexperience.engine.script.command.AbstractScriptCommand.doExecute (AbstractScriptCommand.java:173)\n    at com.nexperience.engine.script.command.ScriptCommandBase.execute (ScriptCommandBase.java:105)\n    at com.nexperience.engine.script.tcl.event.CommandTclEvent.processEvent (CommandTclEvent.java:43)\n    at com.nexperience.engine.script.tcl.event.MaseTclEvent.processEvent (MaseTclEvent.java:56)\n    at tcl.lang.Notifier.serviceEvent (Notifier.java:457)\n    at tcl.lang.Notifier.doOneEvent (Notifier.java:610)\n    at tcl.lang.Notifier.processTclEvents (Notifier.java:786)\n    at com.nexperience.engine.script.tcl.event.TclEventProcessor.start (TclEventProcessor.java:80)\n    at com.nexperience.engine.script.tcl.TclInterpreter.startEventProcessing (TclInterpreter.java:552)\n    at com.nexperience.engine.script.execution.step.StepExecutionEventProcessor.callImpl (StepExecutionEventProcessor.java:85)\n    at com.nexperience.engine.script.execution.step.StepExecutionEventProcessor.callImpl (StepExecutionEventProcessor.java:21)\n    at com.nexperience.util.thread.WrappedCallable.call (WrappedCallable.java:31)\n    at java.util.concurrent.FutureTask.run (FutureTask.java:266)\n    at java.util.concurrent.ThreadPoolExecutor.runWorker (ThreadPoolExecutor.java:1142)\n    at java.util.concurrent.ThreadPoolExecutor$Worker.run (ThreadPoolExecutor.java:617)\n    at java.lang.Thread.run (Thread.java:748)",
        "time" : {
          "start" : 1627784636511,
          "stop" : 1627784688534,
          "duration" : 52023
        }
      }, {
        "uid" : "1e08957cc879005d",
        "status" : "broken",
        "statusDetails" : "selenium.common.exceptions.TimeoutException: Message: \nStacktrace:\n    at sun.reflect.GeneratedConstructorAccessor2271.newInstance (None:-1)\n    at sun.reflect.DelegatingConstructorAccessorImpl.newInstance (DelegatingConstructorAccessorImpl.java:45)\n    at java.lang.reflect.Constructor.newInstance (Constructor.java:423)\n    at org.openqa.selenium.remote.http.W3CHttpResponseCodec.createException (W3CHttpResponseCodec.java:187)\n    at org.openqa.selenium.remote.http.W3CHttpResponseCodec.decode (W3CHttpResponseCodec.java:122)\n    at org.openqa.selenium.remote.http.W3CHttpResponseCodec.decode (W3CHttpResponseCodec.java:49)\n    at org.openqa.selenium.remote.HttpCommandExecutor.execute (HttpCommandExecutor.java:158)\n    at io.appium.java_client.remote.AppiumCommandExecutor.execute (AppiumCommandExecutor.java:239)\n    at org.openqa.selenium.remote.RemoteWebDriver.execute (RemoteWebDriver.java:552)\n    at io.appium.java_client.DefaultGenericMobileDriver.execute (DefaultGenericMobileDriver.java:41)\n    at io.appium.java_client.AppiumDriver.execute (AppiumDriver.java:1)\n    at io.appium.java_client.ios.IOSDriver.execute (IOSDriver.java:1)\n    at org.openqa.selenium.remote.RemoteWebDriver.findElement (RemoteWebDriver.java:323)\n    at io.appium.java_client.DefaultGenericMobileDriver.findElement (DefaultGenericMobileDriver.java:61)\n    at io.appium.java_client.AppiumDriver.findElement (AppiumDriver.java:1)\n    at io.appium.java_client.ios.IOSDriver.findElement (IOSDriver.java:1)\n    at org.openqa.selenium.remote.RemoteWebDriver.findElementByXPath (RemoteWebDriver.java:428)\n    at io.appium.java_client.DefaultGenericMobileDriver.findElementByXPath (DefaultGenericMobileDriver.java:151)\n    at io.appium.java_client.AppiumDriver.findElementByXPath (AppiumDriver.java:1)\n    at io.appium.java_client.ios.IOSDriver.findElementByXPath (IOSDriver.java:1)\n    at org.openqa.selenium.By$ByXPath.findElement (By.java:353)\n    at org.openqa.selenium.remote.RemoteWebDriver.findElement (RemoteWebDriver.java:315)\n    at io.appium.java_client.DefaultGenericMobileDriver.findElement (DefaultGenericMobileDriver.java:57)\n    at io.appium.java_client.AppiumDriver.findElement (AppiumDriver.java:1)\n    at io.appium.java_client.ios.IOSDriver.findElement (IOSDriver.java:1)\n    at com.perfectomobile.selenium.server.appium.AppiumIOSDriverWrapper$2.call (AppiumIOSDriverWrapper.java:94)\n    at com.nexperience.function.execute.ExecuteCallableCommand.process (ExecuteCallableCommand.java:30)\n    at com.nexperience.engine.script.command.AbstractScriptCommand.doExecute (AbstractScriptCommand.java:173)\n    at com.nexperience.engine.script.command.ScriptCommandBase.execute (ScriptCommandBase.java:105)\n    at com.nexperience.engine.script.tcl.event.CommandTclEvent.processEvent (CommandTclEvent.java:43)\n    at com.nexperience.engine.script.tcl.event.MaseTclEvent.processEvent (MaseTclEvent.java:56)\n    at tcl.lang.Notifier.serviceEvent (Notifier.java:457)\n    at tcl.lang.Notifier.doOneEvent (Notifier.java:610)\n    at tcl.lang.Notifier.processTclEvents (Notifier.java:786)\n    at com.nexperience.engine.script.tcl.event.TclEventProcessor.start (TclEventProcessor.java:80)\n    at com.nexperience.engine.script.tcl.TclInterpreter.startEventProcessing (TclInterpreter.java:552)\n    at com.nexperience.engine.script.execution.step.StepExecutionEventProcessor.callImpl (StepExecutionEventProcessor.java:85)\n    at com.nexperience.engine.script.execution.step.StepExecutionEventProcessor.callImpl (StepExecutionEventProcessor.java:21)\n    at com.nexperience.util.thread.WrappedCallable.call (WrappedCallable.java:31)\n    at java.util.concurrent.FutureTask.run (FutureTask.java:266)\n    at java.util.concurrent.ThreadPoolExecutor.runWorker (ThreadPoolExecutor.java:1142)\n    at java.util.concurrent.ThreadPoolExecutor$Worker.run (ThreadPoolExecutor.java:617)\n    at java.lang.Thread.run (Thread.java:748)",
        "time" : {
          "start" : 1627611161344,
          "stop" : 1627611213321,
          "duration" : 51977
        }
      }, {
        "uid" : "33ff71ecc6a6b6b1",
        "status" : "skipped",
        "statusDetails" : "XFAIL reason: SSID NOT AVAILABLE IN VIF STATE\n\n_pytest.outcomes.XFailed: SSID NOT AVAILABLE IN VIF STATE",
        "time" : {
          "start" : 1627436703964,
          "stop" : 1627436703964,
          "duration" : 0
        }
      }, {
        "uid" : "b86d15b1322d121e",
        "status" : "skipped",
        "statusDetails" : "XFAIL reason: SSID NOT AVAILABLE IN VIF STATE\n\n_pytest.outcomes.XFailed: SSID NOT AVAILABLE IN VIF STATE",
        "time" : {
          "start" : 1627353087119,
          "stop" : 1627353087120,
          "duration" : 1
        }
      }, {
        "uid" : "a1e059f3a88d877d",
        "status" : "broken",
        "statusDetails" : "selenium.common.exceptions.TimeoutException: Message: \nStacktrace:\n    at sun.reflect.GeneratedConstructorAccessor1749.newInstance (None:-1)\n    at sun.reflect.DelegatingConstructorAccessorImpl.newInstance (DelegatingConstructorAccessorImpl.java:45)\n    at java.lang.reflect.Constructor.newInstance (Constructor.java:423)\n    at org.openqa.selenium.remote.http.W3CHttpResponseCodec.createException (W3CHttpResponseCodec.java:187)\n    at org.openqa.selenium.remote.http.W3CHttpResponseCodec.decode (W3CHttpResponseCodec.java:122)\n    at org.openqa.selenium.remote.http.W3CHttpResponseCodec.decode (W3CHttpResponseCodec.java:49)\n    at org.openqa.selenium.remote.HttpCommandExecutor.execute (HttpCommandExecutor.java:158)\n    at io.appium.java_client.remote.AppiumCommandExecutor.execute (AppiumCommandExecutor.java:239)\n    at org.openqa.selenium.remote.RemoteWebDriver.execute (RemoteWebDriver.java:552)\n    at io.appium.java_client.DefaultGenericMobileDriver.execute (DefaultGenericMobileDriver.java:41)\n    at io.appium.java_client.AppiumDriver.execute (AppiumDriver.java:1)\n    at io.appium.java_client.ios.IOSDriver.execute (IOSDriver.java:1)\n    at org.openqa.selenium.remote.RemoteWebDriver.findElement (RemoteWebDriver.java:323)\n    at io.appium.java_client.DefaultGenericMobileDriver.findElement (DefaultGenericMobileDriver.java:61)\n    at io.appium.java_client.AppiumDriver.findElement (AppiumDriver.java:1)\n    at io.appium.java_client.ios.IOSDriver.findElement (IOSDriver.java:1)\n    at org.openqa.selenium.remote.RemoteWebDriver.findElementByXPath (RemoteWebDriver.java:428)\n    at io.appium.java_client.DefaultGenericMobileDriver.findElementByXPath (DefaultGenericMobileDriver.java:151)\n    at io.appium.java_client.AppiumDriver.findElementByXPath (AppiumDriver.java:1)\n    at io.appium.java_client.ios.IOSDriver.findElementByXPath (IOSDriver.java:1)\n    at org.openqa.selenium.By$ByXPath.findElement (By.java:353)\n    at org.openqa.selenium.remote.RemoteWebDriver.findElement (RemoteWebDriver.java:315)\n    at io.appium.java_client.DefaultGenericMobileDriver.findElement (DefaultGenericMobileDriver.java:57)\n    at io.appium.java_client.AppiumDriver.findElement (AppiumDriver.java:1)\n    at io.appium.java_client.ios.IOSDriver.findElement (IOSDriver.java:1)\n    at com.perfectomobile.selenium.server.appium.AppiumIOSDriverWrapper$2.call (AppiumIOSDriverWrapper.java:94)\n    at com.nexperience.function.execute.ExecuteCallableCommand.process (ExecuteCallableCommand.java:30)\n    at com.nexperience.engine.script.command.AbstractScriptCommand.doExecute (AbstractScriptCommand.java:173)\n    at com.nexperience.engine.script.command.ScriptCommandBase.execute (ScriptCommandBase.java:105)\n    at com.nexperience.engine.script.tcl.event.CommandTclEvent.processEvent (CommandTclEvent.java:43)\n    at com.nexperience.engine.script.tcl.event.MaseTclEvent.processEvent (MaseTclEvent.java:56)\n    at tcl.lang.Notifier.serviceEvent (Notifier.java:457)\n    at tcl.lang.Notifier.doOneEvent (Notifier.java:610)\n    at tcl.lang.Notifier.processTclEvents (Notifier.java:786)\n    at com.nexperience.engine.script.tcl.event.TclEventProcessor.start (TclEventProcessor.java:80)\n    at com.nexperience.engine.script.tcl.TclInterpreter.startEventProcessing (TclInterpreter.java:552)\n    at com.nexperience.engine.script.execution.step.StepExecutionEventProcessor.callImpl (StepExecutionEventProcessor.java:85)\n    at com.nexperience.engine.script.execution.step.StepExecutionEventProcessor.callImpl (StepExecutionEventProcessor.java:21)\n    at com.nexperience.util.thread.WrappedCallable.call (WrappedCallable.java:31)\n    at java.util.concurrent.FutureTask.run (FutureTask.java:266)\n    at java.util.concurrent.ThreadPoolExecutor.runWorker (ThreadPoolExecutor.java:1142)\n    at java.util.concurrent.ThreadPoolExecutor$Worker.run (ThreadPoolExecutor.java:617)\n    at java.lang.Thread.run (Thread.java:748)",
        "time" : {
          "start" : 1627264246281,
          "stop" : 1627264296598,
          "duration" : 50317
        }
      }, {
        "uid" : "a08f8ab03e3c4002",
        "status" : "failed",
        "statusDetails" : "AssertionError",
        "time" : {
          "start" : 1627178739538,
          "stop" : 1627178785968,
          "duration" : 46430
        }
      }, {
        "uid" : "70ca380b17a1d366",
        "status" : "failed",
        "statusDetails" : "AssertionError",
        "time" : {
          "start" : 1627081112520,
          "stop" : 1627081158627,
          "duration" : 46107
        }
      }, {
        "uid" : "b37d78ac0b4ca79a",
        "status" : "failed",
        "statusDetails" : "AssertionError",
        "time" : {
          "start" : 1627007192049,
          "stop" : 1627007238190,
          "duration" : 46141
        }
      }, {
        "uid" : "dc484e9973cb7324",
        "status" : "passed",
        "time" : {
          "start" : 1626834243049,
          "stop" : 1626834334651,
          "duration" : 91602
        }
      } ]
    },
    "tags" : [ "@pytest.mark.usefixtures('setup_profiles')", "AccessPointConnection", "interop_ios", "interop", "sanity", "wpa", "ios", "twog" ]
  },
  "source" : "973ab9d25cc637aa.json",
  "parameterValues" : [ "{'mode': 'NAT', 'ssid_modes': {'wpa': [{'ssid_name': 'ssid_wpa_2g', 'appliedRadios': ['is2dot4GHz'], 'security_key': 'something'}, {'ssid_name': 'ssid_wpa_5g', 'appliedRadios': ['is5GHzU', 'is5GHz', 'is5GHzL'], 'security_key': 'something'}], 'open': [{'ssid_name': 'ssid_open_2g', 'appliedRadios': ['is2dot4GHz']}, {'ssid_name': 'ssid_open_5g', 'appliedRadios': ['is5GHzU', 'is5GHz', 'is5GHzL']}], 'wpa2_personal': [{'ssid_name': 'ssid_wpa2_2g', 'appliedRadios': ['is2dot4GHz'], 'security_key': 'something'}, {'ssid_name': 'ssid_wpa2_5g', 'appliedRadios': ['is5GHzU', 'is5GHz', 'is5GHzL'], 'security_key': 'something'}]}, 'rf': {}, 'radius': False}" ]
}