{
  "uid" : "f70c713817b5c1d5",
  "name" : "test_ClientConnectivity_2g_WPA[setup_profiles0]",
  "fullName" : "e2e.interOp.iOS.client_connectivity.test_NatMode.TestNatMode#test_ClientConnectivity_2g_WPA",
  "historyId" : "404e65fd556f13a7d4f311d939a85579",
  "time" : {
    "start" : 1629340536834,
    "stop" : 1629340536834,
    "duration" : 0
  },
  "status" : "broken",
  "statusMessage" : "AttributeError: 'Controller' object has no attribute 'equipment_client'",
  "statusTrace" : "setup_controller = <controller.controller_1x.controller.Controller object at 0x7f5eadfecb50>\ntestbed = 'interop'\nget_configuration = {'access_point': [{'ip': '10.28.3.102', 'jumphost': True, 'jumphost_tty': '/dev/ttyAP1', 'mode': 'wifi5', ...}], 'cont...iJvcGVuaWQgcHJvZmlsZSBvZmZsaW5lX2FjY2VzcyBlbWFpbCJ9.SOL-wlZiQ4BoLLfaeIW8QoxJ6xzrgxBjwSiSzkLBPYw'}, 'name': 'Perfecto'}}\n\n    @pytest.fixture(scope=\"session\")\n    def get_equipment_id(setup_controller, testbed, get_configuration):\n        equipment_id_list = []\n        for i in get_configuration['access_point']:\n>           equipment_id_list.append(setup_controller.get_equipment_id(\n                serial_number=i['serial']))\n\ne2e/interOp/conftest.py:140: \n_ _ _ _ _ _ _ _ _ _ _ _ _ _ _ _ _ _ _ _ _ _ _ _ _ _ _ _ _ _ _ _ _ _ _ _ _ _ _ _ \n../libs/controller/controller_1x/controller.py:183: in get_equipment_id\n    equipment_data = self.get_equipment_by_customer_id(max_items=100)\n_ _ _ _ _ _ _ _ _ _ _ _ _ _ _ _ _ _ _ _ _ _ _ _ _ _ _ _ _ _ _ _ _ _ _ _ _ _ _ _ \n\nself = <controller.controller_1x.controller.Controller object at 0x7f5eadfecb50>\nmax_items = 100\n\n    def get_equipment_by_customer_id(self, max_items=10):\n        self.refresh_instance()\n        pagination_context = \"\"\"{\n                \"model_type\": \"PaginationContext\",\n                \"maxItemsPerPage\": \"\"\" + str(max_items) + \"\"\"\n        }\"\"\"\n        self.refresh_instance()\n>       equipment_data = self.equipment_client.get_equipment_by_customer_id(customer_id=self.customer_id,\n                                                                            pagination_context=pagination_context)\nE       AttributeError: 'Controller' object has no attribute 'equipment_client'\n\n../libs/controller/controller_1x/controller.py:162: AttributeError",
  "flaky" : false,
  "newFailed" : false,
  "beforeStages" : [ {
    "name" : "get_apnos",
    "time" : {
      "start" : 1629340525430,
      "stop" : 1629340525430,
      "duration" : 0
    },
    "status" : "passed",
    "steps" : [ ],
    "attachments" : [ ],
    "parameters" : [ ],
    "stepsCount" : 0,
    "attachmentsCount" : 0,
    "shouldDisplayMessage" : false,
    "hasContent" : false
  }, {
    "name" : "setup_vlan",
    "time" : {
      "start" : 1629340529682,
      "stop" : 1629340529682,
      "duration" : 0
    },
    "status" : "passed",
    "steps" : [ ],
    "attachments" : [ ],
    "parameters" : [ ],
    "stepsCount" : 0,
    "attachmentsCount" : 0,
    "shouldDisplayMessage" : false,
    "hasContent" : false
  }, {
    "name" : "add_allure_environment_property",
    "time" : {
      "start" : 1629340525429,
      "stop" : 1629340525429,
      "duration" : 0
    },
    "status" : "passed",
    "steps" : [ ],
    "attachments" : [ ],
    "parameters" : [ ],
    "stepsCount" : 0,
    "attachmentsCount" : 0,
    "shouldDisplayMessage" : false,
    "hasContent" : false
  }, {
    "name" : "setup_controller",
    "time" : {
      "start" : 1629340529681,
      "stop" : 1629340529681,
      "duration" : 0
    },
    "status" : "passed",
    "steps" : [ ],
    "attachments" : [ ],
    "parameters" : [ ],
    "stepsCount" : 0,
    "attachmentsCount" : 0,
    "shouldDisplayMessage" : false,
    "hasContent" : false
  }, {
    "name" : "get_configuration",
    "time" : {
      "start" : 1629340525430,
      "stop" : 1629340525430,
      "duration" : 0
    },
    "status" : "passed",
    "steps" : [ ],
    "attachments" : [ ],
    "parameters" : [ ],
    "stepsCount" : 0,
    "attachmentsCount" : 0,
    "shouldDisplayMessage" : false,
    "hasContent" : false
  }, {
    "name" : "testbed",
    "time" : {
      "start" : 1629340525429,
      "stop" : 1629340525429,
      "duration" : 0
    },
    "status" : "passed",
    "steps" : [ ],
    "attachments" : [ ],
    "parameters" : [ ],
    "stepsCount" : 0,
    "attachmentsCount" : 0,
    "shouldDisplayMessage" : false,
    "hasContent" : false
  }, {
    "name" : "fixtures_ver",
    "time" : {
      "start" : 1629340529545,
      "stop" : 1629340529680,
      "duration" : 135
    },
    "status" : "passed",
    "steps" : [ ],
    "attachments" : [ ],
    "parameters" : [ ],
    "stepsCount" : 0,
    "attachmentsCount" : 0,
    "shouldDisplayMessage" : false,
    "hasContent" : false
  }, {
    "name" : "test_access_point",
    "time" : {
      "start" : 1629340525430,
      "stop" : 1629340529545,
      "duration" : 4115
    },
    "status" : "passed",
    "steps" : [ ],
    "attachments" : [ ],
    "parameters" : [ ],
    "stepsCount" : 0,
    "attachmentsCount" : 0,
    "shouldDisplayMessage" : false,
    "hasContent" : false
  }, {
    "name" : "get_equipment_id",
    "time" : {
      "start" : 1629340529682,
      "stop" : 1629340529682,
      "duration" : 0
    },
    "status" : "broken",
    "statusMessage" : "AttributeError: 'Controller' object has no attribute 'equipment_client'\n",
    "statusTrace" : "  File \"/usr/local/lib/python3.8/site-packages/pluggy/callers.py\", line 187, in _multicall\n    res = hook_impl.function(*args)\n  File \"/usr/local/lib/python3.8/site-packages/_pytest/fixtures.py\", line 1126, in pytest_fixture_setup\n    result = call_fixture_func(fixturefunc, request, kwargs)\n  File \"/usr/local/lib/python3.8/site-packages/_pytest/fixtures.py\", line 925, in call_fixture_func\n    fixture_result = next(generator)\n  File \"/wlan-testing/tests/e2e/interOp/conftest.py\", line 140, in get_equipment_id\n    equipment_id_list.append(setup_controller.get_equipment_id(\n  File \"/wlan-testing/tests/../libs/controller/controller_1x/controller.py\", line 183, in get_equipment_id\n    equipment_data = self.get_equipment_by_customer_id(max_items=100)\n  File \"/wlan-testing/tests/../libs/controller/controller_1x/controller.py\", line 162, in get_equipment_by_customer_id\n    equipment_data = self.equipment_client.get_equipment_by_customer_id(customer_id=self.customer_id,\n",
    "steps" : [ ],
    "attachments" : [ ],
    "parameters" : [ ],
    "stepsCount" : 0,
    "attachmentsCount" : 0,
    "shouldDisplayMessage" : true,
    "hasContent" : true
  }, {
    "name" : "add_env_properties",
    "time" : {
      "start" : 1629340529681,
      "stop" : 1629340529681,
      "duration" : 0
    },
    "status" : "passed",
    "steps" : [ ],
    "attachments" : [ ],
    "parameters" : [ ],
    "stepsCount" : 0,
    "attachmentsCount" : 0,
    "shouldDisplayMessage" : false,
    "hasContent" : false
  } ],
  "afterStages" : [ {
    "name" : "get_apnos::0",
    "time" : {
      "start" : 1629340537306,
      "stop" : 1629340537306,
      "duration" : 0
    },
    "status" : "passed",
    "steps" : [ ],
    "attachments" : [ ],
    "parameters" : [ ],
    "stepsCount" : 0,
    "attachmentsCount" : 0,
    "shouldDisplayMessage" : false,
    "hasContent" : false
  }, {
    "name" : "setup_vlan::0",
    "time" : {
      "start" : 1629340537290,
      "stop" : 1629340537290,
      "duration" : 0
    },
    "status" : "passed",
    "steps" : [ ],
    "attachments" : [ ],
    "parameters" : [ ],
    "stepsCount" : 0,
    "attachmentsCount" : 0,
    "shouldDisplayMessage" : false,
    "hasContent" : false
  }, {
    "name" : "add_allure_environment_property::0",
    "time" : {
      "start" : 1629340537321,
      "stop" : 1629340537321,
      "duration" : 0
    },
    "status" : "passed",
    "steps" : [ ],
    "attachments" : [ ],
    "parameters" : [ ],
    "stepsCount" : 0,
    "attachmentsCount" : 0,
    "shouldDisplayMessage" : false,
    "hasContent" : false
  }, {
    "name" : "setup_controller::1",
    "time" : {
      "start" : 1629340537292,
      "stop" : 1629340537292,
      "duration" : 0
    },
    "status" : "passed",
    "steps" : [ ],
    "attachments" : [ ],
    "parameters" : [ ],
    "stepsCount" : 0,
    "attachmentsCount" : 0,
    "shouldDisplayMessage" : false,
    "hasContent" : false
  }, {
    "name" : "setup_controller::disconnect",
    "time" : {
      "start" : 1629340537292,
      "stop" : 1629340537293,
      "duration" : 1
    },
    "status" : "passed",
    "steps" : [ ],
    "attachments" : [ ],
    "parameters" : [ ],
    "stepsCount" : 0,
    "attachmentsCount" : 0,
    "shouldDisplayMessage" : false,
    "hasContent" : false
  }, {
    "name" : "get_configuration::0",
    "time" : {
      "start" : 1629340537314,
      "stop" : 1629340537314,
      "duration" : 0
    },
    "status" : "passed",
    "steps" : [ ],
    "attachments" : [ ],
    "parameters" : [ ],
    "stepsCount" : 0,
    "attachmentsCount" : 0,
    "shouldDisplayMessage" : false,
    "hasContent" : false
  }, {
    "name" : "testbed::0",
    "time" : {
      "start" : 1629340537319,
      "stop" : 1629340537319,
      "duration" : 0
    },
    "status" : "passed",
    "steps" : [ ],
    "attachments" : [ ],
    "parameters" : [ ],
    "stepsCount" : 0,
    "attachmentsCount" : 0,
    "shouldDisplayMessage" : false,
    "hasContent" : false
  }, {
    "name" : "fixtures_ver::0",
    "time" : {
      "start" : 1629340537300,
      "stop" : 1629340537300,
      "duration" : 0
    },
    "status" : "passed",
    "steps" : [ ],
    "attachments" : [ ],
    "parameters" : [ ],
    "stepsCount" : 0,
    "attachmentsCount" : 0,
    "shouldDisplayMessage" : false,
    "hasContent" : false
  }, {
    "name" : "test_access_point::0",
    "time" : {
      "start" : 1629340537302,
      "stop" : 1629340537302,
      "duration" : 0
    },
    "status" : "passed",
    "steps" : [ ],
    "attachments" : [ ],
    "parameters" : [ ],
    "stepsCount" : 0,
    "attachmentsCount" : 0,
    "shouldDisplayMessage" : false,
    "hasContent" : false
  } ],
  "labels" : [ {
    "name" : "feature",
    "value" : "NAT MODE CLIENT CONNECTIVITY"
  }, {
    "name" : "tag",
    "value" : "interop_ios"
  }, {
    "name" : "tag",
    "value" : "sanity"
  }, {
    "name" : "tag",
    "value" : "interop"
  }, {
    "name" : "tag",
    "value" : "@pytest.mark.usefixtures('setup_profiles')"
  }, {
    "name" : "tag",
    "value" : "ClientConnectivity"
  }, {
    "name" : "tag",
    "value" : "wpa"
  }, {
    "name" : "tag",
    "value" : "twog"
  }, {
    "name" : "parentSuite",
    "value" : "e2e.interOp.iOS.client_connectivity"
  }, {
    "name" : "suite",
    "value" : "test_NatMode"
  }, {
    "name" : "subSuite",
    "value" : "TestNatMode"
  }, {
    "name" : "host",
    "value" : "interop-ci-159-ios-2gv9q"
  }, {
    "name" : "thread",
    "value" : "7-MainThread"
  }, {
    "name" : "framework",
    "value" : "pytest"
  }, {
    "name" : "language",
    "value" : "cpython3"
  }, {
    "name" : "package",
    "value" : "e2e.interOp.iOS.client_connectivity.test_NatMode"
  }, {
    "name" : "resultFormat",
    "value" : "allure2"
  } ],
  "parameters" : [ {
    "name" : "setup_profiles",
    "value" : "{'mode': 'NAT', 'ssid_modes': {'wpa': [{'ssid_name': 'ssid_wpa_2g', 'appliedRadios': ['is2dot4GHz'], 'security_key': 'something'}, {'ssid_name': 'ssid_wpa_5g', 'appliedRadios': ['is5GHzU', 'is5GHz', 'is5GHzL'], 'security_key': 'something'}], 'open': [{'ssid_name': 'ssid_open_2g', 'appliedRadios': ['is2dot4GHz']}, {'ssid_name': 'ssid_open_5g', 'appliedRadios': ['is5GHzU', 'is5GHz', 'is5GHzL']}], 'wpa2_personal': [{'ssid_name': 'ssid_wpa2_2g', 'appliedRadios': ['is2dot4GHz'], 'security_key': 'something'}, {'ssid_name': 'ssid_wpa2_5g', 'appliedRadios': ['is5GHzU', 'is5GHz', 'is5GHzL'], 'security_key': 'something'}]}, 'rf': {}, 'radius': False}"
  } ],
  "links" : [ ],
  "hidden" : false,
  "retry" : false,
  "extra" : {
    "severity" : "normal",
    "retries" : [ ],
    "categories" : [ {
      "name" : "Test defects",
      "matchedStatuses" : [ ],
      "flaky" : false
    } ],
    "history" : {
      "statistic" : {
        "failed" : 10,
        "broken" : 11,
        "skipped" : 3,
        "passed" : 17,
        "unknown" : 0,
        "total" : 41
      },
      "items" : [ {
        "uid" : "43a4ffbdb31ee789",
        "status" : "passed",
        "time" : {
          "start" : 1629174494074,
          "stop" : 1629174645495,
          "duration" : 151421
        }
      }, {
        "uid" : "5886d7c49ad54c27",
        "status" : "passed",
        "time" : {
          "start" : 1629088425934,
          "stop" : 1629088578373,
          "duration" : 152439
        }
      }, {
        "uid" : "bde6eff944461977",
        "status" : "passed",
        "time" : {
          "start" : 1629001863762,
          "stop" : 1629002014711,
          "duration" : 150949
        }
      }, {
        "uid" : "739e926753c289b3",
        "status" : "passed",
        "time" : {
          "start" : 1628910196940,
          "stop" : 1628910349759,
          "duration" : 152819
        }
      }, {
        "uid" : "680259529314fcf",
        "status" : "broken",
        "statusDetails" : "NameError: name 'request' is not defined",
        "time" : {
          "start" : 1628382430690,
          "stop" : 1628382430690,
          "duration" : 0
        }
      }, {
        "uid" : "2f0e549c28551fe4",
        "status" : "broken",
        "statusDetails" : "IndexError: list index out of range",
        "time" : {
          "start" : 1628296120504,
          "stop" : 1628296120504,
          "duration" : 0
        }
      }, {
        "uid" : "70609652570ee1a7",
        "status" : "broken",
        "statusDetails" : "IndexError: list index out of range",
        "time" : {
          "start" : 1628209751969,
          "stop" : 1628209751969,
          "duration" : 0
        }
      }, {
        "uid" : "ba715d26777aa8c9",
        "status" : "passed",
        "time" : {
          "start" : 1628138413965,
          "stop" : 1628138567644,
          "duration" : 153679
        }
      }, {
        "uid" : "33a62b330df13d5e",
        "status" : "skipped",
        "statusDetails" : "XFAIL reason: SSID NOT AVAILABLE IN VIF STATE\n\n_pytest.outcomes.XFailed: SSID NOT AVAILABLE IN VIF STATE",
        "time" : {
          "start" : 1628052096266,
          "stop" : 1628052096266,
          "duration" : 0
        }
      }, {
        "uid" : "a50f2b865f634658",
        "status" : "passed",
        "time" : {
          "start" : 1627965345807,
          "stop" : 1627965495707,
          "duration" : 149900
        }
      }, {
        "uid" : "6f05fc1bcdde315a",
        "status" : "skipped",
        "statusDetails" : "XFAIL reason: SSID NOT AVAILABLE IN VIF STATE\n\n_pytest.outcomes.XFailed: SSID NOT AVAILABLE IN VIF STATE",
        "time" : {
          "start" : 1627902817852,
          "stop" : 1627902817853,
          "duration" : 1
        }
      }, {
        "uid" : "4dbb63c8b2dcae96",
        "status" : "broken",
        "statusDetails" : "selenium.common.exceptions.TimeoutException: Message: \nStacktrace:\n    at sun.reflect.GeneratedConstructorAccessor2411.newInstance (None:-1)\n    at sun.reflect.DelegatingConstructorAccessorImpl.newInstance (DelegatingConstructorAccessorImpl.java:45)\n    at java.lang.reflect.Constructor.newInstance (Constructor.java:423)\n    at org.openqa.selenium.remote.http.W3CHttpResponseCodec.createException (W3CHttpResponseCodec.java:187)\n    at org.openqa.selenium.remote.http.W3CHttpResponseCodec.decode (W3CHttpResponseCodec.java:122)\n    at org.openqa.selenium.remote.http.W3CHttpResponseCodec.decode (W3CHttpResponseCodec.java:49)\n    at org.openqa.selenium.remote.HttpCommandExecutor.execute (HttpCommandExecutor.java:158)\n    at io.appium.java_client.remote.AppiumCommandExecutor.execute (AppiumCommandExecutor.java:239)\n    at org.openqa.selenium.remote.RemoteWebDriver.execute (RemoteWebDriver.java:552)\n    at io.appium.java_client.DefaultGenericMobileDriver.execute (DefaultGenericMobileDriver.java:41)\n    at io.appium.java_client.AppiumDriver.execute (AppiumDriver.java:1)\n    at io.appium.java_client.ios.IOSDriver.execute (IOSDriver.java:1)\n    at org.openqa.selenium.remote.RemoteWebDriver.findElement (RemoteWebDriver.java:323)\n    at io.appium.java_client.DefaultGenericMobileDriver.findElement (DefaultGenericMobileDriver.java:61)\n    at io.appium.java_client.AppiumDriver.findElement (AppiumDriver.java:1)\n    at io.appium.java_client.ios.IOSDriver.findElement (IOSDriver.java:1)\n    at org.openqa.selenium.remote.RemoteWebDriver.findElementByXPath (RemoteWebDriver.java:428)\n    at io.appium.java_client.DefaultGenericMobileDriver.findElementByXPath (DefaultGenericMobileDriver.java:151)\n    at io.appium.java_client.AppiumDriver.findElementByXPath (AppiumDriver.java:1)\n    at io.appium.java_client.ios.IOSDriver.findElementByXPath (IOSDriver.java:1)\n    at org.openqa.selenium.By$ByXPath.findElement (By.java:353)\n    at org.openqa.selenium.remote.RemoteWebDriver.findElement (RemoteWebDriver.java:315)\n    at io.appium.java_client.DefaultGenericMobileDriver.findElement (DefaultGenericMobileDriver.java:57)\n    at io.appium.java_client.AppiumDriver.findElement (AppiumDriver.java:1)\n    at io.appium.java_client.ios.IOSDriver.findElement (IOSDriver.java:1)\n    at com.perfectomobile.selenium.server.appium.AppiumIOSDriverWrapper$2.call (AppiumIOSDriverWrapper.java:94)\n    at com.nexperience.function.execute.ExecuteCallableCommand.process (ExecuteCallableCommand.java:30)\n    at com.nexperience.engine.script.command.AbstractScriptCommand.doExecute (AbstractScriptCommand.java:173)\n    at com.nexperience.engine.script.command.ScriptCommandBase.execute (ScriptCommandBase.java:105)\n    at com.nexperience.engine.script.tcl.event.CommandTclEvent.processEvent (CommandTclEvent.java:43)\n    at com.nexperience.engine.script.tcl.event.MaseTclEvent.processEvent (MaseTclEvent.java:56)\n    at tcl.lang.Notifier.serviceEvent (Notifier.java:457)\n    at tcl.lang.Notifier.doOneEvent (Notifier.java:610)\n    at tcl.lang.Notifier.processTclEvents (Notifier.java:786)\n    at com.nexperience.engine.script.tcl.event.TclEventProcessor.start (TclEventProcessor.java:80)\n    at com.nexperience.engine.script.tcl.TclInterpreter.startEventProcessing (TclInterpreter.java:552)\n    at com.nexperience.engine.script.execution.step.StepExecutionEventProcessor.callImpl (StepExecutionEventProcessor.java:85)\n    at com.nexperience.engine.script.execution.step.StepExecutionEventProcessor.callImpl (StepExecutionEventProcessor.java:21)\n    at com.nexperience.util.thread.WrappedCallable.call (WrappedCallable.java:31)\n    at java.util.concurrent.FutureTask.run (FutureTask.java:266)\n    at java.util.concurrent.ThreadPoolExecutor.runWorker (ThreadPoolExecutor.java:1142)\n    at java.util.concurrent.ThreadPoolExecutor$Worker.run (ThreadPoolExecutor.java:617)\n    at java.lang.Thread.run (Thread.java:748)",
        "time" : {
          "start" : 1627790953205,
          "stop" : 1627791003647,
          "duration" : 50442
        }
      }, {
        "uid" : "42f6b7ed3eb4f3d1",
        "status" : "broken",
        "statusDetails" : "selenium.common.exceptions.TimeoutException: Message: \nStacktrace:\n    at sun.reflect.GeneratedConstructorAccessor2271.newInstance (None:-1)\n    at sun.reflect.DelegatingConstructorAccessorImpl.newInstance (DelegatingConstructorAccessorImpl.java:45)\n    at java.lang.reflect.Constructor.newInstance (Constructor.java:423)\n    at org.openqa.selenium.remote.http.W3CHttpResponseCodec.createException (W3CHttpResponseCodec.java:187)\n    at org.openqa.selenium.remote.http.W3CHttpResponseCodec.decode (W3CHttpResponseCodec.java:122)\n    at org.openqa.selenium.remote.http.W3CHttpResponseCodec.decode (W3CHttpResponseCodec.java:49)\n    at org.openqa.selenium.remote.HttpCommandExecutor.execute (HttpCommandExecutor.java:158)\n    at io.appium.java_client.remote.AppiumCommandExecutor.execute (AppiumCommandExecutor.java:239)\n    at org.openqa.selenium.remote.RemoteWebDriver.execute (RemoteWebDriver.java:552)\n    at io.appium.java_client.DefaultGenericMobileDriver.execute (DefaultGenericMobileDriver.java:41)\n    at io.appium.java_client.AppiumDriver.execute (AppiumDriver.java:1)\n    at io.appium.java_client.ios.IOSDriver.execute (IOSDriver.java:1)\n    at org.openqa.selenium.remote.RemoteWebDriver.findElement (RemoteWebDriver.java:323)\n    at io.appium.java_client.DefaultGenericMobileDriver.findElement (DefaultGenericMobileDriver.java:61)\n    at io.appium.java_client.AppiumDriver.findElement (AppiumDriver.java:1)\n    at io.appium.java_client.ios.IOSDriver.findElement (IOSDriver.java:1)\n    at org.openqa.selenium.remote.RemoteWebDriver.findElementByXPath (RemoteWebDriver.java:428)\n    at io.appium.java_client.DefaultGenericMobileDriver.findElementByXPath (DefaultGenericMobileDriver.java:151)\n    at io.appium.java_client.AppiumDriver.findElementByXPath (AppiumDriver.java:1)\n    at io.appium.java_client.ios.IOSDriver.findElementByXPath (IOSDriver.java:1)\n    at org.openqa.selenium.By$ByXPath.findElement (By.java:353)\n    at org.openqa.selenium.remote.RemoteWebDriver.findElement (RemoteWebDriver.java:315)\n    at io.appium.java_client.DefaultGenericMobileDriver.findElement (DefaultGenericMobileDriver.java:57)\n    at io.appium.java_client.AppiumDriver.findElement (AppiumDriver.java:1)\n    at io.appium.java_client.ios.IOSDriver.findElement (IOSDriver.java:1)\n    at com.perfectomobile.selenium.server.appium.AppiumIOSDriverWrapper$2.call (AppiumIOSDriverWrapper.java:94)\n    at com.nexperience.function.execute.ExecuteCallableCommand.process (ExecuteCallableCommand.java:30)\n    at com.nexperience.engine.script.command.AbstractScriptCommand.doExecute (AbstractScriptCommand.java:173)\n    at com.nexperience.engine.script.command.ScriptCommandBase.execute (ScriptCommandBase.java:105)\n    at com.nexperience.engine.script.tcl.event.CommandTclEvent.processEvent (CommandTclEvent.java:43)\n    at com.nexperience.engine.script.tcl.event.MaseTclEvent.processEvent (MaseTclEvent.java:56)\n    at tcl.lang.Notifier.serviceEvent (Notifier.java:457)\n    at tcl.lang.Notifier.doOneEvent (Notifier.java:610)\n    at tcl.lang.Notifier.processTclEvents (Notifier.java:786)\n    at com.nexperience.engine.script.tcl.event.TclEventProcessor.start (TclEventProcessor.java:80)\n    at com.nexperience.engine.script.tcl.TclInterpreter.startEventProcessing (TclInterpreter.java:552)\n    at com.nexperience.engine.script.execution.step.StepExecutionEventProcessor.callImpl (StepExecutionEventProcessor.java:85)\n    at com.nexperience.engine.script.execution.step.StepExecutionEventProcessor.callImpl (StepExecutionEventProcessor.java:21)\n    at com.nexperience.util.thread.WrappedCallable.call (WrappedCallable.java:31)\n    at java.util.concurrent.FutureTask.run (FutureTask.java:266)\n    at java.util.concurrent.ThreadPoolExecutor.runWorker (ThreadPoolExecutor.java:1142)\n    at java.util.concurrent.ThreadPoolExecutor$Worker.run (ThreadPoolExecutor.java:617)\n    at java.lang.Thread.run (Thread.java:748)",
        "time" : {
          "start" : 1627617433342,
          "stop" : 1627617483969,
          "duration" : 50627
        }
      }, {
        "uid" : "5a0a497e42b44dd2",
        "status" : "skipped",
        "statusDetails" : "XFAIL reason: SSID NOT AVAILABLE IN VIF STATE\n\n_pytest.outcomes.XFailed: SSID NOT AVAILABLE IN VIF STATE",
        "time" : {
          "start" : 1627443249079,
          "stop" : 1627443249079,
          "duration" : 0
        }
      }, {
        "uid" : "ab406aec19e605be",
        "status" : "broken",
        "statusDetails" : "selenium.common.exceptions.TimeoutException: Message: \nStacktrace:\n    at sun.reflect.GeneratedConstructorAccessor1868.newInstance (None:-1)\n    at sun.reflect.DelegatingConstructorAccessorImpl.newInstance (DelegatingConstructorAccessorImpl.java:45)\n    at java.lang.reflect.Constructor.newInstance (Constructor.java:423)\n    at org.openqa.selenium.remote.http.W3CHttpResponseCodec.createException (W3CHttpResponseCodec.java:187)\n    at org.openqa.selenium.remote.http.W3CHttpResponseCodec.decode (W3CHttpResponseCodec.java:122)\n    at org.openqa.selenium.remote.http.W3CHttpResponseCodec.decode (W3CHttpResponseCodec.java:49)\n    at org.openqa.selenium.remote.HttpCommandExecutor.execute (HttpCommandExecutor.java:158)\n    at io.appium.java_client.remote.AppiumCommandExecutor.execute (AppiumCommandExecutor.java:239)\n    at org.openqa.selenium.remote.RemoteWebDriver.execute (RemoteWebDriver.java:552)\n    at io.appium.java_client.DefaultGenericMobileDriver.execute (DefaultGenericMobileDriver.java:41)\n    at io.appium.java_client.AppiumDriver.execute (AppiumDriver.java:1)\n    at io.appium.java_client.ios.IOSDriver.execute (IOSDriver.java:1)\n    at org.openqa.selenium.remote.RemoteWebDriver.findElement (RemoteWebDriver.java:323)\n    at io.appium.java_client.DefaultGenericMobileDriver.findElement (DefaultGenericMobileDriver.java:61)\n    at io.appium.java_client.AppiumDriver.findElement (AppiumDriver.java:1)\n    at io.appium.java_client.ios.IOSDriver.findElement (IOSDriver.java:1)\n    at org.openqa.selenium.remote.RemoteWebDriver.findElementByXPath (RemoteWebDriver.java:428)\n    at io.appium.java_client.DefaultGenericMobileDriver.findElementByXPath (DefaultGenericMobileDriver.java:151)\n    at io.appium.java_client.AppiumDriver.findElementByXPath (AppiumDriver.java:1)\n    at io.appium.java_client.ios.IOSDriver.findElementByXPath (IOSDriver.java:1)\n    at org.openqa.selenium.By$ByXPath.findElement (By.java:353)\n    at org.openqa.selenium.remote.RemoteWebDriver.findElement (RemoteWebDriver.java:315)\n    at io.appium.java_client.DefaultGenericMobileDriver.findElement (DefaultGenericMobileDriver.java:57)\n    at io.appium.java_client.AppiumDriver.findElement (AppiumDriver.java:1)\n    at io.appium.java_client.ios.IOSDriver.findElement (IOSDriver.java:1)\n    at com.perfectomobile.selenium.server.appium.AppiumIOSDriverWrapper$2.call (AppiumIOSDriverWrapper.java:94)\n    at com.nexperience.function.execute.ExecuteCallableCommand.process (ExecuteCallableCommand.java:30)\n    at com.nexperience.engine.script.command.AbstractScriptCommand.doExecute (AbstractScriptCommand.java:173)\n    at com.nexperience.engine.script.command.ScriptCommandBase.execute (ScriptCommandBase.java:105)\n    at com.nexperience.engine.script.tcl.event.CommandTclEvent.processEvent (CommandTclEvent.java:43)\n    at com.nexperience.engine.script.tcl.event.MaseTclEvent.processEvent (MaseTclEvent.java:56)\n    at tcl.lang.Notifier.serviceEvent (Notifier.java:457)\n    at tcl.lang.Notifier.doOneEvent (Notifier.java:610)\n    at tcl.lang.Notifier.processTclEvents (Notifier.java:786)\n    at com.nexperience.engine.script.tcl.event.TclEventProcessor.start (TclEventProcessor.java:80)\n    at com.nexperience.engine.script.tcl.TclInterpreter.startEventProcessing (TclInterpreter.java:552)\n    at com.nexperience.engine.script.execution.step.StepExecutionEventProcessor.callImpl (StepExecutionEventProcessor.java:85)\n    at com.nexperience.engine.script.execution.step.StepExecutionEventProcessor.callImpl (StepExecutionEventProcessor.java:21)\n    at com.nexperience.util.thread.WrappedCallable.call (WrappedCallable.java:31)\n    at java.util.concurrent.FutureTask.run (FutureTask.java:266)\n    at java.util.concurrent.ThreadPoolExecutor.runWorker (ThreadPoolExecutor.java:1142)\n    at java.util.concurrent.ThreadPoolExecutor$Worker.run (ThreadPoolExecutor.java:617)\n    at java.lang.Thread.run (Thread.java:748)",
        "time" : {
          "start" : 1627360637568,
          "stop" : 1627360688128,
          "duration" : 50560
        }
      }, {
        "uid" : "9f5d54a00864334e",
        "status" : "broken",
        "statusDetails" : "selenium.common.exceptions.TimeoutException: Message: \nStacktrace:\n    at sun.reflect.GeneratedConstructorAccessor1749.newInstance (None:-1)\n    at sun.reflect.DelegatingConstructorAccessorImpl.newInstance (DelegatingConstructorAccessorImpl.java:45)\n    at java.lang.reflect.Constructor.newInstance (Constructor.java:423)\n    at org.openqa.selenium.remote.http.W3CHttpResponseCodec.createException (W3CHttpResponseCodec.java:187)\n    at org.openqa.selenium.remote.http.W3CHttpResponseCodec.decode (W3CHttpResponseCodec.java:122)\n    at org.openqa.selenium.remote.http.W3CHttpResponseCodec.decode (W3CHttpResponseCodec.java:49)\n    at org.openqa.selenium.remote.HttpCommandExecutor.execute (HttpCommandExecutor.java:158)\n    at io.appium.java_client.remote.AppiumCommandExecutor.execute (AppiumCommandExecutor.java:239)\n    at org.openqa.selenium.remote.RemoteWebDriver.execute (RemoteWebDriver.java:552)\n    at io.appium.java_client.DefaultGenericMobileDriver.execute (DefaultGenericMobileDriver.java:41)\n    at io.appium.java_client.AppiumDriver.execute (AppiumDriver.java:1)\n    at io.appium.java_client.ios.IOSDriver.execute (IOSDriver.java:1)\n    at org.openqa.selenium.remote.RemoteWebDriver.findElement (RemoteWebDriver.java:323)\n    at io.appium.java_client.DefaultGenericMobileDriver.findElement (DefaultGenericMobileDriver.java:61)\n    at io.appium.java_client.AppiumDriver.findElement (AppiumDriver.java:1)\n    at io.appium.java_client.ios.IOSDriver.findElement (IOSDriver.java:1)\n    at org.openqa.selenium.remote.RemoteWebDriver.findElementByXPath (RemoteWebDriver.java:428)\n    at io.appium.java_client.DefaultGenericMobileDriver.findElementByXPath (DefaultGenericMobileDriver.java:151)\n    at io.appium.java_client.AppiumDriver.findElementByXPath (AppiumDriver.java:1)\n    at io.appium.java_client.ios.IOSDriver.findElementByXPath (IOSDriver.java:1)\n    at org.openqa.selenium.By$ByXPath.findElement (By.java:353)\n    at org.openqa.selenium.remote.RemoteWebDriver.findElement (RemoteWebDriver.java:315)\n    at io.appium.java_client.DefaultGenericMobileDriver.findElement (DefaultGenericMobileDriver.java:57)\n    at io.appium.java_client.AppiumDriver.findElement (AppiumDriver.java:1)\n    at io.appium.java_client.ios.IOSDriver.findElement (IOSDriver.java:1)\n    at com.perfectomobile.selenium.server.appium.AppiumIOSDriverWrapper$2.call (AppiumIOSDriverWrapper.java:94)\n    at com.nexperience.function.execute.ExecuteCallableCommand.process (ExecuteCallableCommand.java:30)\n    at com.nexperience.engine.script.command.AbstractScriptCommand.doExecute (AbstractScriptCommand.java:173)\n    at com.nexperience.engine.script.command.ScriptCommandBase.execute (ScriptCommandBase.java:105)\n    at com.nexperience.engine.script.tcl.event.CommandTclEvent.processEvent (CommandTclEvent.java:43)\n    at com.nexperience.engine.script.tcl.event.MaseTclEvent.processEvent (MaseTclEvent.java:56)\n    at tcl.lang.Notifier.serviceEvent (Notifier.java:457)\n    at tcl.lang.Notifier.doOneEvent (Notifier.java:610)\n    at tcl.lang.Notifier.processTclEvents (Notifier.java:786)\n    at com.nexperience.engine.script.tcl.event.TclEventProcessor.start (TclEventProcessor.java:80)\n    at com.nexperience.engine.script.tcl.TclInterpreter.startEventProcessing (TclInterpreter.java:552)\n    at com.nexperience.engine.script.execution.step.StepExecutionEventProcessor.callImpl (StepExecutionEventProcessor.java:85)\n    at com.nexperience.engine.script.execution.step.StepExecutionEventProcessor.callImpl (StepExecutionEventProcessor.java:21)\n    at com.nexperience.util.thread.WrappedCallable.call (WrappedCallable.java:31)\n    at java.util.concurrent.FutureTask.run (FutureTask.java:266)\n    at java.util.concurrent.ThreadPoolExecutor.runWorker (ThreadPoolExecutor.java:1142)\n    at java.util.concurrent.ThreadPoolExecutor$Worker.run (ThreadPoolExecutor.java:617)\n    at java.lang.Thread.run (Thread.java:748)",
        "time" : {
          "start" : 1627271618044,
          "stop" : 1627271668918,
          "duration" : 50874
        }
      }, {
        "uid" : "b6a120019fa83ab",
        "status" : "failed",
        "statusDetails" : "AssertionError",
        "time" : {
          "start" : 1627185979736,
          "stop" : 1627186026555,
          "duration" : 46819
        }
      }, {
        "uid" : "370309555925297d",
        "status" : "failed",
        "statusDetails" : "AssertionError",
        "time" : {
          "start" : 1627088459517,
          "stop" : 1627088505939,
          "duration" : 46422
        }
      }, {
        "uid" : "8f060a9a47d39fda",
        "status" : "failed",
        "statusDetails" : "AssertionError",
        "time" : {
          "start" : 1627015282065,
          "stop" : 1627015328352,
          "duration" : 46287
        }
      }, {
        "uid" : "80a018e61fcab4f8",
        "status" : "passed",
        "time" : {
          "start" : 1626842693993,
          "stop" : 1626842815980,
          "duration" : 121987
        }
      } ]
    },
    "tags" : [ "@pytest.mark.usefixtures('setup_profiles')", "ClientConnectivity", "interop_ios", "interop", "sanity", "wpa", "twog" ]
  },
  "source" : "f70c713817b5c1d5.json",
  "parameterValues" : [ "{'mode': 'NAT', 'ssid_modes': {'wpa': [{'ssid_name': 'ssid_wpa_2g', 'appliedRadios': ['is2dot4GHz'], 'security_key': 'something'}, {'ssid_name': 'ssid_wpa_5g', 'appliedRadios': ['is5GHzU', 'is5GHz', 'is5GHzL'], 'security_key': 'something'}], 'open': [{'ssid_name': 'ssid_open_2g', 'appliedRadios': ['is2dot4GHz']}, {'ssid_name': 'ssid_open_5g', 'appliedRadios': ['is5GHzU', 'is5GHz', 'is5GHzL']}], 'wpa2_personal': [{'ssid_name': 'ssid_wpa2_2g', 'appliedRadios': ['is2dot4GHz'], 'security_key': 'something'}, {'ssid_name': 'ssid_wpa2_5g', 'appliedRadios': ['is5GHzU', 'is5GHz', 'is5GHzL'], 'security_key': 'something'}]}, 'rf': {}, 'radius': False}" ]
}