{
  "uid" : "1148cd55d766f5a6",
  "name" : "test_OpenRoaming_5g_WPA2_EAP_NAT[push_ap_profile0-setup_profiles0]",
  "fullName" : "e2e.interOp.iOS.OpenRoamingPassPoint.test_OpenRoaming_NatMode.TestOpenRoamingNAT#test_OpenRoaming_5g_WPA2_EAP_NAT",
  "historyId" : "4936405db62a0a48d7ad62faa982b559",
  "time" : {
    "start" : 1629649270754,
    "stop" : 1629649270754,
    "duration" : 0
  },
  "status" : "broken",
  "statusMessage" : "KeyError: 'interop'",
  "statusTrace" : "testbed = 'interop'\nrequest = <SubRequest 'get_configuration' for <Function test_AccessPointConnection_5g_WPA2_Personal[setup_profiles0]>>\n\n    @pytest.fixture(scope=\"session\")\n    def get_configuration(testbed, request):\n        \"\"\"yields the selected testbed information from lab info file (configuration.py)\"\"\"\n        if request.config.getini(\"cloud_ctlr\") != \"0\":\n            CONFIGURATION[testbed][\"controller\"][\"url\"] = request.config.getini(\"cloud_ctlr\")\n>       yield CONFIGURATION[testbed]\nE       KeyError: 'interop'\n\nconftest.py:225: KeyError",
  "flaky" : false,
  "newFailed" : false,
  "beforeStages" : [ {
    "name" : "add_allure_environment_property",
    "time" : {
      "start" : 1629649269982,
      "stop" : 1629649269982,
      "duration" : 0
    },
    "status" : "passed",
    "steps" : [ ],
    "attachments" : [ ],
    "parameters" : [ ],
    "stepsCount" : 0,
    "attachmentsCount" : 0,
    "shouldDisplayMessage" : false,
    "hasContent" : false
  }, {
    "name" : "passpoint_profile_info",
    "time" : {
      "start" : 1629649270675,
      "stop" : 1629649270676,
      "duration" : 1
    },
    "status" : "passed",
    "steps" : [ ],
    "attachments" : [ {
      "uid" : "ec4e4b669e4f44ea",
      "name" : "Passpoint profile Info: ",
      "source" : "ec4e4b669e4f44ea.attach",
      "type" : "text/plain",
      "size" : 928
    } ],
    "parameters" : [ ],
    "stepsCount" : 0,
    "attachmentsCount" : 1,
    "shouldDisplayMessage" : false,
    "hasContent" : true
  }, {
    "name" : "get_configuration",
    "time" : {
      "start" : 1629649269983,
      "stop" : 1629649269983,
      "duration" : 0
    },
    "status" : "broken",
    "statusMessage" : "KeyError: 'interop'\n",
    "statusTrace" : "  File \"/usr/local/lib/python3.8/site-packages/pluggy/callers.py\", line 187, in _multicall\n    res = hook_impl.function(*args)\n  File \"/usr/local/lib/python3.8/site-packages/_pytest/fixtures.py\", line 1126, in pytest_fixture_setup\n    result = call_fixture_func(fixturefunc, request, kwargs)\n  File \"/usr/local/lib/python3.8/site-packages/_pytest/fixtures.py\", line 925, in call_fixture_func\n    fixture_result = next(generator)\n  File \"/wlan-testing/tests/conftest.py\", line 225, in get_configuration\n    yield CONFIGURATION[testbed]\n",
    "steps" : [ ],
    "attachments" : [ ],
    "parameters" : [ ],
    "stepsCount" : 0,
    "attachmentsCount" : 0,
    "shouldDisplayMessage" : true,
    "hasContent" : true
  }, {
    "name" : "testbed",
    "time" : {
      "start" : 1629649269982,
      "stop" : 1629649269983,
      "duration" : 1
    },
    "status" : "passed",
    "steps" : [ ],
    "attachments" : [ ],
    "parameters" : [ ],
    "stepsCount" : 0,
    "attachmentsCount" : 0,
    "shouldDisplayMessage" : false,
    "hasContent" : false
  } ],
  "afterStages" : [ {
    "name" : "add_allure_environment_property::0",
    "time" : {
      "start" : 1629649271518,
      "stop" : 1629649271518,
      "duration" : 0
    },
    "status" : "passed",
    "steps" : [ ],
    "attachments" : [ ],
    "parameters" : [ ],
    "stepsCount" : 0,
    "attachmentsCount" : 0,
    "shouldDisplayMessage" : false,
    "hasContent" : false
  }, {
    "name" : "passpoint_profile_info::0",
    "time" : {
      "start" : 1629649271523,
      "stop" : 1629649271523,
      "duration" : 0
    },
    "status" : "passed",
    "steps" : [ ],
    "attachments" : [ ],
    "parameters" : [ ],
    "stepsCount" : 0,
    "attachmentsCount" : 0,
    "shouldDisplayMessage" : false,
    "hasContent" : false
  }, {
    "name" : "testbed::0",
    "time" : {
      "start" : 1629649271517,
      "stop" : 1629649271517,
      "duration" : 0
    },
    "status" : "passed",
    "steps" : [ ],
    "attachments" : [ ],
    "parameters" : [ ],
    "stepsCount" : 0,
    "attachmentsCount" : 0,
    "shouldDisplayMessage" : false,
    "hasContent" : false
  } ],
  "labels" : [ {
    "name" : "feature",
    "value" : "NAT MODE EAP PASSPOINT SETUP"
  }, {
    "name" : "tag",
    "value" : "@pytest.mark.usefixtures('push_ap_profile')"
  }, {
    "name" : "tag",
    "value" : "openRoaming"
  }, {
    "name" : "tag",
    "value" : "interop_ios"
  }, {
    "name" : "tag",
    "value" : "wpa2_eap"
  }, {
    "name" : "tag",
    "value" : "interop"
  }, {
    "name" : "tag",
    "value" : "nat"
  }, {
    "name" : "tag",
    "value" : "fiveg"
  }, {
    "name" : "tag",
    "value" : "sanity"
  }, {
    "name" : "tag",
    "value" : "ios"
  }, {
    "name" : "parentSuite",
    "value" : "e2e.interOp.iOS.OpenRoamingPassPoint"
  }, {
    "name" : "suite",
    "value" : "test_OpenRoaming_NatMode"
  }, {
    "name" : "subSuite",
    "value" : "TestOpenRoamingNAT"
  }, {
    "name" : "host",
    "value" : "interop-ci-168-ios-cl96k"
  }, {
    "name" : "thread",
    "value" : "6-MainThread"
  }, {
    "name" : "framework",
    "value" : "pytest"
  }, {
    "name" : "language",
    "value" : "cpython3"
  }, {
    "name" : "package",
    "value" : "e2e.interOp.iOS.OpenRoamingPassPoint.test_OpenRoaming_NatMode"
  }, {
    "name" : "resultFormat",
    "value" : "allure2"
  } ],
  "parameters" : [ {
    "name" : "push_ap_profile",
    "value" : "{'ssid_names': ['ssid_wpa2_eap_passpoint_5g', 'passpoint_profile_download']}"
  }, {
    "name" : "setup_profiles",
    "value" : "{'mode': 'NAT', 'ssid_modes': {'open': [{'ssid_name': 'passpoint_profile_download', 'appliedRadios': ['is2dot4GHz']}], 'wpa2_eap': [{'ssid_name': 'ssid_wpa2_eap_passpoint_2g', 'appliedRadios': ['is2dot4GHz']}, {'ssid_name': 'ssid_wpa2_eap_passpoint_5g', 'appliedRadios': ['is5GHz']}], 'wpa2_only_eap': [{'ssid_name': 'ssid_wpa2_only_eap_passpoint_2g', 'appliedRadios': ['is2dot4GHz']}, {'ssid_name': 'ssid_wpa2_only_eap_passpoint_5g', 'appliedRadios': ['is5GHz']}]}}"
  } ],
  "links" : [ ],
  "hidden" : false,
  "retry" : false,
  "extra" : {
    "severity" : "normal",
    "retries" : [ ],
    "categories" : [ {
      "name" : "Test defects",
      "matchedStatuses" : [ ],
      "flaky" : false
    } ],
    "history" : {
      "statistic" : {
        "failed" : 31,
        "broken" : 9,
        "skipped" : 1,
        "passed" : 3,
        "unknown" : 0,
        "total" : 44
      },
      "items" : [ {
        "uid" : "1e7e8cf46f70a520",
        "status" : "skipped",
        "statusDetails" : "XFAIL reason: SSID NOT AVAILABLE IN VIF STATE\n\n_pytest.outcomes.XFailed: SSID NOT AVAILABLE IN VIF STATE",
        "time" : {
          "start" : 1629611592189,
          "stop" : 1629611592190,
          "duration" : 1
        }
      }, {
        "uid" : "fe2b0cf4d67ac346",
        "status" : "failed",
        "statusDetails" : "AssertionError: assert False",
        "time" : {
          "start" : 1629520535746,
          "stop" : 1629520535746,
          "duration" : 0
        }
      }, {
        "uid" : "ca393afb252519d1",
        "status" : "failed",
        "statusDetails" : "AssertionError: assert False",
        "time" : {
          "start" : 1629434314544,
          "stop" : 1629434314544,
          "duration" : 0
        }
      }, {
        "uid" : "394255a420d69c82",
        "status" : "broken",
        "statusDetails" : "AttributeError: 'Controller' object has no attribute 'equipment_client'",
        "time" : {
          "start" : 1629340532427,
          "stop" : 1629340532427,
          "duration" : 0
        }
      }, {
        "uid" : "1c7eda9f5122426e",
        "status" : "failed",
        "statusDetails" : "AssertionError: assert False",
        "time" : {
          "start" : 1629170302615,
          "stop" : 1629170302615,
          "duration" : 0
        }
      }, {
        "uid" : "f3f78a8a663f6ba3",
        "status" : "failed",
        "statusDetails" : "AssertionError: assert False",
        "time" : {
          "start" : 1629084257660,
          "stop" : 1629084257660,
          "duration" : 0
        }
      }, {
        "uid" : "e07021e11fab10a1",
        "status" : "failed",
        "statusDetails" : "AssertionError: assert False",
        "time" : {
          "start" : 1628997574186,
          "stop" : 1628997574186,
          "duration" : 0
        }
      }, {
        "uid" : "e974d2057a0bb01c",
        "status" : "broken",
        "statusDetails" : "selenium.common.exceptions.WebDriverException: Message: Failed to obtain device with options 'MobileDeviceFindOptions [_os=ios, _osVersion=latest, _manufacturer=null, _model=iPhone-12, _appName=null, _appVersion=null, _resolution=null, _network=null, _location=null, _automationInfrastructure=null, _description=null, _deviceType=null, _deviceCapabilities=[_fingerPrint=null, _motionInjection=null, _faceID=null, _imageInjection=null, _voiceAssistantInjection=null, _forceTouch=null, _setLocation=null, _reboot=null], _operabilityScore=null]'. Message: Failed to execute command handset obtain: No device was found\nBuild info: version: '3.141.59', revision: 'e82be7d358', time: '2018-11-14T08:17:03'\nDriver info: driver.version: PerfectoMobileDriver\nStacktrace:\n    at com.perfectomobile.selenium.MobileDriver.obtainDevice (MobileDriver.java:493)\n    at com.perfectomobile.selenium.server.PerfectoMobileDriver.openOrShareDevice (PerfectoMobileDriver.java:701)\n    at com.perfectomobile.selenium.server.PerfectoMobileDriver.<init> (PerfectoMobileDriver.java:126)\n    at sun.reflect.GeneratedConstructorAccessor1337.newInstance (None:-1)\n    at sun.reflect.DelegatingConstructorAccessorImpl.newInstance (DelegatingConstructorAccessorImpl.java:45)\n    at java.lang.reflect.Constructor.newInstance (Constructor.java:423)\n    at org.openqa.selenium.remote.server.DefaultDriverProvider.callConstructor (DefaultDriverProvider.java:90)\n    at org.openqa.selenium.remote.server.DefaultDriverProvider.newInstance (DefaultDriverProvider.java:84)\n    at org.openqa.selenium.remote.server.PerfectoMobileSession$Factory.apply (PerfectoMobileSession.java:130)\n    at org.openqa.selenium.remote.server.PerfectoMobileActiveSessionFactory.lambda$apply$3 (PerfectoMobileActiveSessionFactory.java:117)\n    at java.util.stream.ReferencePipeline$3$1.accept (ReferencePipeline.java:193)\n    at java.util.stream.ReferencePipeline$11$1.accept (ReferencePipeline.java:373)\n    at java.util.stream.ReferencePipeline$2$1.accept (ReferencePipeline.java:175)\n    at java.util.Spliterators$ArraySpliterator.tryAdvance (Spliterators.java:958)\n    at java.util.stream.ReferencePipeline.forEachWithCancel (ReferencePipeline.java:126)\n    at java.util.stream.AbstractPipeline.copyIntoWithCancel (AbstractPipeline.java:498)\n    at java.util.stream.AbstractPipeline.copyInto (AbstractPipeline.java:485)\n    at java.util.stream.AbstractPipeline.wrapAndCopyInto (AbstractPipeline.java:471)\n    at java.util.stream.FindOps$FindOp.evaluateSequential (FindOps.java:152)\n    at java.util.stream.AbstractPipeline.evaluate (AbstractPipeline.java:234)\n    at java.util.stream.ReferencePipeline.findFirst (ReferencePipeline.java:464)\n    at org.openqa.selenium.remote.server.PerfectoMobileActiveSessionFactory.apply (PerfectoMobileActiveSessionFactory.java:120)\n    at org.openqa.selenium.remote.server.NewSessionPipeline.lambda$null$2 (NewSessionPipeline.java:66)\n    at java.util.stream.ReferencePipeline$3$1.accept (ReferencePipeline.java:193)\n    at java.util.stream.ReferencePipeline$2$1.accept (ReferencePipeline.java:175)\n    at java.util.Collections$2.tryAdvance (Collections.java:4717)\n    at java.util.stream.ReferencePipeline.forEachWithCancel (ReferencePipeline.java:126)\n    at java.util.stream.AbstractPipeline.copyIntoWithCancel (AbstractPipeline.java:498)\n    at java.util.stream.AbstractPipeline.copyInto (AbstractPipeline.java:485)\n    at java.util.stream.AbstractPipeline.wrapAndCopyInto (AbstractPipeline.java:471)\n    at java.util.stream.FindOps$FindOp.evaluateSequential (FindOps.java:152)\n    at java.util.stream.AbstractPipeline.evaluate (AbstractPipeline.java:234)\n    at java.util.stream.ReferencePipeline.findFirst (ReferencePipeline.java:464)\n    at org.openqa.selenium.remote.server.NewSessionPipeline.lambda$createNewSession$3 (NewSessionPipeline.java:69)\n    at java.util.stream.ReferencePipeline$3$1.accept (ReferencePipeline.java:193)\n    at java.util.stream.ReferencePipeline$3$1.accept (ReferencePipeline.java:193)\n    at java.util.stream.ReferencePipeline$3$1.accept (ReferencePipeline.java:193)\n    at java.util.stream.DistinctOps$1$2.accept (DistinctOps.java:175)\n    at java.util.stream.ReferencePipeline$2$1.accept (ReferencePipeline.java:175)\n    at java.util.stream.ReferencePipeline$3$1.accept (ReferencePipeline.java:193)\n    at java.util.stream.ReferencePipeline$2$1.accept (ReferencePipeline.java:175)\n    at java.util.stream.Streams$StreamBuilderImpl.tryAdvance (Streams.java:405)\n    at java.util.stream.Streams$ConcatSpliterator.tryAdvance (Streams.java:728)\n    at java.util.stream.ReferencePipeline.forEachWithCancel (ReferencePipeline.java:126)\n    at java.util.stream.AbstractPipeline.copyIntoWithCancel (AbstractPipeline.java:498)\n    at java.util.stream.AbstractPipeline.copyInto (AbstractPipeline.java:485)\n    at java.util.stream.AbstractPipeline.wrapAndCopyInto (AbstractPipeline.java:471)\n    at java.util.stream.FindOps$FindOp.evaluateSequential (FindOps.java:152)\n    at java.util.stream.AbstractPipeline.evaluate (AbstractPipeline.java:234)\n    at java.util.stream.ReferencePipeline.findFirst (ReferencePipeline.java:464)\n    at org.openqa.selenium.remote.server.NewSessionPipeline.createNewSession (NewSessionPipeline.java:72)\n    at org.openqa.selenium.remote.server.commandhandler.BeginSession.execute (BeginSession.java:65)\n    at org.openqa.selenium.remote.server.MobileWebDriverServlet.lambda$handle$2 (MobileWebDriverServlet.java:294)\n    at java.util.concurrent.Executors$RunnableAdapter.call (Executors.java:511)\n    at java.util.concurrent.FutureTask.run (FutureTask.java:266)\n    at java.util.concurrent.ThreadPoolExecutor.runWorker (ThreadPoolExecutor.java:1142)\n    at java.util.concurrent.ThreadPoolExecutor$Worker.run (ThreadPoolExecutor.java:617)\n    at java.lang.Thread.run (Thread.java:748)",
        "time" : {
          "start" : 1628905865722,
          "stop" : 1628905865722,
          "duration" : 0
        }
      }, {
        "uid" : "b6d86f145b2c6016",
        "status" : "broken",
        "statusDetails" : "NameError: name 'request' is not defined",
        "time" : {
          "start" : 1628382430118,
          "stop" : 1628382430118,
          "duration" : 0
        }
      }, {
        "uid" : "f737cf26b0524acd",
        "status" : "broken",
        "statusDetails" : "IndexError: list index out of range",
        "time" : {
          "start" : 1628296120038,
          "stop" : 1628296120038,
          "duration" : 0
        }
      }, {
        "uid" : "eee621ec765eacf0",
        "status" : "broken",
        "statusDetails" : "IndexError: list index out of range",
        "time" : {
          "start" : 1628209751675,
          "stop" : 1628209751675,
          "duration" : 0
        }
      }, {
        "uid" : "c12470eb7efe026b",
        "status" : "failed",
        "statusDetails" : "AssertionError: assert False",
        "time" : {
          "start" : 1628134233675,
          "stop" : 1628134233675,
          "duration" : 0
        }
      }, {
        "uid" : "87d22ec5a2ed3501",
        "status" : "failed",
        "statusDetails" : "AssertionError: assert False",
        "time" : {
          "start" : 1628048131091,
          "stop" : 1628048131091,
          "duration" : 0
        }
      }, {
        "uid" : "a20633c75ca2ca9c",
        "status" : "failed",
        "statusDetails" : "AssertionError: assert False",
        "time" : {
          "start" : 1627961340783,
          "stop" : 1627961340784,
          "duration" : 1
        }
      }, {
        "uid" : "d048c12c9c100ef0",
        "status" : "failed",
        "statusDetails" : "AssertionError: assert False",
        "time" : {
          "start" : 1627899287975,
          "stop" : 1627899287975,
          "duration" : 0
        }
      }, {
        "uid" : "e19306bf998e93e8",
        "status" : "failed",
        "statusDetails" : "AssertionError: assert False",
        "time" : {
          "start" : 1627787351671,
          "stop" : 1627787351672,
          "duration" : 1
        }
      }, {
        "uid" : "ef66d939f1857866",
        "status" : "failed",
        "statusDetails" : "AssertionError: assert False",
        "time" : {
          "start" : 1627613973196,
          "stop" : 1627613973197,
          "duration" : 1
        }
      }, {
        "uid" : "2f25e181722fe72",
        "status" : "failed",
        "statusDetails" : "AssertionError: assert False",
        "time" : {
          "start" : 1627439333021,
          "stop" : 1627439333021,
          "duration" : 0
        }
      }, {
        "uid" : "2a3235f6851e1ee0",
        "status" : "passed",
        "time" : {
          "start" : 1627356367360,
          "stop" : 1627356594349,
          "duration" : 226989
        }
      }, {
        "uid" : "c435671fe71454e8",
        "status" : "broken",
        "statusDetails" : "selenium.common.exceptions.TimeoutException: Message: \nStacktrace:\n    at sun.reflect.GeneratedConstructorAccessor1749.newInstance (None:-1)\n    at sun.reflect.DelegatingConstructorAccessorImpl.newInstance (DelegatingConstructorAccessorImpl.java:45)\n    at java.lang.reflect.Constructor.newInstance (Constructor.java:423)\n    at org.openqa.selenium.remote.http.W3CHttpResponseCodec.createException (W3CHttpResponseCodec.java:187)\n    at org.openqa.selenium.remote.http.W3CHttpResponseCodec.decode (W3CHttpResponseCodec.java:122)\n    at org.openqa.selenium.remote.http.W3CHttpResponseCodec.decode (W3CHttpResponseCodec.java:49)\n    at org.openqa.selenium.remote.HttpCommandExecutor.execute (HttpCommandExecutor.java:158)\n    at io.appium.java_client.remote.AppiumCommandExecutor.execute (AppiumCommandExecutor.java:239)\n    at org.openqa.selenium.remote.RemoteWebDriver.execute (RemoteWebDriver.java:552)\n    at io.appium.java_client.DefaultGenericMobileDriver.execute (DefaultGenericMobileDriver.java:41)\n    at io.appium.java_client.AppiumDriver.execute (AppiumDriver.java:1)\n    at io.appium.java_client.ios.IOSDriver.execute (IOSDriver.java:1)\n    at org.openqa.selenium.remote.RemoteWebDriver.findElement (RemoteWebDriver.java:323)\n    at io.appium.java_client.DefaultGenericMobileDriver.findElement (DefaultGenericMobileDriver.java:61)\n    at io.appium.java_client.AppiumDriver.findElement (AppiumDriver.java:1)\n    at io.appium.java_client.ios.IOSDriver.findElement (IOSDriver.java:1)\n    at org.openqa.selenium.remote.RemoteWebDriver.findElementByXPath (RemoteWebDriver.java:428)\n    at io.appium.java_client.DefaultGenericMobileDriver.findElementByXPath (DefaultGenericMobileDriver.java:151)\n    at io.appium.java_client.AppiumDriver.findElementByXPath (AppiumDriver.java:1)\n    at io.appium.java_client.ios.IOSDriver.findElementByXPath (IOSDriver.java:1)\n    at org.openqa.selenium.By$ByXPath.findElement (By.java:353)\n    at org.openqa.selenium.remote.RemoteWebDriver.findElement (RemoteWebDriver.java:315)\n    at io.appium.java_client.DefaultGenericMobileDriver.findElement (DefaultGenericMobileDriver.java:57)\n    at io.appium.java_client.AppiumDriver.findElement (AppiumDriver.java:1)\n    at io.appium.java_client.ios.IOSDriver.findElement (IOSDriver.java:1)\n    at com.perfectomobile.selenium.server.appium.AppiumIOSDriverWrapper$2.call (AppiumIOSDriverWrapper.java:94)\n    at com.nexperience.function.execute.ExecuteCallableCommand.process (ExecuteCallableCommand.java:30)\n    at com.nexperience.engine.script.command.AbstractScriptCommand.doExecute (AbstractScriptCommand.java:173)\n    at com.nexperience.engine.script.command.ScriptCommandBase.execute (ScriptCommandBase.java:105)\n    at com.nexperience.engine.script.tcl.event.CommandTclEvent.processEvent (CommandTclEvent.java:43)\n    at com.nexperience.engine.script.tcl.event.MaseTclEvent.processEvent (MaseTclEvent.java:56)\n    at tcl.lang.Notifier.serviceEvent (Notifier.java:457)\n    at tcl.lang.Notifier.doOneEvent (Notifier.java:610)\n    at tcl.lang.Notifier.processTclEvents (Notifier.java:786)\n    at com.nexperience.engine.script.tcl.event.TclEventProcessor.start (TclEventProcessor.java:80)\n    at com.nexperience.engine.script.tcl.TclInterpreter.startEventProcessing (TclInterpreter.java:552)\n    at com.nexperience.engine.script.execution.step.StepExecutionEventProcessor.callImpl (StepExecutionEventProcessor.java:85)\n    at com.nexperience.engine.script.execution.step.StepExecutionEventProcessor.callImpl (StepExecutionEventProcessor.java:21)\n    at com.nexperience.util.thread.WrappedCallable.call (WrappedCallable.java:31)\n    at java.util.concurrent.FutureTask.run (FutureTask.java:266)\n    at java.util.concurrent.ThreadPoolExecutor.runWorker (ThreadPoolExecutor.java:1142)\n    at java.util.concurrent.ThreadPoolExecutor$Worker.run (ThreadPoolExecutor.java:617)\n    at java.lang.Thread.run (Thread.java:748)",
        "time" : {
          "start" : 1627267593037,
          "stop" : 1627267674070,
          "duration" : 81033
        }
      } ]
    },
    "tags" : [ "openRoaming", "nat", "wpa2_eap", "interop_ios", "interop", "sanity", "@pytest.mark.usefixtures('push_ap_profile')", "fiveg", "ios" ]
  },
  "source" : "1148cd55d766f5a6.json",
  "parameterValues" : [ "{'ssid_names': ['ssid_wpa2_eap_passpoint_5g', 'passpoint_profile_download']}", "{'mode': 'NAT', 'ssid_modes': {'open': [{'ssid_name': 'passpoint_profile_download', 'appliedRadios': ['is2dot4GHz']}], 'wpa2_eap': [{'ssid_name': 'ssid_wpa2_eap_passpoint_2g', 'appliedRadios': ['is2dot4GHz']}, {'ssid_name': 'ssid_wpa2_eap_passpoint_5g', 'appliedRadios': ['is5GHz']}], 'wpa2_only_eap': [{'ssid_name': 'ssid_wpa2_only_eap_passpoint_2g', 'appliedRadios': ['is2dot4GHz']}, {'ssid_name': 'ssid_wpa2_only_eap_passpoint_5g', 'appliedRadios': ['is5GHz']}]}}" ]
}