{
  "uid" : "3021e61c37859455",
  "name" : "test_AccessPointConnection_5g_WPA2_Personal[setup_profiles0]",
  "fullName" : "e2e.interOp.android.AccessPointConnection.test_AccessPointConnection.TestAcessPointConnection#test_AccessPointConnection_5g_WPA2_Personal",
  "historyId" : "80bf57465811c4878872fe1ac66a9409",
  "time" : {
    "start" : 1631060978183,
    "stop" : 1631061125927,
    "duration" : 147744
  },
  "status" : "broken",
  "statusMessage" : "selenium.common.exceptions.NoSuchElementException: Message: Element with by xpath '//*[text()='RUN SPEED TEST']' wasn't found.\nFor documentation on this error, please visit: https://www.seleniumhq.org/exceptions/no_such_element.html\nBuild info: version: '3.141.59', revision: 'e82be7d358', time: '2018-11-14T08:17:03'\nDriver info: driver.version: PerfectoMobileDriver\nStacktrace:\n    at com.perfectomobile.selenium.MobileApplication.getSingleElement (MobileApplication.java:337)\n    at com.perfectomobile.selenium.MobileApplication.findElementByXPath (MobileApplication.java:193)\n    at org.openqa.selenium.By$ByXPath.findElement (By.java:353)\n    at com.perfectomobile.selenium.MobileApplication.findElement (MobileApplication.java:132)\n    at com.perfectomobile.selenium.server.PerfectoMobileDriver.findElement (PerfectoMobileDriver.java:1045)\n    at org.openqa.selenium.remote.server.handler.FindElement.call (FindElement.java:49)\n    at org.openqa.selenium.remote.server.handler.FindElement.call (FindElement.java:32)\n    at org.openqa.selenium.remote.server.handler.WebDriverHandler.handle (WebDriverHandler.java:41)\n    at org.openqa.selenium.remote.server.rest.ResultConfig.handle (ResultConfig.java:125)\n    at org.openqa.selenium.remote.server.JsonHttpCommandHandler.handleRequest (JsonHttpCommandHandler.java:200)\n    at org.openqa.selenium.remote.server.PerfectoMobileSession.execute (PerfectoMobileSession.java:68)\n    at org.openqa.selenium.remote.server.MobileWebDriverServlet.lambda$handle$2 (MobileWebDriverServlet.java:298)\n    at java.util.concurrent.Executors$RunnableAdapter.call (Executors.java:511)\n    at java.util.concurrent.FutureTask.run (FutureTask.java:266)\n    at java.util.concurrent.ThreadPoolExecutor.runWorker (ThreadPoolExecutor.java:1142)\n    at java.util.concurrent.ThreadPoolExecutor$Worker.run (ThreadPoolExecutor.java:617)\n    at java.lang.Thread.run (Thread.java:748)",
  "statusTrace" : "self = <tests.e2e.interOp.android.AccessPointConnection.test_AccessPointConnection.TestAcessPointConnection object at 0x7f15c5718880>\nrequest = <FixtureRequest for <Function test_AccessPointConnection_5g_WPA2_Personal[setup_profiles0]>>\nget_vif_state = ['ssid_open_2g', 'ssid_open_5g', 'ssid_wpa_2g', 'ssid_wpa_5g', 'ssid_wpa2_2g', 'ssid_wpa2_5g']\nget_APToMobileDevice_data = {'BtnRunSpeedTest': \"//*[text()='RUN SPEED TEST']\", 'UploadMbps': \"//*[@id='knowledge-verticals-internetspeedtest__upl...[@class='spiqle']\", 'appPackage-android': 'com.android.settings', 'bundleId-iOS-Safari': 'com.apple.mobilesafari', ...}\nsetup_perfectoMobile_android = (<appium.webdriver.webdriver.WebDriver (session=\"99b6b3f2-0ce4-48cb-8df4-c7aa32a9f14f\")>, <perfecto.client.PerfectoReportiumClient.PerfectoReportiumClient object at 0x7f15c410a7f0>)\n\n    @pytest.mark.fiveg\n    @pytest.mark.wpa2_personal\n    def test_AccessPointConnection_5g_WPA2_Personal(self, request, get_vif_state, get_APToMobileDevice_data, setup_perfectoMobile_android):\n        profile_data = setup_params_general[\"ssid_modes\"][\"wpa2_personal\"][1]\n        ssidName = profile_data[\"ssid_name\"]\n        ssidPassword = profile_data[\"security_key\"]\n        print (\"SSID_NAME: \" + ssidName)\n        #print (\"SSID_PASS: \" + ssidPassword)\n    \n        # if ssidName not in get_vif_state:\n        #     allure.attach(name=\"retest,vif state ssid not available:\", body=str(get_vif_state))\n        #     pytest.xfail(\"SSID NOT AVAILABLE IN VIF STATE\")\n    \n        report = setup_perfectoMobile_android[1]\n        driver = setup_perfectoMobile_android[0]\n        connData = get_APToMobileDevice_data\n    \n        #Set Wifi/AP Mode\n        set_APconnMobileDevice_android(request, ssidName, ssidPassword, setup_perfectoMobile_android, connData)\n    \n        #Toggle AirplaneMode\n        assert Toggle_AirplaneMode_android(request, setup_perfectoMobile_android, connData)\n    \n        #Verify Upload download Speed from device Selection\n>       assert verifyUploadDownloadSpeed_android(request, setup_perfectoMobile_android, connData)\n\ne2e/interOp/android/AccessPointConnection/test_AccessPointConnection.py:74: \n_ _ _ _ _ _ _ _ _ _ _ _ _ _ _ _ _ _ _ _ _ _ _ _ _ _ _ _ _ _ _ _ _ _ _ _ _ _ _ _ \n../libs/perfecto_libs/android_lib.py:587: in verifyUploadDownloadSpeed_android\n    driver.find_element_by_xpath(connData[\"BtnRunSpeedTest\"]).click()\n/usr/local/lib/python3.8/site-packages/selenium/webdriver/remote/webdriver.py:394: in find_element_by_xpath\n    return self.find_element(by=By.XPATH, value=xpath)\n/usr/local/lib/python3.8/site-packages/appium/webdriver/webdriver.py:283: in find_element\n    return self.execute(RemoteCommand.FIND_ELEMENT, {'using': by, 'value': value})['value']\n/usr/local/lib/python3.8/site-packages/selenium/webdriver/remote/webdriver.py:321: in execute\n    self.error_handler.check_response(response)\n/usr/local/lib/python3.8/site-packages/appium/webdriver/errorhandler.py:31: in check_response\n    raise wde\n/usr/local/lib/python3.8/site-packages/appium/webdriver/errorhandler.py:26: in check_response\n    super().check_response(response)\n_ _ _ _ _ _ _ _ _ _ _ _ _ _ _ _ _ _ _ _ _ _ _ _ _ _ _ _ _ _ _ _ _ _ _ _ _ _ _ _ \n\nself = <appium.webdriver.errorhandler.MobileErrorHandler object at 0x7f15c4118a60>\nresponse = {'status': 500, 'value': '{\\n  \"sessionId\": \"805871da-6bef-4737-9946-677c4a92acbf\",\\n  \"state\": \"no such element\",\\n  ...8\",\\n      \"releaseLabel\": \"3.141.59\",\\n      \"class\": \"org.openqa.selenium.BuildInfo\"\\n    }\\n  },\\n  \"status\": 7\\n}'}\n\n    def check_response(self, response):\n        \"\"\"\n        Checks that a JSON response from the WebDriver does not have an error.\n    \n        :Args:\n         - response - The JSON response from the WebDriver server as a dictionary\n           object.\n    \n        :Raises: If the response contains an error message.\n        \"\"\"\n        status = response.get('status', None)\n        if status is None or status == ErrorCode.SUCCESS:\n            return\n        value = None\n        message = response.get(\"message\", \"\")\n        screen = response.get(\"screen\", \"\")\n        stacktrace = None\n        if isinstance(status, int):\n            value_json = response.get('value', None)\n            if value_json and isinstance(value_json, basestring):\n                import json\n                try:\n                    value = json.loads(value_json)\n                    if len(value.keys()) == 1:\n                        value = value['value']\n                    status = value.get('error', None)\n                    if status is None:\n                        status = value[\"status\"]\n                        message = value[\"value\"]\n                        if not isinstance(message, basestring):\n                            value = message\n                            message = message.get('message')\n                    else:\n                        message = value.get('message', None)\n                except ValueError:\n                    pass\n    \n        exception_class = ErrorInResponseException\n        if status in ErrorCode.NO_SUCH_ELEMENT:\n            exception_class = NoSuchElementException\n        elif status in ErrorCode.NO_SUCH_FRAME:\n            exception_class = NoSuchFrameException\n        elif status in ErrorCode.NO_SUCH_WINDOW:\n            exception_class = NoSuchWindowException\n        elif status in ErrorCode.STALE_ELEMENT_REFERENCE:\n            exception_class = StaleElementReferenceException\n        elif status in ErrorCode.ELEMENT_NOT_VISIBLE:\n            exception_class = ElementNotVisibleException\n        elif status in ErrorCode.INVALID_ELEMENT_STATE:\n            exception_class = InvalidElementStateException\n        elif status in ErrorCode.INVALID_SELECTOR \\\n                or status in ErrorCode.INVALID_XPATH_SELECTOR \\\n                or status in ErrorCode.INVALID_XPATH_SELECTOR_RETURN_TYPER:\n            exception_class = InvalidSelectorException\n        elif status in ErrorCode.ELEMENT_IS_NOT_SELECTABLE:\n            exception_class = ElementNotSelectableException\n        elif status in ErrorCode.ELEMENT_NOT_INTERACTABLE:\n            exception_class = ElementNotInteractableException\n        elif status in ErrorCode.INVALID_COOKIE_DOMAIN:\n            exception_class = InvalidCookieDomainException\n        elif status in ErrorCode.UNABLE_TO_SET_COOKIE:\n            exception_class = UnableToSetCookieException\n        elif status in ErrorCode.TIMEOUT:\n            exception_class = TimeoutException\n        elif status in ErrorCode.SCRIPT_TIMEOUT:\n            exception_class = TimeoutException\n        elif status in ErrorCode.UNKNOWN_ERROR:\n            exception_class = WebDriverException\n        elif status in ErrorCode.UNEXPECTED_ALERT_OPEN:\n            exception_class = UnexpectedAlertPresentException\n        elif status in ErrorCode.NO_ALERT_OPEN:\n            exception_class = NoAlertPresentException\n        elif status in ErrorCode.IME_NOT_AVAILABLE:\n            exception_class = ImeNotAvailableException\n        elif status in ErrorCode.IME_ENGINE_ACTIVATION_FAILED:\n            exception_class = ImeActivationFailedException\n        elif status in ErrorCode.MOVE_TARGET_OUT_OF_BOUNDS:\n            exception_class = MoveTargetOutOfBoundsException\n        elif status in ErrorCode.JAVASCRIPT_ERROR:\n            exception_class = JavascriptException\n        elif status in ErrorCode.SESSION_NOT_CREATED:\n            exception_class = SessionNotCreatedException\n        elif status in ErrorCode.INVALID_ARGUMENT:\n            exception_class = InvalidArgumentException\n        elif status in ErrorCode.NO_SUCH_COOKIE:\n            exception_class = NoSuchCookieException\n        elif status in ErrorCode.UNABLE_TO_CAPTURE_SCREEN:\n            exception_class = ScreenshotException\n        elif status in ErrorCode.ELEMENT_CLICK_INTERCEPTED:\n            exception_class = ElementClickInterceptedException\n        elif status in ErrorCode.INSECURE_CERTIFICATE:\n            exception_class = InsecureCertificateException\n        elif status in ErrorCode.INVALID_COORDINATES:\n            exception_class = InvalidCoordinatesException\n        elif status in ErrorCode.INVALID_SESSION_ID:\n            exception_class = InvalidSessionIdException\n        elif status in ErrorCode.UNKNOWN_METHOD:\n            exception_class = UnknownMethodException\n        else:\n            exception_class = WebDriverException\n        if value == '' or value is None:\n            value = response['value']\n        if isinstance(value, basestring):\n            if exception_class == ErrorInResponseException:\n                raise exception_class(response, value)\n            raise exception_class(value)\n        if message == \"\" and 'message' in value:\n            message = value['message']\n    \n        screen = None\n        if 'screen' in value:\n            screen = value['screen']\n    \n        stacktrace = None\n        if 'stackTrace' in value and value['stackTrace']:\n            stacktrace = []\n            try:\n                for frame in value['stackTrace']:\n                    line = self._value_or_default(frame, 'lineNumber', '')\n                    file = self._value_or_default(frame, 'fileName', '<anonymous>')\n                    if line:\n                        file = \"%s:%s\" % (file, line)\n                    meth = self._value_or_default(frame, 'methodName', '<anonymous>')\n                    if 'className' in frame:\n                        meth = \"%s.%s\" % (frame['className'], meth)\n                    msg = \"    at %s (%s)\"\n                    msg = msg % (meth, file)\n                    stacktrace.append(msg)\n            except TypeError:\n                pass\n        if exception_class == ErrorInResponseException:\n            raise exception_class(response, message)\n        elif exception_class == UnexpectedAlertPresentException:\n            alert_text = None\n            if 'data' in value:\n                alert_text = value['data'].get('text')\n            elif 'alert' in value:\n                alert_text = value['alert'].get('text')\n            raise exception_class(message, screen, stacktrace, alert_text)\n>       raise exception_class(message, screen, stacktrace)\nE       selenium.common.exceptions.NoSuchElementException: Message: Element with by xpath '//*[text()='RUN SPEED TEST']' wasn't found.\nE       For documentation on this error, please visit: https://www.seleniumhq.org/exceptions/no_such_element.html\nE       Build info: version: '3.141.59', revision: 'e82be7d358', time: '2018-11-14T08:17:03'\nE       Driver info: driver.version: PerfectoMobileDriver\nE       Stacktrace:\nE           at com.perfectomobile.selenium.MobileApplication.getSingleElement (MobileApplication.java:337)\nE           at com.perfectomobile.selenium.MobileApplication.findElementByXPath (MobileApplication.java:193)\nE           at org.openqa.selenium.By$ByXPath.findElement (By.java:353)\nE           at com.perfectomobile.selenium.MobileApplication.findElement (MobileApplication.java:132)\nE           at com.perfectomobile.selenium.server.PerfectoMobileDriver.findElement (PerfectoMobileDriver.java:1045)\nE           at org.openqa.selenium.remote.server.handler.FindElement.call (FindElement.java:49)\nE           at org.openqa.selenium.remote.server.handler.FindElement.call (FindElement.java:32)\nE           at org.openqa.selenium.remote.server.handler.WebDriverHandler.handle (WebDriverHandler.java:41)\nE           at org.openqa.selenium.remote.server.rest.ResultConfig.handle (ResultConfig.java:125)\nE           at org.openqa.selenium.remote.server.JsonHttpCommandHandler.handleRequest (JsonHttpCommandHandler.java:200)\nE           at org.openqa.selenium.remote.server.PerfectoMobileSession.execute (PerfectoMobileSession.java:68)\nE           at org.openqa.selenium.remote.server.MobileWebDriverServlet.lambda$handle$2 (MobileWebDriverServlet.java:298)\nE           at java.util.concurrent.Executors$RunnableAdapter.call (Executors.java:511)\nE           at java.util.concurrent.FutureTask.run (FutureTask.java:266)\nE           at java.util.concurrent.ThreadPoolExecutor.runWorker (ThreadPoolExecutor.java:1142)\nE           at java.util.concurrent.ThreadPoolExecutor$Worker.run (ThreadPoolExecutor.java:617)\nE           at java.lang.Thread.run (Thread.java:748)\n\n/usr/local/lib/python3.8/site-packages/selenium/webdriver/remote/errorhandler.py:242: NoSuchElementException",
  "flaky" : false,
  "newFailed" : false,
  "beforeStages" : [ {
    "name" : "lf_tools",
    "time" : {
      "start" : 1631060849787,
      "stop" : 1631060850107,
      "duration" : 320
    },
    "status" : "passed",
    "steps" : [ ],
    "attachments" : [ ],
    "parameters" : [ ],
    "stepsCount" : 0,
    "attachmentsCount" : 0,
    "shouldDisplayMessage" : false,
    "hasContent" : false
  }, {
    "name" : "get_security_flags",
    "time" : {
      "start" : 1631060849401,
      "stop" : 1631060849401,
      "duration" : 0
    },
    "status" : "passed",
    "steps" : [ ],
    "attachments" : [ ],
    "parameters" : [ ],
    "stepsCount" : 0,
    "attachmentsCount" : 0,
    "shouldDisplayMessage" : false,
    "hasContent" : false
  }, {
    "name" : "add_env_properties",
    "time" : {
      "start" : 1631060845679,
      "stop" : 1631060849393,
      "duration" : 3714
    },
    "status" : "passed",
    "steps" : [ ],
    "attachments" : [ ],
    "parameters" : [ ],
    "stepsCount" : 0,
    "attachmentsCount" : 0,
    "shouldDisplayMessage" : false,
    "hasContent" : false
  }, {
    "name" : "radius_accounting_info",
    "time" : {
      "start" : 1631060850109,
      "stop" : 1631060850109,
      "duration" : 0
    },
    "status" : "passed",
    "steps" : [ ],
    "attachments" : [ ],
    "parameters" : [ ],
    "stepsCount" : 0,
    "attachmentsCount" : 0,
    "shouldDisplayMessage" : false,
    "hasContent" : false
  }, {
    "name" : "add_allure_environment_property",
    "time" : {
      "start" : 1631060845604,
      "stop" : 1631060845605,
      "duration" : 1
    },
    "status" : "passed",
    "steps" : [ ],
    "attachments" : [ ],
    "parameters" : [ ],
    "stepsCount" : 0,
    "attachmentsCount" : 0,
    "shouldDisplayMessage" : false,
    "hasContent" : false
  }, {
    "name" : "test_access_point",
    "time" : {
      "start" : 1631060845605,
      "stop" : 1631060845606,
      "duration" : 1
    },
    "status" : "passed",
    "steps" : [ ],
    "attachments" : [ ],
    "parameters" : [ ],
    "stepsCount" : 0,
    "attachmentsCount" : 0,
    "shouldDisplayMessage" : false,
    "hasContent" : false
  }, {
    "name" : "setup_profiles",
    "time" : {
      "start" : 1631060850109,
      "stop" : 1631060946168,
      "duration" : 96059
    },
    "status" : "passed",
    "steps" : [ ],
    "attachments" : [ {
      "uid" : "76d924d781c9570f",
      "name" : "ucentral_config: ",
      "source" : "76d924d781c9570f.attach",
      "type" : "text/plain",
      "size" : 2046
    }, {
      "uid" : "fdb25f9c2cb847b7",
      "name" : "Time Took to apply Config: 56.54327392578125",
      "source" : "fdb25f9c2cb847b7.attach",
      "type" : "application/octet-stream",
      "size" : 0
    }, {
      "uid" : "6cc638c067c1ef01",
      "name" : "Success : Active Config in AP: ",
      "source" : "6cc638c067c1ef01.attach",
      "type" : "text/plain",
      "size" : 2046
    }, {
      "uid" : "5f8e8b1e55a1e974",
      "name" : "iwinfo: ",
      "source" : "5f8e8b1e55a1e974.attach",
      "type" : "text/plain",
      "size" : 3283
    }, {
      "uid" : "d43a930969aa919c",
      "name" : "AP Logs: ",
      "source" : "d43a930969aa919c.attach",
      "type" : "text/plain",
      "size" : 71114
    } ],
    "parameters" : [ ],
    "stepsCount" : 0,
    "attachmentsCount" : 5,
    "shouldDisplayMessage" : false,
    "hasContent" : true
  }, {
    "name" : "setup_controller",
    "time" : {
      "start" : 1631060849393,
      "stop" : 1631060849393,
      "duration" : 0
    },
    "status" : "passed",
    "steps" : [ ],
    "attachments" : [ ],
    "parameters" : [ ],
    "stepsCount" : 0,
    "attachmentsCount" : 0,
    "shouldDisplayMessage" : false,
    "hasContent" : false
  }, {
    "name" : "get_markers",
    "time" : {
      "start" : 1631060849401,
      "stop" : 1631060849473,
      "duration" : 72
    },
    "status" : "passed",
    "steps" : [ ],
    "attachments" : [ ],
    "parameters" : [ ],
    "stepsCount" : 0,
    "attachmentsCount" : 0,
    "shouldDisplayMessage" : false,
    "hasContent" : false
  }, {
    "name" : "get_vif_state",
    "time" : {
      "start" : 1631060946168,
      "stop" : 1631060946169,
      "duration" : 1
    },
    "status" : "passed",
    "steps" : [ ],
    "attachments" : [ ],
    "parameters" : [ ],
    "stepsCount" : 0,
    "attachmentsCount" : 0,
    "shouldDisplayMessage" : false,
    "hasContent" : false
  }, {
    "name" : "instantiate_profile",
    "time" : {
      "start" : 1631060849400,
      "stop" : 1631060849400,
      "duration" : 0
    },
    "status" : "passed",
    "steps" : [ ],
    "attachments" : [ ],
    "parameters" : [ ],
    "stepsCount" : 0,
    "attachmentsCount" : 0,
    "shouldDisplayMessage" : false,
    "hasContent" : false
  }, {
    "name" : "get_configuration",
    "time" : {
      "start" : 1631060845605,
      "stop" : 1631060845605,
      "duration" : 0
    },
    "status" : "passed",
    "steps" : [ ],
    "attachments" : [ ],
    "parameters" : [ ],
    "stepsCount" : 0,
    "attachmentsCount" : 0,
    "shouldDisplayMessage" : false,
    "hasContent" : false
  }, {
    "name" : "setup_perfectoMobile_android",
    "time" : {
      "start" : 1631060946169,
      "stop" : 1631060978179,
      "duration" : 32010
    },
    "status" : "passed",
    "steps" : [ ],
    "attachments" : [ ],
    "parameters" : [ ],
    "stepsCount" : 0,
    "attachmentsCount" : 0,
    "shouldDisplayMessage" : false,
    "hasContent" : false
  }, {
    "name" : "testbed",
    "time" : {
      "start" : 1631060845605,
      "stop" : 1631060845605,
      "duration" : 0
    },
    "status" : "passed",
    "steps" : [ ],
    "attachments" : [ ],
    "parameters" : [ ],
    "stepsCount" : 0,
    "attachmentsCount" : 0,
    "shouldDisplayMessage" : false,
    "hasContent" : false
  }, {
    "name" : "create_lanforge_chamberview_dut",
    "time" : {
      "start" : 1631060849473,
      "stop" : 1631060849786,
      "duration" : 313
    },
    "status" : "passed",
    "steps" : [ ],
    "attachments" : [ ],
    "parameters" : [ ],
    "stepsCount" : 0,
    "attachmentsCount" : 0,
    "shouldDisplayMessage" : false,
    "hasContent" : false
  }, {
    "name" : "get_equipment_id",
    "time" : {
      "start" : 1631060849394,
      "stop" : 1631060849400,
      "duration" : 6
    },
    "status" : "passed",
    "steps" : [ ],
    "attachments" : [ ],
    "parameters" : [ ],
    "stepsCount" : 0,
    "attachmentsCount" : 0,
    "shouldDisplayMessage" : false,
    "hasContent" : false
  }, {
    "name" : "radius_info",
    "time" : {
      "start" : 1631060850108,
      "stop" : 1631060850108,
      "duration" : 0
    },
    "status" : "passed",
    "steps" : [ ],
    "attachments" : [ ],
    "parameters" : [ ],
    "stepsCount" : 0,
    "attachmentsCount" : 0,
    "shouldDisplayMessage" : false,
    "hasContent" : false
  }, {
    "name" : "get_apnos",
    "time" : {
      "start" : 1631060845605,
      "stop" : 1631060845605,
      "duration" : 0
    },
    "status" : "passed",
    "steps" : [ ],
    "attachments" : [ ],
    "parameters" : [ ],
    "stepsCount" : 0,
    "attachmentsCount" : 0,
    "shouldDisplayMessage" : false,
    "hasContent" : false
  }, {
    "name" : "fixtures_ver",
    "time" : {
      "start" : 1631060845606,
      "stop" : 1631060845678,
      "duration" : 72
    },
    "status" : "passed",
    "steps" : [ ],
    "attachments" : [ ],
    "parameters" : [ ],
    "stepsCount" : 0,
    "attachmentsCount" : 0,
    "shouldDisplayMessage" : false,
    "hasContent" : false
  }, {
    "name" : "get_APToMobileDevice_data",
    "time" : {
      "start" : 1631060946169,
      "stop" : 1631060946169,
      "duration" : 0
    },
    "status" : "passed",
    "steps" : [ ],
    "attachments" : [ ],
    "parameters" : [ ],
    "stepsCount" : 0,
    "attachmentsCount" : 0,
    "shouldDisplayMessage" : false,
    "hasContent" : false
  } ],
  "afterStages" : [ {
    "name" : "lf_tools::0",
    "time" : {
      "start" : 1631074444256,
      "stop" : 1631074444256,
      "duration" : 0
    },
    "status" : "passed",
    "steps" : [ ],
    "attachments" : [ ],
    "parameters" : [ ],
    "stepsCount" : 0,
    "attachmentsCount" : 0,
    "shouldDisplayMessage" : false,
    "hasContent" : false
  }, {
    "name" : "get_security_flags::0",
    "time" : {
      "start" : 1631074444272,
      "stop" : 1631074444272,
      "duration" : 0
    },
    "status" : "passed",
    "steps" : [ ],
    "attachments" : [ ],
    "parameters" : [ ],
    "stepsCount" : 0,
    "attachmentsCount" : 0,
    "shouldDisplayMessage" : false,
    "hasContent" : false
  }, {
    "name" : "radius_accounting_info::0",
    "time" : {
      "start" : 1631074444246,
      "stop" : 1631074444247,
      "duration" : 1
    },
    "status" : "passed",
    "steps" : [ ],
    "attachments" : [ ],
    "parameters" : [ ],
    "stepsCount" : 0,
    "attachmentsCount" : 0,
    "shouldDisplayMessage" : false,
    "hasContent" : false
  }, {
    "name" : "add_allure_environment_property::0",
    "time" : {
      "start" : 1631074444412,
      "stop" : 1631074444413,
      "duration" : 1
    },
    "status" : "passed",
    "steps" : [ ],
    "attachments" : [ ],
    "parameters" : [ ],
    "stepsCount" : 0,
    "attachmentsCount" : 0,
    "shouldDisplayMessage" : false,
    "hasContent" : false
  }, {
    "name" : "test_access_point::0",
    "time" : {
      "start" : 1631074444346,
      "stop" : 1631074444346,
      "duration" : 0
    },
    "status" : "passed",
    "steps" : [ ],
    "attachments" : [ ],
    "parameters" : [ ],
    "stepsCount" : 0,
    "attachmentsCount" : 0,
    "shouldDisplayMessage" : false,
    "hasContent" : false
  }, {
    "name" : "setup_profiles::1",
    "time" : {
      "start" : 1631061993343,
      "stop" : 1631061993343,
      "duration" : 0
    },
    "status" : "passed",
    "steps" : [ ],
    "attachments" : [ ],
    "parameters" : [ ],
    "stepsCount" : 0,
    "attachmentsCount" : 0,
    "shouldDisplayMessage" : false,
    "hasContent" : false
  }, {
    "name" : "setup_profiles::teardown_session",
    "time" : {
      "start" : 1631061993343,
      "stop" : 1631062001869,
      "duration" : 8526
    },
    "status" : "passed",
    "steps" : [ ],
    "attachments" : [ {
      "uid" : "c25580737a7a62c9",
      "name" : "iwinfo: ",
      "source" : "c25580737a7a62c9.attach",
      "type" : "text/plain",
      "size" : 3282
    }, {
      "uid" : "82f88b5418b570a",
      "name" : "AP Logs after test completion",
      "source" : "82f88b5418b570a.attach",
      "type" : "text/plain",
      "size" : 71637
    } ],
    "parameters" : [ ],
    "stepsCount" : 0,
    "attachmentsCount" : 2,
    "shouldDisplayMessage" : false,
    "hasContent" : true
  }, {
    "name" : "setup_controller::1",
    "time" : {
      "start" : 1631074444286,
      "stop" : 1631074444286,
      "duration" : 0
    },
    "status" : "passed",
    "steps" : [ ],
    "attachments" : [ ],
    "parameters" : [ ],
    "stepsCount" : 0,
    "attachmentsCount" : 0,
    "shouldDisplayMessage" : false,
    "hasContent" : false
  }, {
    "name" : "setup_controller::disconnect",
    "time" : {
      "start" : 1631074444286,
      "stop" : 1631074444332,
      "duration" : 46
    },
    "status" : "broken",
    "statusMessage" : "NameError: Invalid response code.\n",
    "statusTrace" : "  File \"/usr/local/lib/python3.8/site-packages/allure_commons/_allure.py\", line 200, in __call__\n    return self._fixture_function(*args, **kwargs)\n  File \"/wlan-testing/tests/fixtures_2x.py\", line 52, in disconnect\n    self.controller_obj.logout()\n  File \"/wlan-testing/tests/../libs/controller/controller_2x/controller.py\", line 102, in logout\n    self.check_response(\"DELETE\", resp, self.make_headers(), \"\", uri)\n  File \"/wlan-testing/tests/../libs/controller/controller_2x/controller.py\", line 128, in check_response\n    raise NameError(\"Invalid response code.\")\n",
    "steps" : [ ],
    "attachments" : [ ],
    "parameters" : [ ],
    "stepsCount" : 0,
    "attachmentsCount" : 0,
    "shouldDisplayMessage" : true,
    "hasContent" : true
  }, {
    "name" : "get_markers::0",
    "time" : {
      "start" : 1631074444263,
      "stop" : 1631074444264,
      "duration" : 1
    },
    "status" : "passed",
    "steps" : [ ],
    "attachments" : [ ],
    "parameters" : [ ],
    "stepsCount" : 0,
    "attachmentsCount" : 0,
    "shouldDisplayMessage" : false,
    "hasContent" : false
  }, {
    "name" : "get_vif_state::0",
    "time" : {
      "start" : 1631061993342,
      "stop" : 1631061993342,
      "duration" : 0
    },
    "status" : "passed",
    "steps" : [ ],
    "attachments" : [ ],
    "parameters" : [ ],
    "stepsCount" : 0,
    "attachmentsCount" : 0,
    "shouldDisplayMessage" : false,
    "hasContent" : false
  }, {
    "name" : "instantiate_profile::0",
    "time" : {
      "start" : 1631074444276,
      "stop" : 1631074444276,
      "duration" : 0
    },
    "status" : "passed",
    "steps" : [ ],
    "attachments" : [ ],
    "parameters" : [ ],
    "stepsCount" : 0,
    "attachmentsCount" : 0,
    "shouldDisplayMessage" : false,
    "hasContent" : false
  }, {
    "name" : "get_configuration::0",
    "time" : {
      "start" : 1631074444377,
      "stop" : 1631074444377,
      "duration" : 0
    },
    "status" : "passed",
    "steps" : [ ],
    "attachments" : [ ],
    "parameters" : [ ],
    "stepsCount" : 0,
    "attachmentsCount" : 0,
    "shouldDisplayMessage" : false,
    "hasContent" : false
  }, {
    "name" : "setup_perfectoMobile_android::1",
    "time" : {
      "start" : 1631061126333,
      "stop" : 1631061126333,
      "duration" : 0
    },
    "status" : "passed",
    "steps" : [ ],
    "attachments" : [ ],
    "parameters" : [ ],
    "stepsCount" : 0,
    "attachmentsCount" : 0,
    "shouldDisplayMessage" : false,
    "hasContent" : false
  }, {
    "name" : "setup_perfectoMobile_android::teardown",
    "time" : {
      "start" : 1631061126333,
      "stop" : 1631061165008,
      "duration" : 38675
    },
    "status" : "passed",
    "steps" : [ ],
    "attachments" : [ ],
    "parameters" : [ ],
    "stepsCount" : 0,
    "attachmentsCount" : 0,
    "shouldDisplayMessage" : false,
    "hasContent" : false
  }, {
    "name" : "testbed::0",
    "time" : {
      "start" : 1631074444393,
      "stop" : 1631074444393,
      "duration" : 0
    },
    "status" : "passed",
    "steps" : [ ],
    "attachments" : [ ],
    "parameters" : [ ],
    "stepsCount" : 0,
    "attachmentsCount" : 0,
    "shouldDisplayMessage" : false,
    "hasContent" : false
  }, {
    "name" : "create_lanforge_chamberview_dut::0",
    "time" : {
      "start" : 1631074444260,
      "stop" : 1631074444260,
      "duration" : 0
    },
    "status" : "passed",
    "steps" : [ ],
    "attachments" : [ ],
    "parameters" : [ ],
    "stepsCount" : 0,
    "attachmentsCount" : 0,
    "shouldDisplayMessage" : false,
    "hasContent" : false
  }, {
    "name" : "get_equipment_id::0",
    "time" : {
      "start" : 1631074444280,
      "stop" : 1631074444280,
      "duration" : 0
    },
    "status" : "passed",
    "steps" : [ ],
    "attachments" : [ ],
    "parameters" : [ ],
    "stepsCount" : 0,
    "attachmentsCount" : 0,
    "shouldDisplayMessage" : false,
    "hasContent" : false
  }, {
    "name" : "radius_info::0",
    "time" : {
      "start" : 1631074444250,
      "stop" : 1631074444250,
      "duration" : 0
    },
    "status" : "passed",
    "steps" : [ ],
    "attachments" : [ ],
    "parameters" : [ ],
    "stepsCount" : 0,
    "attachmentsCount" : 0,
    "shouldDisplayMessage" : false,
    "hasContent" : false
  }, {
    "name" : "get_apnos::0",
    "time" : {
      "start" : 1631074444356,
      "stop" : 1631074444356,
      "duration" : 0
    },
    "status" : "passed",
    "steps" : [ ],
    "attachments" : [ ],
    "parameters" : [ ],
    "stepsCount" : 0,
    "attachmentsCount" : 0,
    "shouldDisplayMessage" : false,
    "hasContent" : false
  }, {
    "name" : "fixtures_ver::0",
    "time" : {
      "start" : 1631074444342,
      "stop" : 1631074444343,
      "duration" : 1
    },
    "status" : "passed",
    "steps" : [ ],
    "attachments" : [ ],
    "parameters" : [ ],
    "stepsCount" : 0,
    "attachmentsCount" : 0,
    "shouldDisplayMessage" : false,
    "hasContent" : false
  }, {
    "name" : "get_APToMobileDevice_data::0",
    "time" : {
      "start" : 1631061165010,
      "stop" : 1631061165010,
      "duration" : 0
    },
    "status" : "passed",
    "steps" : [ ],
    "attachments" : [ ],
    "parameters" : [ ],
    "stepsCount" : 0,
    "attachmentsCount" : 0,
    "shouldDisplayMessage" : false,
    "hasContent" : false
  } ],
  "labels" : [ {
    "name" : "feature",
    "value" : "NAT MODE CLIENT CONNECTIVITY"
  }, {
    "name" : "tag",
    "value" : "wpa2_personal"
  }, {
    "name" : "tag",
    "value" : "fiveg"
  }, {
    "name" : "tag",
    "value" : "@pytest.mark.usefixtures('setup_profiles')"
  }, {
    "name" : "tag",
    "value" : "interop"
  }, {
    "name" : "tag",
    "value" : "interop_and"
  }, {
    "name" : "tag",
    "value" : "android"
  }, {
    "name" : "tag",
    "value" : "AccessPointConnection"
  }, {
    "name" : "tag",
    "value" : "sanity"
  }, {
    "name" : "parentSuite",
    "value" : "e2e.interOp.android.AccessPointConnection"
  }, {
    "name" : "suite",
    "value" : "test_AccessPointConnection"
  }, {
    "name" : "subSuite",
    "value" : "TestAcessPointConnection"
  }, {
    "name" : "host",
    "value" : "interop-ci-197-android-wsjzw"
  }, {
    "name" : "thread",
    "value" : "6-MainThread"
  }, {
    "name" : "framework",
    "value" : "pytest"
  }, {
    "name" : "language",
    "value" : "cpython3"
  }, {
    "name" : "package",
    "value" : "e2e.interOp.android.AccessPointConnection.test_AccessPointConnection"
  }, {
    "name" : "resultFormat",
    "value" : "allure2"
  } ],
  "parameters" : [ {
    "name" : "setup_profiles",
    "value" : "{'mode': 'NAT', 'ssid_modes': {'open': [{'ssid_name': 'ssid_open_2g', 'appliedRadios': ['2G'], 'security': 'none'}, {'ssid_name': 'ssid_open_5g', 'appliedRadios': ['5G'], 'security': 'none'}], 'wpa': [{'ssid_name': 'ssid_wpa_2g', 'appliedRadios': ['2G'], 'security_key': 'something', 'security': 'psk'}, {'ssid_name': 'ssid_wpa_5g', 'appliedRadios': ['5G'], 'security_key': 'something', 'security': 'psk'}], 'wpa2_personal': [{'ssid_name': 'ssid_wpa2_2g', 'appliedRadios': ['2G'], 'security_key': 'something', 'security': 'psk2'}, {'ssid_name': 'ssid_wpa2_5g', 'appliedRadios': ['5G'], 'security_key': 'something', 'security': 'psk2'}]}, 'rf': {}, 'radius': False}"
  } ],
  "links" : [ ],
  "hidden" : false,
  "retry" : false,
  "extra" : {
    "severity" : "normal",
    "retries" : [ ],
    "categories" : [ {
      "name" : "Test defects",
      "matchedStatuses" : [ ],
      "flaky" : false
    } ],
    "history" : {
      "statistic" : {
        "failed" : 3,
        "broken" : 19,
        "skipped" : 2,
        "passed" : 33,
        "unknown" : 0,
        "total" : 57
      },
      "items" : [ {
        "uid" : "74986905b5c9e151",
        "status" : "broken",
        "statusDetails" : "selenium.common.exceptions.TimeoutException: Message: \nStacktrace:\n    at sun.reflect.NativeConstructorAccessorImpl.newInstance0 (NativeConstructorAccessorImpl.java:-2)\n    at sun.reflect.NativeConstructorAccessorImpl.newInstance (NativeConstructorAccessorImpl.java:62)\n    at sun.reflect.DelegatingConstructorAccessorImpl.newInstance (DelegatingConstructorAccessorImpl.java:45)\n    at java.lang.reflect.Constructor.newInstance (Constructor.java:423)\n    at org.openqa.selenium.remote.ErrorHandler.createThrowable (ErrorHandler.java:214)\n    at org.openqa.selenium.remote.ErrorHandler.throwIfResponseFailed (ErrorHandler.java:166)\n    at org.openqa.selenium.remote.http.JsonHttpResponseCodec.reconstructValue (JsonHttpResponseCodec.java:40)\n    at org.openqa.selenium.remote.http.AbstractHttpResponseCodec.decode (AbstractHttpResponseCodec.java:80)\n    at org.openqa.selenium.remote.http.AbstractHttpResponseCodec.decode (AbstractHttpResponseCodec.java:44)\n    at org.openqa.selenium.remote.HttpCommandExecutor.execute (HttpCommandExecutor.java:158)\n    at io.appium.java_client.remote.AppiumCommandExecutor.execute (AppiumCommandExecutor.java:239)\n    at org.openqa.selenium.remote.RemoteWebDriver.execute (RemoteWebDriver.java:552)\n    at io.appium.java_client.DefaultGenericMobileDriver.execute (DefaultGenericMobileDriver.java:41)\n    at io.appium.java_client.AppiumDriver.execute (AppiumDriver.java:1)\n    at io.appium.java_client.android.AndroidDriver.execute (AndroidDriver.java:1)\n    at org.openqa.selenium.remote.RemoteWebDriver.findElement (RemoteWebDriver.java:323)\n    at io.appium.java_client.DefaultGenericMobileDriver.findElement (DefaultGenericMobileDriver.java:61)\n    at io.appium.java_client.AppiumDriver.findElement (AppiumDriver.java:1)\n    at io.appium.java_client.android.AndroidDriver.findElement (AndroidDriver.java:1)\n    at org.openqa.selenium.remote.RemoteWebDriver.findElementByXPath (RemoteWebDriver.java:428)\n    at io.appium.java_client.DefaultGenericMobileDriver.findElementByXPath (DefaultGenericMobileDriver.java:151)\n    at io.appium.java_client.AppiumDriver.findElementByXPath (AppiumDriver.java:1)\n    at io.appium.java_client.android.AndroidDriver.findElementByXPath (AndroidDriver.java:1)\n    at org.openqa.selenium.By$ByXPath.findElement (By.java:353)\n    at org.openqa.selenium.remote.RemoteWebDriver.findElement (RemoteWebDriver.java:315)\n    at io.appium.java_client.DefaultGenericMobileDriver.findElement (DefaultGenericMobileDriver.java:57)\n    at io.appium.java_client.AppiumDriver.findElement (AppiumDriver.java:1)\n    at io.appium.java_client.android.AndroidDriver.findElement (AndroidDriver.java:1)\n    at com.perfectomobile.selenium.server.appium.AppiumAndroidDriverWrapper$2.call (AppiumAndroidDriverWrapper.java:78)\n    at com.nexperience.function.execute.ExecuteCallableCommand.process (ExecuteCallableCommand.java:30)\n    at com.nexperience.engine.script.command.AbstractScriptCommand.doExecute (AbstractScriptCommand.java:173)\n    at com.nexperience.engine.script.command.ScriptCommandBase.execute (ScriptCommandBase.java:105)\n    at com.nexperience.engine.script.tcl.event.CommandTclEvent.processEvent (CommandTclEvent.java:43)\n    at com.nexperience.engine.script.tcl.event.MaseTclEvent.processEvent (MaseTclEvent.java:56)\n    at tcl.lang.Notifier.serviceEvent (Notifier.java:457)\n    at tcl.lang.Notifier.doOneEvent (Notifier.java:610)\n    at tcl.lang.Notifier.processTclEvents (Notifier.java:786)\n    at com.nexperience.engine.script.tcl.event.TclEventProcessor.start (TclEventProcessor.java:80)\n    at com.nexperience.engine.script.tcl.TclInterpreter.startEventProcessing (TclInterpreter.java:552)\n    at com.nexperience.engine.script.execution.step.StepExecutionEventProcessor.callImpl (StepExecutionEventProcessor.java:85)\n    at com.nexperience.engine.script.execution.step.StepExecutionEventProcessor.callImpl (StepExecutionEventProcessor.java:21)\n    at com.nexperience.util.thread.WrappedCallable.call (WrappedCallable.java:31)\n    at java.util.concurrent.FutureTask.run (FutureTask.java:266)\n    at java.util.concurrent.ThreadPoolExecutor.runWorker (ThreadPoolExecutor.java:1142)\n    at java.util.concurrent.ThreadPoolExecutor$Worker.run (ThreadPoolExecutor.java:617)\n    at java.lang.Thread.run (Thread.java:748)",
        "time" : {
          "start" : 1630974561659,
          "stop" : 1630974683082,
          "duration" : 121423
        }
      }, {
        "uid" : "fef989099ff58d7f",
        "status" : "broken",
        "statusDetails" : "selenium.common.exceptions.TimeoutException: Message: \nStacktrace:\n    at sun.reflect.NativeConstructorAccessorImpl.newInstance0 (NativeConstructorAccessorImpl.java:-2)\n    at sun.reflect.NativeConstructorAccessorImpl.newInstance (NativeConstructorAccessorImpl.java:62)\n    at sun.reflect.DelegatingConstructorAccessorImpl.newInstance (DelegatingConstructorAccessorImpl.java:45)\n    at java.lang.reflect.Constructor.newInstance (Constructor.java:423)\n    at org.openqa.selenium.remote.ErrorHandler.createThrowable (ErrorHandler.java:214)\n    at org.openqa.selenium.remote.ErrorHandler.throwIfResponseFailed (ErrorHandler.java:166)\n    at org.openqa.selenium.remote.http.JsonHttpResponseCodec.reconstructValue (JsonHttpResponseCodec.java:40)\n    at org.openqa.selenium.remote.http.AbstractHttpResponseCodec.decode (AbstractHttpResponseCodec.java:80)\n    at org.openqa.selenium.remote.http.AbstractHttpResponseCodec.decode (AbstractHttpResponseCodec.java:44)\n    at org.openqa.selenium.remote.HttpCommandExecutor.execute (HttpCommandExecutor.java:158)\n    at io.appium.java_client.remote.AppiumCommandExecutor.execute (AppiumCommandExecutor.java:239)\n    at org.openqa.selenium.remote.RemoteWebDriver.execute (RemoteWebDriver.java:552)\n    at io.appium.java_client.DefaultGenericMobileDriver.execute (DefaultGenericMobileDriver.java:41)\n    at io.appium.java_client.AppiumDriver.execute (AppiumDriver.java:1)\n    at io.appium.java_client.android.AndroidDriver.execute (AndroidDriver.java:1)\n    at org.openqa.selenium.remote.RemoteWebDriver.findElement (RemoteWebDriver.java:323)\n    at io.appium.java_client.DefaultGenericMobileDriver.findElement (DefaultGenericMobileDriver.java:61)\n    at io.appium.java_client.AppiumDriver.findElement (AppiumDriver.java:1)\n    at io.appium.java_client.android.AndroidDriver.findElement (AndroidDriver.java:1)\n    at org.openqa.selenium.remote.RemoteWebDriver.findElementByXPath (RemoteWebDriver.java:428)\n    at io.appium.java_client.DefaultGenericMobileDriver.findElementByXPath (DefaultGenericMobileDriver.java:151)\n    at io.appium.java_client.AppiumDriver.findElementByXPath (AppiumDriver.java:1)\n    at io.appium.java_client.android.AndroidDriver.findElementByXPath (AndroidDriver.java:1)\n    at org.openqa.selenium.By$ByXPath.findElement (By.java:353)\n    at org.openqa.selenium.remote.RemoteWebDriver.findElement (RemoteWebDriver.java:315)\n    at io.appium.java_client.DefaultGenericMobileDriver.findElement (DefaultGenericMobileDriver.java:57)\n    at io.appium.java_client.AppiumDriver.findElement (AppiumDriver.java:1)\n    at io.appium.java_client.android.AndroidDriver.findElement (AndroidDriver.java:1)\n    at com.perfectomobile.selenium.server.appium.AppiumAndroidDriverWrapper$2.call (AppiumAndroidDriverWrapper.java:78)\n    at com.nexperience.function.execute.ExecuteCallableCommand.process (ExecuteCallableCommand.java:30)\n    at com.nexperience.engine.script.command.AbstractScriptCommand.doExecute (AbstractScriptCommand.java:173)\n    at com.nexperience.engine.script.command.ScriptCommandBase.execute (ScriptCommandBase.java:105)\n    at com.nexperience.engine.script.tcl.event.CommandTclEvent.processEvent (CommandTclEvent.java:43)\n    at com.nexperience.engine.script.tcl.event.MaseTclEvent.processEvent (MaseTclEvent.java:56)\n    at tcl.lang.Notifier.serviceEvent (Notifier.java:457)\n    at tcl.lang.Notifier.doOneEvent (Notifier.java:610)\n    at tcl.lang.Notifier.processTclEvents (Notifier.java:786)\n    at com.nexperience.engine.script.tcl.event.TclEventProcessor.start (TclEventProcessor.java:80)\n    at com.nexperience.engine.script.tcl.TclInterpreter.startEventProcessing (TclInterpreter.java:552)\n    at com.nexperience.engine.script.execution.step.StepExecutionEventProcessor.callImpl (StepExecutionEventProcessor.java:85)\n    at com.nexperience.engine.script.execution.step.StepExecutionEventProcessor.callImpl (StepExecutionEventProcessor.java:21)\n    at com.nexperience.util.thread.WrappedCallable.call (WrappedCallable.java:31)\n    at java.util.concurrent.FutureTask.run (FutureTask.java:266)\n    at java.util.concurrent.ThreadPoolExecutor.runWorker (ThreadPoolExecutor.java:1142)\n    at java.util.concurrent.ThreadPoolExecutor$Worker.run (ThreadPoolExecutor.java:617)\n    at java.lang.Thread.run (Thread.java:748)",
        "time" : {
          "start" : 1630888234321,
          "stop" : 1630888355341,
          "duration" : 121020
        }
      }, {
        "uid" : "e3646f120fd6a1d7",
        "status" : "broken",
        "statusDetails" : "UnboundLocalError: local variable 'Wifi_AP_Name' referenced before assignment",
        "time" : {
          "start" : 1630715362338,
          "stop" : 1630715394768,
          "duration" : 32430
        }
      }, {
        "uid" : "50a29c7a14968752",
        "status" : "broken",
        "statusDetails" : "selenium.common.exceptions.TimeoutException: Message: \nStacktrace:\n    at sun.reflect.NativeConstructorAccessorImpl.newInstance0 (NativeConstructorAccessorImpl.java:-2)\n    at sun.reflect.NativeConstructorAccessorImpl.newInstance (NativeConstructorAccessorImpl.java:62)\n    at sun.reflect.DelegatingConstructorAccessorImpl.newInstance (DelegatingConstructorAccessorImpl.java:45)\n    at java.lang.reflect.Constructor.newInstance (Constructor.java:423)\n    at org.openqa.selenium.remote.ErrorHandler.createThrowable (ErrorHandler.java:214)\n    at org.openqa.selenium.remote.ErrorHandler.throwIfResponseFailed (ErrorHandler.java:166)\n    at org.openqa.selenium.remote.http.JsonHttpResponseCodec.reconstructValue (JsonHttpResponseCodec.java:40)\n    at org.openqa.selenium.remote.http.AbstractHttpResponseCodec.decode (AbstractHttpResponseCodec.java:80)\n    at org.openqa.selenium.remote.http.AbstractHttpResponseCodec.decode (AbstractHttpResponseCodec.java:44)\n    at org.openqa.selenium.remote.HttpCommandExecutor.execute (HttpCommandExecutor.java:158)\n    at io.appium.java_client.remote.AppiumCommandExecutor.execute (AppiumCommandExecutor.java:239)\n    at org.openqa.selenium.remote.RemoteWebDriver.execute (RemoteWebDriver.java:552)\n    at io.appium.java_client.DefaultGenericMobileDriver.execute (DefaultGenericMobileDriver.java:41)\n    at io.appium.java_client.AppiumDriver.execute (AppiumDriver.java:1)\n    at io.appium.java_client.android.AndroidDriver.execute (AndroidDriver.java:1)\n    at org.openqa.selenium.remote.RemoteWebDriver.findElement (RemoteWebDriver.java:323)\n    at io.appium.java_client.DefaultGenericMobileDriver.findElement (DefaultGenericMobileDriver.java:61)\n    at io.appium.java_client.AppiumDriver.findElement (AppiumDriver.java:1)\n    at io.appium.java_client.android.AndroidDriver.findElement (AndroidDriver.java:1)\n    at org.openqa.selenium.remote.RemoteWebDriver.findElementByXPath (RemoteWebDriver.java:428)\n    at io.appium.java_client.DefaultGenericMobileDriver.findElementByXPath (DefaultGenericMobileDriver.java:151)\n    at io.appium.java_client.AppiumDriver.findElementByXPath (AppiumDriver.java:1)\n    at io.appium.java_client.android.AndroidDriver.findElementByXPath (AndroidDriver.java:1)\n    at org.openqa.selenium.By$ByXPath.findElement (By.java:353)\n    at org.openqa.selenium.remote.RemoteWebDriver.findElement (RemoteWebDriver.java:315)\n    at io.appium.java_client.DefaultGenericMobileDriver.findElement (DefaultGenericMobileDriver.java:57)\n    at io.appium.java_client.AppiumDriver.findElement (AppiumDriver.java:1)\n    at io.appium.java_client.android.AndroidDriver.findElement (AndroidDriver.java:1)\n    at com.perfectomobile.selenium.server.appium.AppiumAndroidDriverWrapper$2.call (AppiumAndroidDriverWrapper.java:78)\n    at com.nexperience.function.execute.ExecuteCallableCommand.process (ExecuteCallableCommand.java:30)\n    at com.nexperience.engine.script.command.AbstractScriptCommand.doExecute (AbstractScriptCommand.java:173)\n    at com.nexperience.engine.script.command.ScriptCommandBase.execute (ScriptCommandBase.java:105)\n    at com.nexperience.engine.script.tcl.event.CommandTclEvent.processEvent (CommandTclEvent.java:43)\n    at com.nexperience.engine.script.tcl.event.MaseTclEvent.processEvent (MaseTclEvent.java:56)\n    at tcl.lang.Notifier.serviceEvent (Notifier.java:457)\n    at tcl.lang.Notifier.doOneEvent (Notifier.java:610)\n    at tcl.lang.Notifier.processTclEvents (Notifier.java:786)\n    at com.nexperience.engine.script.tcl.event.TclEventProcessor.start (TclEventProcessor.java:80)\n    at com.nexperience.engine.script.tcl.TclInterpreter.startEventProcessing (TclInterpreter.java:552)\n    at com.nexperience.engine.script.execution.step.StepExecutionEventProcessor.callImpl (StepExecutionEventProcessor.java:85)\n    at com.nexperience.engine.script.execution.step.StepExecutionEventProcessor.callImpl (StepExecutionEventProcessor.java:21)\n    at com.nexperience.util.thread.WrappedCallable.call (WrappedCallable.java:31)\n    at java.util.concurrent.FutureTask.run (FutureTask.java:266)\n    at java.util.concurrent.ThreadPoolExecutor.runWorker (ThreadPoolExecutor.java:1142)\n    at java.util.concurrent.ThreadPoolExecutor$Worker.run (ThreadPoolExecutor.java:617)\n    at java.lang.Thread.run (Thread.java:748)",
        "time" : {
          "start" : 1630628963985,
          "stop" : 1630629082486,
          "duration" : 118501
        }
      }, {
        "uid" : "35c4d53b9533adae",
        "status" : "broken",
        "statusDetails" : "selenium.common.exceptions.TimeoutException: Message: \nStacktrace:\n    at sun.reflect.NativeConstructorAccessorImpl.newInstance0 (NativeConstructorAccessorImpl.java:-2)\n    at sun.reflect.NativeConstructorAccessorImpl.newInstance (NativeConstructorAccessorImpl.java:62)\n    at sun.reflect.DelegatingConstructorAccessorImpl.newInstance (DelegatingConstructorAccessorImpl.java:45)\n    at java.lang.reflect.Constructor.newInstance (Constructor.java:423)\n    at org.openqa.selenium.remote.ErrorHandler.createThrowable (ErrorHandler.java:214)\n    at org.openqa.selenium.remote.ErrorHandler.throwIfResponseFailed (ErrorHandler.java:166)\n    at org.openqa.selenium.remote.http.JsonHttpResponseCodec.reconstructValue (JsonHttpResponseCodec.java:40)\n    at org.openqa.selenium.remote.http.AbstractHttpResponseCodec.decode (AbstractHttpResponseCodec.java:80)\n    at org.openqa.selenium.remote.http.AbstractHttpResponseCodec.decode (AbstractHttpResponseCodec.java:44)\n    at org.openqa.selenium.remote.HttpCommandExecutor.execute (HttpCommandExecutor.java:158)\n    at io.appium.java_client.remote.AppiumCommandExecutor.execute (AppiumCommandExecutor.java:239)\n    at org.openqa.selenium.remote.RemoteWebDriver.execute (RemoteWebDriver.java:552)\n    at io.appium.java_client.DefaultGenericMobileDriver.execute (DefaultGenericMobileDriver.java:41)\n    at io.appium.java_client.AppiumDriver.execute (AppiumDriver.java:1)\n    at io.appium.java_client.android.AndroidDriver.execute (AndroidDriver.java:1)\n    at org.openqa.selenium.remote.RemoteWebDriver.findElement (RemoteWebDriver.java:323)\n    at io.appium.java_client.DefaultGenericMobileDriver.findElement (DefaultGenericMobileDriver.java:61)\n    at io.appium.java_client.AppiumDriver.findElement (AppiumDriver.java:1)\n    at io.appium.java_client.android.AndroidDriver.findElement (AndroidDriver.java:1)\n    at org.openqa.selenium.remote.RemoteWebDriver.findElementByXPath (RemoteWebDriver.java:428)\n    at io.appium.java_client.DefaultGenericMobileDriver.findElementByXPath (DefaultGenericMobileDriver.java:151)\n    at io.appium.java_client.AppiumDriver.findElementByXPath (AppiumDriver.java:1)\n    at io.appium.java_client.android.AndroidDriver.findElementByXPath (AndroidDriver.java:1)\n    at org.openqa.selenium.By$ByXPath.findElement (By.java:353)\n    at org.openqa.selenium.remote.RemoteWebDriver.findElement (RemoteWebDriver.java:315)\n    at io.appium.java_client.DefaultGenericMobileDriver.findElement (DefaultGenericMobileDriver.java:57)\n    at io.appium.java_client.AppiumDriver.findElement (AppiumDriver.java:1)\n    at io.appium.java_client.android.AndroidDriver.findElement (AndroidDriver.java:1)\n    at com.perfectomobile.selenium.server.appium.AppiumAndroidDriverWrapper$2.call (AppiumAndroidDriverWrapper.java:78)\n    at com.nexperience.function.execute.ExecuteCallableCommand.process (ExecuteCallableCommand.java:30)\n    at com.nexperience.engine.script.command.AbstractScriptCommand.doExecute (AbstractScriptCommand.java:173)\n    at com.nexperience.engine.script.command.ScriptCommandBase.execute (ScriptCommandBase.java:105)\n    at com.nexperience.engine.script.tcl.event.CommandTclEvent.processEvent (CommandTclEvent.java:43)\n    at com.nexperience.engine.script.tcl.event.MaseTclEvent.processEvent (MaseTclEvent.java:56)\n    at tcl.lang.Notifier.serviceEvent (Notifier.java:457)\n    at tcl.lang.Notifier.doOneEvent (Notifier.java:610)\n    at tcl.lang.Notifier.processTclEvents (Notifier.java:786)\n    at com.nexperience.engine.script.tcl.event.TclEventProcessor.start (TclEventProcessor.java:80)\n    at com.nexperience.engine.script.tcl.TclInterpreter.startEventProcessing (TclInterpreter.java:552)\n    at com.nexperience.engine.script.execution.step.StepExecutionEventProcessor.callImpl (StepExecutionEventProcessor.java:85)\n    at com.nexperience.engine.script.execution.step.StepExecutionEventProcessor.callImpl (StepExecutionEventProcessor.java:21)\n    at com.nexperience.util.thread.WrappedCallable.call (WrappedCallable.java:31)\n    at java.util.concurrent.FutureTask.run (FutureTask.java:266)\n    at java.util.concurrent.ThreadPoolExecutor.runWorker (ThreadPoolExecutor.java:1142)\n    at java.util.concurrent.ThreadPoolExecutor$Worker.run (ThreadPoolExecutor.java:617)\n    at java.lang.Thread.run (Thread.java:748)",
        "time" : {
          "start" : 1630542592871,
          "stop" : 1630542760962,
          "duration" : 168091
        }
      }, {
        "uid" : "21e350eec80d00d8",
        "status" : "broken",
        "statusDetails" : "KeyError: 'ip'",
        "time" : {
          "start" : 1630369653930,
          "stop" : 1630369653930,
          "duration" : 0
        }
      }, {
        "uid" : "df4e7ee0c4657dae",
        "status" : "passed",
        "time" : {
          "start" : 1630283380419,
          "stop" : 1630283547462,
          "duration" : 167043
        }
      }, {
        "uid" : "e1459b11edfad55c",
        "status" : "passed",
        "time" : {
          "start" : 1630196999643,
          "stop" : 1630197168811,
          "duration" : 169168
        }
      }, {
        "uid" : "12fc36b4d8ad4594",
        "status" : "passed",
        "time" : {
          "start" : 1630110586018,
          "stop" : 1630110758266,
          "duration" : 172248
        }
      }, {
        "uid" : "f6d76ac241e63fc3",
        "status" : "passed",
        "time" : {
          "start" : 1629764955539,
          "stop" : 1629765090521,
          "duration" : 134982
        }
      }, {
        "uid" : "ea70630ec00b5d42",
        "status" : "broken",
        "statusDetails" : "KeyError: 'interop'",
        "time" : {
          "start" : 1629678409496,
          "stop" : 1629678409496,
          "duration" : 0
        }
      }, {
        "uid" : "b4c3aad0a1882c71",
        "status" : "broken",
        "statusDetails" : "KeyError: 'interop'",
        "time" : {
          "start" : 1629649164526,
          "stop" : 1629649164526,
          "duration" : 0
        }
      }, {
        "uid" : "feea46adef598ddf",
        "status" : "passed",
        "time" : {
          "start" : 1629592154927,
          "stop" : 1629592320387,
          "duration" : 165460
        }
      }, {
        "uid" : "e9509989135fab1c",
        "status" : "passed",
        "time" : {
          "start" : 1629505653875,
          "stop" : 1629505821029,
          "duration" : 167154
        }
      }, {
        "uid" : "716d232f73fef41b",
        "status" : "skipped",
        "statusDetails" : "XFAIL reason: SSID NOT AVAILABLE IN VIF STATE\n\n_pytest.outcomes.XFailed: SSID NOT AVAILABLE IN VIF STATE",
        "time" : {
          "start" : 1629419679452,
          "stop" : 1629419679452,
          "duration" : 0
        }
      }, {
        "uid" : "7f9cd6bf7553ee6a",
        "status" : "passed",
        "time" : {
          "start" : 1629332887470,
          "stop" : 1629333053261,
          "duration" : 165791
        }
      }, {
        "uid" : "17f05569c0eab674",
        "status" : "passed",
        "time" : {
          "start" : 1629160061799,
          "stop" : 1629160233686,
          "duration" : 171887
        }
      }, {
        "uid" : "eba20001e707bc33",
        "status" : "passed",
        "time" : {
          "start" : 1629073620803,
          "stop" : 1629073784552,
          "duration" : 163749
        }
      }, {
        "uid" : "f99f5dfcb306d7c8",
        "status" : "passed",
        "time" : {
          "start" : 1628987252573,
          "stop" : 1628987415783,
          "duration" : 163210
        }
      }, {
        "uid" : "1d894a9609e78cc9",
        "status" : "broken",
        "statusDetails" : "selenium.common.exceptions.WebDriverException: Message: Failed to obtain device with options 'MobileDeviceFindOptions [_os=android, _osVersion=latest, _manufacturer=null, _model=Galaxy S20, _appName=null, _appVersion=null, _resolution=null, _network=null, _location=null, _automationInfrastructure=null, _description=null, _deviceType=null, _deviceCapabilities=[_fingerPrint=null, _motionInjection=null, _faceID=null, _imageInjection=null, _voiceAssistantInjection=null, _forceTouch=null, _setLocation=null, _reboot=null], _operabilityScore=null]'. Message: Failed to execute command handset obtain: No device was found\nBuild info: version: '3.141.59', revision: 'e82be7d358', time: '2018-11-14T08:17:03'\nDriver info: driver.version: PerfectoMobileDriver\nStacktrace:\n    at com.perfectomobile.selenium.MobileDriver.obtainDevice (MobileDriver.java:493)\n    at com.perfectomobile.selenium.server.PerfectoMobileDriver.openOrShareDevice (PerfectoMobileDriver.java:701)\n    at com.perfectomobile.selenium.server.PerfectoMobileDriver.<init> (PerfectoMobileDriver.java:126)\n    at sun.reflect.NativeConstructorAccessorImpl.newInstance0 (NativeConstructorAccessorImpl.java:-2)\n    at sun.reflect.NativeConstructorAccessorImpl.newInstance (NativeConstructorAccessorImpl.java:62)\n    at sun.reflect.DelegatingConstructorAccessorImpl.newInstance (DelegatingConstructorAccessorImpl.java:45)\n    at java.lang.reflect.Constructor.newInstance (Constructor.java:423)\n    at org.openqa.selenium.remote.server.DefaultDriverProvider.callConstructor (DefaultDriverProvider.java:90)\n    at org.openqa.selenium.remote.server.DefaultDriverProvider.newInstance (DefaultDriverProvider.java:84)\n    at org.openqa.selenium.remote.server.PerfectoMobileSession$Factory.apply (PerfectoMobileSession.java:130)\n    at org.openqa.selenium.remote.server.PerfectoMobileActiveSessionFactory.lambda$apply$3 (PerfectoMobileActiveSessionFactory.java:117)\n    at java.util.stream.ReferencePipeline$3$1.accept (ReferencePipeline.java:193)\n    at java.util.stream.ReferencePipeline$11$1.accept (ReferencePipeline.java:373)\n    at java.util.stream.ReferencePipeline$2$1.accept (ReferencePipeline.java:175)\n    at java.util.Spliterators$ArraySpliterator.tryAdvance (Spliterators.java:958)\n    at java.util.stream.ReferencePipeline.forEachWithCancel (ReferencePipeline.java:126)\n    at java.util.stream.AbstractPipeline.copyIntoWithCancel (AbstractPipeline.java:498)\n    at java.util.stream.AbstractPipeline.copyInto (AbstractPipeline.java:485)\n    at java.util.stream.AbstractPipeline.wrapAndCopyInto (AbstractPipeline.java:471)\n    at java.util.stream.FindOps$FindOp.evaluateSequential (FindOps.java:152)\n    at java.util.stream.AbstractPipeline.evaluate (AbstractPipeline.java:234)\n    at java.util.stream.ReferencePipeline.findFirst (ReferencePipeline.java:464)\n    at org.openqa.selenium.remote.server.PerfectoMobileActiveSessionFactory.apply (PerfectoMobileActiveSessionFactory.java:120)\n    at org.openqa.selenium.remote.server.NewSessionPipeline.lambda$null$2 (NewSessionPipeline.java:66)\n    at java.util.stream.ReferencePipeline$3$1.accept (ReferencePipeline.java:193)\n    at java.util.stream.ReferencePipeline$2$1.accept (ReferencePipeline.java:175)\n    at java.util.Collections$2.tryAdvance (Collections.java:4717)\n    at java.util.stream.ReferencePipeline.forEachWithCancel (ReferencePipeline.java:126)\n    at java.util.stream.AbstractPipeline.copyIntoWithCancel (AbstractPipeline.java:498)\n    at java.util.stream.AbstractPipeline.copyInto (AbstractPipeline.java:485)\n    at java.util.stream.AbstractPipeline.wrapAndCopyInto (AbstractPipeline.java:471)\n    at java.util.stream.FindOps$FindOp.evaluateSequential (FindOps.java:152)\n    at java.util.stream.AbstractPipeline.evaluate (AbstractPipeline.java:234)\n    at java.util.stream.ReferencePipeline.findFirst (ReferencePipeline.java:464)\n    at org.openqa.selenium.remote.server.NewSessionPipeline.lambda$createNewSession$3 (NewSessionPipeline.java:69)\n    at java.util.stream.ReferencePipeline$3$1.accept (ReferencePipeline.java:193)\n    at java.util.stream.ReferencePipeline$3$1.accept (ReferencePipeline.java:193)\n    at java.util.stream.ReferencePipeline$3$1.accept (ReferencePipeline.java:193)\n    at java.util.stream.DistinctOps$1$2.accept (DistinctOps.java:175)\n    at java.util.stream.ReferencePipeline$2$1.accept (ReferencePipeline.java:175)\n    at java.util.stream.ReferencePipeline$3$1.accept (ReferencePipeline.java:193)\n    at java.util.stream.ReferencePipeline$2$1.accept (ReferencePipeline.java:175)\n    at java.util.stream.Streams$StreamBuilderImpl.tryAdvance (Streams.java:405)\n    at java.util.stream.Streams$ConcatSpliterator.tryAdvance (Streams.java:728)\n    at java.util.stream.ReferencePipeline.forEachWithCancel (ReferencePipeline.java:126)\n    at java.util.stream.AbstractPipeline.copyIntoWithCancel (AbstractPipeline.java:498)\n    at java.util.stream.AbstractPipeline.copyInto (AbstractPipeline.java:485)\n    at java.util.stream.AbstractPipeline.wrapAndCopyInto (AbstractPipeline.java:471)\n    at java.util.stream.FindOps$FindOp.evaluateSequential (FindOps.java:152)\n    at java.util.stream.AbstractPipeline.evaluate (AbstractPipeline.java:234)\n    at java.util.stream.ReferencePipeline.findFirst (ReferencePipeline.java:464)\n    at org.openqa.selenium.remote.server.NewSessionPipeline.createNewSession (NewSessionPipeline.java:72)\n    at org.openqa.selenium.remote.server.commandhandler.BeginSession.execute (BeginSession.java:65)\n    at org.openqa.selenium.remote.server.MobileWebDriverServlet.lambda$handle$2 (MobileWebDriverServlet.java:294)\n    at java.util.concurrent.Executors$RunnableAdapter.call (Executors.java:511)\n    at java.util.concurrent.FutureTask.run (FutureTask.java:266)\n    at java.util.concurrent.ThreadPoolExecutor.runWorker (ThreadPoolExecutor.java:1142)\n    at java.util.concurrent.ThreadPoolExecutor$Worker.run (ThreadPoolExecutor.java:617)\n    at java.lang.Thread.run (Thread.java:748)",
        "time" : {
          "start" : 1628900710497,
          "stop" : 1628900710497,
          "duration" : 0
        }
      } ]
    },
    "tags" : [ "@pytest.mark.usefixtures('setup_profiles')", "AccessPointConnection", "android", "interop", "interop_and", "sanity", "wpa2_personal", "fiveg" ]
  },
  "source" : "3021e61c37859455.json",
  "parameterValues" : [ "{'mode': 'NAT', 'ssid_modes': {'open': [{'ssid_name': 'ssid_open_2g', 'appliedRadios': ['2G'], 'security': 'none'}, {'ssid_name': 'ssid_open_5g', 'appliedRadios': ['5G'], 'security': 'none'}], 'wpa': [{'ssid_name': 'ssid_wpa_2g', 'appliedRadios': ['2G'], 'security_key': 'something', 'security': 'psk'}, {'ssid_name': 'ssid_wpa_5g', 'appliedRadios': ['5G'], 'security_key': 'something', 'security': 'psk'}], 'wpa2_personal': [{'ssid_name': 'ssid_wpa2_2g', 'appliedRadios': ['2G'], 'security_key': 'something', 'security': 'psk2'}, {'ssid_name': 'ssid_wpa2_5g', 'appliedRadios': ['5G'], 'security_key': 'something', 'security': 'psk2'}]}, 'rf': {}, 'radius': False}" ]
}